[0.120s] DEBUG:colcon:Command line arguments: ['/usr/bin/colcon', 'build']
[0.120s] DEBUG:colcon:Parsed command line arguments: Namespace(log_base=None, log_level=None, verb_name='build', build_base='build', install_base='install', merge_install=False, symlink_install=False, test_result_base=None, continue_on_error=False, executor='parallel', parallel_workers=4, event_handlers=None, ignore_user_meta=False, metas=['./colcon.meta'], base_paths=['.'], packages_ignore=None, packages_ignore_regex=None, paths=None, packages_up_to=None, packages_up_to_regex=None, packages_above=None, packages_above_and_dependencies=None, packages_above_depth=None, packages_select_by_dep=None, packages_skip_by_dep=None, packages_skip_up_to=None, packages_select_build_failed=False, packages_skip_build_finished=False, packages_select_test_failures=False, packages_skip_test_passed=False, packages_select=None, packages_skip=None, packages_select_regex=None, packages_skip_regex=None, packages_start=None, packages_end=None, allow_overriding=[], cmake_args=None, cmake_target=None, cmake_target_skip_unavailable=False, cmake_clean_cache=False, cmake_clean_first=False, cmake_force_configure=False, ament_cmake_args=None, catkin_cmake_args=None, catkin_skip_building_tests=False, verb_parser=<colcon_defaults.argument_parser.defaults.DefaultArgumentsDecorator object at 0x7338f261c040>, verb_extension=<colcon_core.verb.build.BuildVerb object at 0x7338f2740c10>, main=<bound method BuildVerb.main of <colcon_core.verb.build.BuildVerb object at 0x7338f2740c10>>)
[0.310s] Level 1:colcon.colcon_core.package_discovery:discover_packages(colcon_meta) check parameters
[0.310s] Level 1:colcon.colcon_core.package_discovery:discover_packages(recursive) check parameters
[0.310s] Level 1:colcon.colcon_core.package_discovery:discover_packages(ignore) check parameters
[0.310s] Level 1:colcon.colcon_core.package_discovery:discover_packages(path) check parameters
[0.310s] Level 1:colcon.colcon_core.package_discovery:discover_packages(colcon_meta) discover
[0.310s] Level 1:colcon.colcon_core.package_discovery:discover_packages(recursive) discover
[0.310s] INFO:colcon.colcon_core.package_discovery:Crawling recursively for packages in '/home/lunabotics/LunaboticsBurm/src/teleop_input'
[0.310s] Level 1:colcon.colcon_core.package_identification:_identify(.) by extensions ['ignore', 'ignore_ament_install']
[0.310s] Level 1:colcon.colcon_core.package_identification:_identify(.) by extension 'ignore'
[0.311s] Level 1:colcon.colcon_core.package_identification:_identify(.) by extension 'ignore_ament_install'
[0.311s] Level 1:colcon.colcon_core.package_identification:_identify(.) by extensions ['colcon_pkg']
[0.311s] Level 1:colcon.colcon_core.package_identification:_identify(.) by extension 'colcon_pkg'
[0.311s] Level 1:colcon.colcon_core.package_identification:_identify(.) by extensions ['colcon_meta']
[0.311s] Level 1:colcon.colcon_core.package_identification:_identify(.) by extension 'colcon_meta'
[0.311s] Level 1:colcon.colcon_core.package_identification:_identify(.) by extensions ['ros']
[0.311s] Level 1:colcon.colcon_core.package_identification:_identify(.) by extension 'ros'
[0.326s] DEBUG:colcon.colcon_core.package_identification:Package '.' with type 'ros.ament_python' and name 'teleop_input'
[0.326s] Level 1:colcon.colcon_core.package_discovery:discover_packages(recursive) using defaults
[0.326s] Level 1:colcon.colcon_core.package_discovery:discover_packages(ignore) discover
[0.326s] Level 1:colcon.colcon_core.package_discovery:discover_packages(ignore) using defaults
[0.326s] Level 1:colcon.colcon_core.package_discovery:discover_packages(path) discover
[0.327s] Level 1:colcon.colcon_core.package_discovery:discover_packages(path) using defaults
[0.348s] Level 1:colcon.colcon_core.package_discovery:discover_packages(prefix_path) check parameters
[0.348s] Level 1:colcon.colcon_core.package_discovery:discover_packages(prefix_path) discover
[0.350s] DEBUG:colcon.colcon_installed_package_information.package_discovery:Found 3 installed packages in /home/lunabotics/LunaboticsBurm/install
[0.352s] DEBUG:colcon.colcon_installed_package_information.package_discovery:Found 270 installed packages in /opt/ros/humble
[0.365s] Level 1:colcon.colcon_core.package_discovery:discover_packages(prefix_path) using defaults
[0.411s] Level 5:colcon.colcon_core.verb:set package 'teleop_input' build argument 'cmake_args' from command line to 'None'
[0.411s] Level 5:colcon.colcon_core.verb:set package 'teleop_input' build argument 'cmake_target' from command line to 'None'
[0.411s] Level 5:colcon.colcon_core.verb:set package 'teleop_input' build argument 'cmake_target_skip_unavailable' from command line to 'False'
[0.411s] Level 5:colcon.colcon_core.verb:set package 'teleop_input' build argument 'cmake_clean_cache' from command line to 'False'
[0.411s] Level 5:colcon.colcon_core.verb:set package 'teleop_input' build argument 'cmake_clean_first' from command line to 'False'
[0.411s] Level 5:colcon.colcon_core.verb:set package 'teleop_input' build argument 'cmake_force_configure' from command line to 'False'
[0.411s] Level 5:colcon.colcon_core.verb:set package 'teleop_input' build argument 'ament_cmake_args' from command line to 'None'
[0.411s] Level 5:colcon.colcon_core.verb:set package 'teleop_input' build argument 'catkin_cmake_args' from command line to 'None'
[0.411s] Level 5:colcon.colcon_core.verb:set package 'teleop_input' build argument 'catkin_skip_building_tests' from command line to 'False'
[0.411s] DEBUG:colcon.colcon_core.verb:Building package 'teleop_input' with the following arguments: {'ament_cmake_args': None, 'build_base': '/home/lunabotics/LunaboticsBurm/src/teleop_input/build/teleop_input', 'catkin_cmake_args': None, 'catkin_skip_building_tests': False, 'cmake_args': None, 'cmake_clean_cache': False, 'cmake_clean_first': False, 'cmake_force_configure': False, 'cmake_target': None, 'cmake_target_skip_unavailable': False, 'install_base': '/home/lunabotics/LunaboticsBurm/src/teleop_input/install/teleop_input', 'merge_install': False, 'path': '/home/lunabotics/LunaboticsBurm/src/teleop_input', 'symlink_install': False, 'test_result_base': None}
[0.411s] INFO:colcon.colcon_core.executor:Executing jobs using 'parallel' executor
[0.412s] DEBUG:colcon.colcon_parallel_executor.executor.parallel:run_until_complete
[0.412s] INFO:colcon.colcon_ros.task.ament_python.build:Building ROS package in '/home/lunabotics/LunaboticsBurm/src/teleop_input' with build type 'ament_python'
[0.413s] Level 1:colcon.colcon_core.shell:create_environment_hook('teleop_input', 'ament_prefix_path')
[0.415s] INFO:colcon.colcon_core.plugin_system:Skipping extension 'colcon_core.shell.bat': Not used on non-Windows systems
[0.415s] INFO:colcon.colcon_core.shell:Creating environment hook '/home/lunabotics/LunaboticsBurm/src/teleop_input/install/teleop_input/share/teleop_input/hook/ament_prefix_path.ps1'
[0.416s] INFO:colcon.colcon_core.shell:Creating environment descriptor '/home/lunabotics/LunaboticsBurm/src/teleop_input/install/teleop_input/share/teleop_input/hook/ament_prefix_path.dsv'
[0.416s] INFO:colcon.colcon_core.shell:Creating environment hook '/home/lunabotics/LunaboticsBurm/src/teleop_input/install/teleop_input/share/teleop_input/hook/ament_prefix_path.sh'
[0.417s] INFO:colcon.colcon_core.shell:Skip shell extension 'powershell' for command environment: Not usable outside of PowerShell
[0.417s] DEBUG:colcon.colcon_core.shell:Skip shell extension 'dsv' for command environment
[0.721s] INFO:colcon.colcon_core.task.python.build:Building Python package in '/home/lunabotics/LunaboticsBurm/src/teleop_input'
[0.722s] INFO:colcon.colcon_core.shell:Skip shell extension 'powershell' for command environment: Not usable outside of PowerShell
[0.722s] DEBUG:colcon.colcon_core.shell:Skip shell extension 'dsv' for command environment
[1.146s] DEBUG:colcon.colcon_core.event_handler.log_command:Invoking command in '/home/lunabotics/LunaboticsBurm/src/teleop_input': PYTHONPATH=/home/lunabotics/LunaboticsBurm/src/teleop_input/build/teleop_input/prefix_override:/home/lunabotics/LunaboticsBurm/src/teleop_input/install/teleop_input/lib/python3.10/site-packages:${PYTHONPATH} /usr/bin/python3 -W ignore:setup.py install is deprecated setup.py egg_info --egg-base build/teleop_input build --build-base /home/lunabotics/LunaboticsBurm/src/teleop_input/build/teleop_input/build install --record /home/lunabotics/LunaboticsBurm/src/teleop_input/build/teleop_input/install.log --single-version-externally-managed install_data
[1.501s] DEBUG:colcon.colcon_core.event_handler.log_command:Invoked command in '/home/lunabotics/LunaboticsBurm/src/teleop_input' returned '0': PYTHONPATH=/home/lunabotics/LunaboticsBurm/src/teleop_input/build/teleop_input/prefix_override:/home/lunabotics/LunaboticsBurm/src/teleop_input/install/teleop_input/lib/python3.10/site-packages:${PYTHONPATH} /usr/bin/python3 -W ignore:setup.py install is deprecated setup.py egg_info --egg-base build/teleop_input build --build-base /home/lunabotics/LunaboticsBurm/src/teleop_input/build/teleop_input/build install --record /home/lunabotics/LunaboticsBurm/src/teleop_input/build/teleop_input/install.log --single-version-externally-managed install_data
[1.504s] Level 1:colcon.colcon_core.environment:checking '/home/lunabotics/LunaboticsBurm/src/teleop_input/install/teleop_input' for CMake module files
[1.505s] Level 1:colcon.colcon_core.environment:checking '/home/lunabotics/LunaboticsBurm/src/teleop_input/install/teleop_input' for CMake config files
[1.507s] Level 1:colcon.colcon_core.environment:checking '/home/lunabotics/LunaboticsBurm/src/teleop_input/install/teleop_input/lib'
[1.507s] Level 1:colcon.colcon_core.environment:checking '/home/lunabotics/LunaboticsBurm/src/teleop_input/install/teleop_input/bin'
[1.507s] Level 1:colcon.colcon_core.environment:checking '/home/lunabotics/LunaboticsBurm/src/teleop_input/install/teleop_input/lib/pkgconfig/teleop_input.pc'
[1.507s] Level 1:colcon.colcon_core.environment:checking '/home/lunabotics/LunaboticsBurm/src/teleop_input/install/teleop_input/lib/python3.10/site-packages'
[1.507s] Level 1:colcon.colcon_core.shell:create_environment_hook('teleop_input', 'pythonpath')
[1.508s] INFO:colcon.colcon_core.shell:Creating environment hook '/home/lunabotics/LunaboticsBurm/src/teleop_input/install/teleop_input/share/teleop_input/hook/pythonpath.ps1'
[1.508s] INFO:colcon.colcon_core.shell:Creating environment descriptor '/home/lunabotics/LunaboticsBurm/src/teleop_input/install/teleop_input/share/teleop_input/hook/pythonpath.dsv'
[1.509s] INFO:colcon.colcon_core.shell:Creating environment hook '/home/lunabotics/LunaboticsBurm/src/teleop_input/install/teleop_input/share/teleop_input/hook/pythonpath.sh'
[1.509s] Level 1:colcon.colcon_core.environment:checking '/home/lunabotics/LunaboticsBurm/src/teleop_input/install/teleop_input/bin'
[1.509s] Level 1:colcon.colcon_core.environment:create_environment_scripts_only(teleop_input)
[1.510s] INFO:colcon.colcon_core.shell:Creating package script '/home/lunabotics/LunaboticsBurm/src/teleop_input/install/teleop_input/share/teleop_input/package.ps1'
[1.511s] INFO:colcon.colcon_core.shell:Creating package descriptor '/home/lunabotics/LunaboticsBurm/src/teleop_input/install/teleop_input/share/teleop_input/package.dsv'
[1.511s] INFO:colcon.colcon_core.shell:Creating package script '/home/lunabotics/LunaboticsBurm/src/teleop_input/install/teleop_input/share/teleop_input/package.sh'
[1.512s] INFO:colcon.colcon_core.shell:Creating package script '/home/lunabotics/LunaboticsBurm/src/teleop_input/install/teleop_input/share/teleop_input/package.bash'
[1.513s] INFO:colcon.colcon_core.shell:Creating package script '/home/lunabotics/LunaboticsBurm/src/teleop_input/install/teleop_input/share/teleop_input/package.zsh'
[1.513s] Level 1:colcon.colcon_core.environment:create_file_with_runtime_dependencies(/home/lunabotics/LunaboticsBurm/src/teleop_input/install/teleop_input/share/colcon-core/packages/teleop_input)
[1.514s] DEBUG:colcon.colcon_parallel_executor.executor.parallel:closing loop
[1.514s] DEBUG:colcon.colcon_parallel_executor.executor.parallel:loop closed
[1.514s] DEBUG:colcon.colcon_parallel_executor.executor.parallel:run_until_complete finished with '0'
[1.514s] DEBUG:colcon.colcon_core.event_reactor:joining thread
[1.522s] INFO:colcon.colcon_core.plugin_system:Skipping extension 'colcon_notification.desktop_notification.terminal_notifier': Not used on non-Darwin systems
[1.522s] INFO:colcon.colcon_core.plugin_system:Skipping extension 'colcon_notification.desktop_notification.win32': Not used on non-Windows systems
[1.522s] INFO:colcon.colcon_notification.desktop_notification:Sending desktop notification using 'notify2'
[1.535s] DEBUG:colcon.colcon_core.event_reactor:joined thread
[1.536s] INFO:colcon.colcon_core.shell:Creating prefix script '/home/lunabotics/LunaboticsBurm/src/teleop_input/install/local_setup.ps1'
[1.537s] INFO:colcon.colcon_core.shell:Creating prefix util module '/home/lunabotics/LunaboticsBurm/src/teleop_input/install/_local_setup_util_ps1.py'
[1.540s] INFO:colcon.colcon_core.shell:Creating prefix chain script '/home/lunabotics/LunaboticsBurm/src/teleop_input/install/setup.ps1'
[1.541s] INFO:colcon.colcon_core.shell:Creating prefix script '/home/lunabotics/LunaboticsBurm/src/teleop_input/install/local_setup.sh'
[1.542s] INFO:colcon.colcon_core.shell:Creating prefix util module '/home/lunabotics/LunaboticsBurm/src/teleop_input/install/_local_setup_util_sh.py'
[1.543s] INFO:colcon.colcon_core.shell:Creating prefix chain script '/home/lunabotics/LunaboticsBurm/src/teleop_input/install/setup.sh'
[1.544s] INFO:colcon.colcon_core.shell:Creating prefix script '/home/lunabotics/LunaboticsBurm/src/teleop_input/install/local_setup.bash'
[1.545s] INFO:colcon.colcon_core.shell:Creating prefix chain script '/home/lunabotics/LunaboticsBurm/src/teleop_input/install/setup.bash'
[1.546s] INFO:colcon.colcon_core.shell:Creating prefix script '/home/lunabotics/LunaboticsBurm/src/teleop_input/install/local_setup.zsh'
[1.546s] INFO:colcon.colcon_core.shell:Creating prefix chain script '/home/lunabotics/LunaboticsBurm/src/teleop_input/install/setup.zsh'
