[0.062s] DEBUG:colcon:Command line arguments: ['/usr/bin/colcon', 'list', '-p', '--base-paths', '/media/jake_161/no_mans_land/GitRepos/LunaboticsBurm']
[0.063s] DEBUG:colcon:Parsed command line arguments: Namespace(log_base=None, log_level=None, verb_name='list', build_base='build', ignore_user_meta=False, metas=['./colcon.meta'], base_paths=['/media/jake_161/no_mans_land/GitRepos/LunaboticsBurm'], packages_ignore=None, packages_ignore_regex=None, paths=None, packages_up_to=None, packages_up_to_regex=None, packages_above=None, packages_above_and_dependencies=None, packages_above_depth=None, packages_select_by_dep=None, packages_skip_by_dep=None, packages_skip_up_to=None, packages_select_build_failed=False, packages_skip_build_finished=False, packages_select_test_failures=False, packages_skip_test_passed=False, packages_select=None, packages_skip=None, packages_select_regex=None, packages_skip_regex=None, packages_start=None, packages_end=None, allow_overriding=[], topological_order=False, names_only=False, paths_only=True, topological_graph=False, topological_graph_dot=False, topological_graph_density=False, topological_graph_legend=False, topological_graph_dot_cluster=False, topological_graph_dot_include_skipped=False, verb_parser=<colcon_defaults.argument_parser.defaults.DefaultArgumentsDecorator object at 0x7a594e252320>, verb_extension=<colcon_package_information.verb.list.ListVerb object at 0x7a594e2514e0>, main=<bound method ListVerb.main of <colcon_package_information.verb.list.ListVerb object at 0x7a594e2514e0>>)
[0.174s] Level 1:colcon.colcon_core.package_discovery:discover_packages(colcon_meta) check parameters
[0.175s] Level 1:colcon.colcon_core.package_discovery:discover_packages(recursive) check parameters
[0.175s] Level 1:colcon.colcon_core.package_discovery:discover_packages(ignore) check parameters
[0.175s] Level 1:colcon.colcon_core.package_discovery:discover_packages(path) check parameters
[0.175s] Level 1:colcon.colcon_core.package_discovery:discover_packages(recursive) discover
[0.175s] INFO:colcon.colcon_core.package_discovery:Crawling recursively for packages in '/media/jake_161/no_mans_land/GitRepos/LunaboticsBurm'
[0.175s] Level 1:colcon.colcon_core.package_identification:_identify(/media/jake_161/no_mans_land/GitRepos/LunaboticsBurm) by extensions ['ignore', 'ignore_ament_install']
[0.175s] Level 1:colcon.colcon_core.package_identification:_identify(/media/jake_161/no_mans_land/GitRepos/LunaboticsBurm) by extension 'ignore'
[0.175s] Level 1:colcon.colcon_core.package_identification:_identify(/media/jake_161/no_mans_land/GitRepos/LunaboticsBurm) by extension 'ignore_ament_install'
[0.175s] Level 1:colcon.colcon_core.package_identification:_identify(/media/jake_161/no_mans_land/GitRepos/LunaboticsBurm) by extensions ['colcon_pkg']
[0.175s] Level 1:colcon.colcon_core.package_identification:_identify(/media/jake_161/no_mans_land/GitRepos/LunaboticsBurm) by extension 'colcon_pkg'
[0.175s] Level 1:colcon.colcon_core.package_identification:_identify(/media/jake_161/no_mans_land/GitRepos/LunaboticsBurm) by extensions ['colcon_meta']
[0.176s] Level 1:colcon.colcon_core.package_identification:_identify(/media/jake_161/no_mans_land/GitRepos/LunaboticsBurm) by extension 'colcon_meta'
[0.176s] Level 1:colcon.colcon_core.package_identification:_identify(/media/jake_161/no_mans_land/GitRepos/LunaboticsBurm) by extensions ['ros']
[0.176s] Level 1:colcon.colcon_core.package_identification:_identify(/media/jake_161/no_mans_land/GitRepos/LunaboticsBurm) by extension 'ros'
[0.183s] Level 1:colcon.colcon_core.package_identification:_identify(/media/jake_161/no_mans_land/GitRepos/LunaboticsBurm) by extensions ['cmake', 'python']
[0.183s] Level 1:colcon.colcon_core.package_identification:_identify(/media/jake_161/no_mans_land/GitRepos/LunaboticsBurm) by extension 'cmake'
[0.183s] Level 1:colcon.colcon_core.package_identification:_identify(/media/jake_161/no_mans_land/GitRepos/LunaboticsBurm) by extension 'python'
[0.184s] Level 1:colcon.colcon_core.package_identification:_identify(/media/jake_161/no_mans_land/GitRepos/LunaboticsBurm) by extensions ['python_setup_py']
[0.184s] Level 1:colcon.colcon_core.package_identification:_identify(/media/jake_161/no_mans_land/GitRepos/LunaboticsBurm) by extension 'python_setup_py'
[0.184s] Level 1:colcon.colcon_core.package_identification:_identify(/media/jake_161/no_mans_land/GitRepos/LunaboticsBurm/launch) by extensions ['ignore', 'ignore_ament_install']
[0.184s] Level 1:colcon.colcon_core.package_identification:_identify(/media/jake_161/no_mans_land/GitRepos/LunaboticsBurm/launch) by extension 'ignore'
[0.184s] Level 1:colcon.colcon_core.package_identification:_identify(/media/jake_161/no_mans_land/GitRepos/LunaboticsBurm/launch) by extension 'ignore_ament_install'
[0.184s] Level 1:colcon.colcon_core.package_identification:_identify(/media/jake_161/no_mans_land/GitRepos/LunaboticsBurm/launch) by extensions ['colcon_pkg']
[0.184s] Level 1:colcon.colcon_core.package_identification:_identify(/media/jake_161/no_mans_land/GitRepos/LunaboticsBurm/launch) by extension 'colcon_pkg'
[0.184s] Level 1:colcon.colcon_core.package_identification:_identify(/media/jake_161/no_mans_land/GitRepos/LunaboticsBurm/launch) by extensions ['colcon_meta']
[0.184s] Level 1:colcon.colcon_core.package_identification:_identify(/media/jake_161/no_mans_land/GitRepos/LunaboticsBurm/launch) by extension 'colcon_meta'
[0.184s] Level 1:colcon.colcon_core.package_identification:_identify(/media/jake_161/no_mans_land/GitRepos/LunaboticsBurm/launch) by extensions ['ros']
[0.184s] Level 1:colcon.colcon_core.package_identification:_identify(/media/jake_161/no_mans_land/GitRepos/LunaboticsBurm/launch) by extension 'ros'
[0.184s] Level 1:colcon.colcon_core.package_identification:_identify(/media/jake_161/no_mans_land/GitRepos/LunaboticsBurm/launch) by extensions ['cmake', 'python']
[0.184s] Level 1:colcon.colcon_core.package_identification:_identify(/media/jake_161/no_mans_land/GitRepos/LunaboticsBurm/launch) by extension 'cmake'
[0.184s] Level 1:colcon.colcon_core.package_identification:_identify(/media/jake_161/no_mans_land/GitRepos/LunaboticsBurm/launch) by extension 'python'
[0.184s] Level 1:colcon.colcon_core.package_identification:_identify(/media/jake_161/no_mans_land/GitRepos/LunaboticsBurm/launch) by extensions ['python_setup_py']
[0.184s] Level 1:colcon.colcon_core.package_identification:_identify(/media/jake_161/no_mans_land/GitRepos/LunaboticsBurm/launch) by extension 'python_setup_py'
[0.185s] Level 1:colcon.colcon_core.package_identification:_identify(/media/jake_161/no_mans_land/GitRepos/LunaboticsBurm/log) by extensions ['ignore', 'ignore_ament_install']
[0.185s] Level 1:colcon.colcon_core.package_identification:_identify(/media/jake_161/no_mans_land/GitRepos/LunaboticsBurm/log) by extension 'ignore'
[0.185s] Level 1:colcon.colcon_core.package_identification:_identify(/media/jake_161/no_mans_land/GitRepos/LunaboticsBurm/log) ignored
[0.185s] Level 1:colcon.colcon_core.package_identification:_identify(/media/jake_161/no_mans_land/GitRepos/LunaboticsBurm/src) by extensions ['ignore', 'ignore_ament_install']
[0.185s] Level 1:colcon.colcon_core.package_identification:_identify(/media/jake_161/no_mans_land/GitRepos/LunaboticsBurm/src) by extension 'ignore'
[0.185s] Level 1:colcon.colcon_core.package_identification:_identify(/media/jake_161/no_mans_land/GitRepos/LunaboticsBurm/src) by extension 'ignore_ament_install'
[0.185s] Level 1:colcon.colcon_core.package_identification:_identify(/media/jake_161/no_mans_land/GitRepos/LunaboticsBurm/src) by extensions ['colcon_pkg']
[0.185s] Level 1:colcon.colcon_core.package_identification:_identify(/media/jake_161/no_mans_land/GitRepos/LunaboticsBurm/src) by extension 'colcon_pkg'
[0.185s] Level 1:colcon.colcon_core.package_identification:_identify(/media/jake_161/no_mans_land/GitRepos/LunaboticsBurm/src) by extensions ['colcon_meta']
[0.185s] Level 1:colcon.colcon_core.package_identification:_identify(/media/jake_161/no_mans_land/GitRepos/LunaboticsBurm/src) by extension 'colcon_meta'
[0.185s] Level 1:colcon.colcon_core.package_identification:_identify(/media/jake_161/no_mans_land/GitRepos/LunaboticsBurm/src) by extensions ['ros']
[0.185s] Level 1:colcon.colcon_core.package_identification:_identify(/media/jake_161/no_mans_land/GitRepos/LunaboticsBurm/src) by extension 'ros'
[0.185s] Level 1:colcon.colcon_core.package_identification:_identify(/media/jake_161/no_mans_land/GitRepos/LunaboticsBurm/src) by extensions ['cmake', 'python']
[0.185s] Level 1:colcon.colcon_core.package_identification:_identify(/media/jake_161/no_mans_land/GitRepos/LunaboticsBurm/src) by extension 'cmake'
[0.185s] Level 1:colcon.colcon_core.package_identification:_identify(/media/jake_161/no_mans_land/GitRepos/LunaboticsBurm/src) by extension 'python'
[0.185s] Level 1:colcon.colcon_core.package_identification:_identify(/media/jake_161/no_mans_land/GitRepos/LunaboticsBurm/src) by extensions ['python_setup_py']
[0.186s] Level 1:colcon.colcon_core.package_identification:_identify(/media/jake_161/no_mans_land/GitRepos/LunaboticsBurm/src) by extension 'python_setup_py'
[0.186s] Level 1:colcon.colcon_core.package_identification:_identify(/media/jake_161/no_mans_land/GitRepos/LunaboticsBurm/src/arduino_serial_package) by extensions ['ignore', 'ignore_ament_install']
[0.186s] Level 1:colcon.colcon_core.package_identification:_identify(/media/jake_161/no_mans_land/GitRepos/LunaboticsBurm/src/arduino_serial_package) by extension 'ignore'
[0.186s] Level 1:colcon.colcon_core.package_identification:_identify(/media/jake_161/no_mans_land/GitRepos/LunaboticsBurm/src/arduino_serial_package) by extension 'ignore_ament_install'
[0.186s] Level 1:colcon.colcon_core.package_identification:_identify(/media/jake_161/no_mans_land/GitRepos/LunaboticsBurm/src/arduino_serial_package) by extensions ['colcon_pkg']
[0.186s] Level 1:colcon.colcon_core.package_identification:_identify(/media/jake_161/no_mans_land/GitRepos/LunaboticsBurm/src/arduino_serial_package) by extension 'colcon_pkg'
[0.186s] Level 1:colcon.colcon_core.package_identification:_identify(/media/jake_161/no_mans_land/GitRepos/LunaboticsBurm/src/arduino_serial_package) by extensions ['colcon_meta']
[0.186s] Level 1:colcon.colcon_core.package_identification:_identify(/media/jake_161/no_mans_land/GitRepos/LunaboticsBurm/src/arduino_serial_package) by extension 'colcon_meta'
[0.186s] Level 1:colcon.colcon_core.package_identification:_identify(/media/jake_161/no_mans_land/GitRepos/LunaboticsBurm/src/arduino_serial_package) by extensions ['ros']
[0.186s] Level 1:colcon.colcon_core.package_identification:_identify(/media/jake_161/no_mans_land/GitRepos/LunaboticsBurm/src/arduino_serial_package) by extension 'ros'
[0.188s] DEBUG:colcon.colcon_core.package_identification:Package '/media/jake_161/no_mans_land/GitRepos/LunaboticsBurm/src/arduino_serial_package' with type 'ros.ament_python' and name 'arduino_serial_package'
[0.188s] Level 1:colcon.colcon_core.package_discovery:discover_packages(recursive) using defaults
