[0.133s] Invoking command in '/home/jake_161/Lunabotics/ros2_ws/build/turtlesim': CMAKE_PREFIX_PATH=/opt/ros/iron /usr/bin/cmake --build /home/jake_161/Lunabotics/ros2_ws/build/turtlesim -- -j8 -l8
[0.218s] [  0%] Built target turtlesim__rosidl_generator_type_description
[0.243s] [  0%] Built target ament_cmake_python_copy_turtlesim
[0.249s] [35m[1mConsolidate compiler generated dependencies of target turtlesim__rosidl_generator_c[0m
[0.258s] [  1%] Built target turtlesim__cpp
[0.290s] [ 24%] Built target turtlesim__rosidl_generator_c
[0.335s] [35m[1mConsolidate compiler generated dependencies of target turtlesim__rosidl_typesupport_introspection_c[0m
[0.336s] [35m[1mConsolidate compiler generated dependencies of target turtlesim__rosidl_typesupport_fastrtps_cpp[0m
[0.337s] [35m[1mConsolidate compiler generated dependencies of target turtlesim__rosidl_typesupport_cpp[0m
[0.342s] [35m[1mConsolidate compiler generated dependencies of target turtlesim__rosidl_typesupport_c[0m
[0.344s] [35m[1mConsolidate compiler generated dependencies of target turtlesim__rosidl_typesupport_fastrtps_c[0m
[0.348s] [35m[1mConsolidate compiler generated dependencies of target turtlesim__rosidl_typesupport_introspection_cpp[0m
[0.409s] [ 33%] Built target turtlesim__rosidl_typesupport_c
[0.417s] [ 42%] Built target turtlesim__rosidl_typesupport_introspection_c
[0.439s] [ 55%] Built target turtlesim__rosidl_typesupport_cpp
[0.440s] [ 59%] Built target turtlesim__rosidl_typesupport_fastrtps_c
[0.451s] [ 67%] Built target turtlesim__rosidl_typesupport_introspection_cpp
[0.454s] [ 75%] Built target turtlesim__rosidl_typesupport_fastrtps_cpp
[0.481s] [35m[1mConsolidate compiler generated dependencies of target draw_square[0m
[0.482s] [35m[1mConsolidate compiler generated dependencies of target turtle_teleop_key[0m
[0.483s] [35m[1mConsolidate compiler generated dependencies of target mimic[0m
[0.491s] [35m[1mConsolidate compiler generated dependencies of target turtlesim_node[0m
[0.529s] [ 75%] Built target turtlesim
[0.554s] [ 76%] Built target draw_square
[0.559s] [ 78%] Built target turtle_teleop_key
[0.566s] [ 80%] Built target mimic
[0.588s] [ 80%] Built target turtlesim__py
[0.614s] [ 81%] [32mBuilding CXX object CMakeFiles/turtlesim_node.dir/src/turtle_frame.cpp.o[0m
[0.618s] [35m[1mConsolidate compiler generated dependencies of target turtlesim__rosidl_generator_py[0m
[0.680s] [ 89%] Built target turtlesim__rosidl_generator_py
[0.707s] [35m[1mConsolidate compiler generated dependencies of target turtlesim__rosidl_typesupport_fastrtps_c__pyext[0m
[0.716s] [35m[1mConsolidate compiler generated dependencies of target turtlesim__rosidl_typesupport_introspection_c__pyext[0m
[0.718s] [35m[1mConsolidate compiler generated dependencies of target turtlesim__rosidl_typesupport_c__pyext[0m
[0.761s] [ 91%] Built target turtlesim__rosidl_typesupport_fastrtps_c__pyext
[0.770s] [ 93%] Built target turtlesim__rosidl_typesupport_introspection_c__pyext
[0.771s] [ 95%] Built target turtlesim__rosidl_typesupport_c__pyext
[1.164s] running egg_info
[1.166s] writing turtlesim.egg-info/PKG-INFO
[1.167s] writing dependency_links to turtlesim.egg-info/dependency_links.txt
[1.168s] writing top-level names to turtlesim.egg-info/top_level.txt
[1.174s] reading manifest file 'turtlesim.egg-info/SOURCES.txt'
[1.175s] writing manifest file 'turtlesim.egg-info/SOURCES.txt'
[1.234s] [ 95%] Built target ament_cmake_python_build_turtlesim_egg
[19.594s] [ 96%] [32m[1mLinking CXX executable turtlesim_node[0m
[23.350s] [100%] Built target turtlesim_node
[23.377s] Invoked command in '/home/jake_161/Lunabotics/ros2_ws/build/turtlesim' returned '0': CMAKE_PREFIX_PATH=/opt/ros/iron /usr/bin/cmake --build /home/jake_161/Lunabotics/ros2_ws/build/turtlesim -- -j8 -l8
[23.855s] Invoking command in '/home/jake_161/Lunabotics/ros2_ws/build/turtlesim': CMAKE_PREFIX_PATH=/opt/ros/iron /usr/bin/cmake --install /home/jake_161/Lunabotics/ros2_ws/build/turtlesim
[23.871s] -- Install configuration: ""
[23.872s] -- Up-to-date: /home/jake_161/Lunabotics/ros2_ws/install/turtlesim/share/ament_index/resource_index/rosidl_interfaces/turtlesim
[23.872s] -- Up-to-date: /home/jake_161/Lunabotics/ros2_ws/install/turtlesim/share/turtlesim/action/RotateAbsolute.json
[23.872s] -- Up-to-date: /home/jake_161/Lunabotics/ros2_ws/install/turtlesim/share/turtlesim/msg/Color.json
[23.873s] -- Up-to-date: /home/jake_161/Lunabotics/ros2_ws/install/turtlesim/share/turtlesim/msg/Pose.json
[23.873s] -- Up-to-date: /home/jake_161/Lunabotics/ros2_ws/install/turtlesim/share/turtlesim/srv/Kill.json
[23.874s] -- Up-to-date: /home/jake_161/Lunabotics/ros2_ws/install/turtlesim/share/turtlesim/srv/SetPen.json
[23.874s] -- Up-to-date: /home/jake_161/Lunabotics/ros2_ws/install/turtlesim/share/turtlesim/srv/Spawn.json
[23.875s] -- Up-to-date: /home/jake_161/Lunabotics/ros2_ws/install/turtlesim/share/turtlesim/srv/TeleportAbsolute.json
[23.875s] -- Up-to-date: /home/jake_161/Lunabotics/ros2_ws/install/turtlesim/share/turtlesim/srv/TeleportRelative.json
[23.876s] -- Up-to-date: /home/jake_161/Lunabotics/ros2_ws/install/turtlesim/include/turtlesim/turtlesim
[23.877s] -- Up-to-date: /home/jake_161/Lunabotics/ros2_ws/install/turtlesim/include/turtlesim/turtlesim/action
[23.878s] -- Up-to-date: /home/jake_161/Lunabotics/ros2_ws/install/turtlesim/include/turtlesim/turtlesim/action/detail
[23.878s] -- Up-to-date: /home/jake_161/Lunabotics/ros2_ws/install/turtlesim/include/turtlesim/turtlesim/action/detail/rotate_absolute__description.c
[23.879s] -- Installing: /home/jake_161/Lunabotics/ros2_ws/install/turtlesim/include/turtlesim/turtlesim/action/detail/rotate_absolute__type_support.c
[23.880s] -- Up-to-date: /home/jake_161/Lunabotics/ros2_ws/install/turtlesim/include/turtlesim/turtlesim/action/detail/rotate_absolute__struct.h
[23.880s] -- Up-to-date: /home/jake_161/Lunabotics/ros2_ws/install/turtlesim/include/turtlesim/turtlesim/action/detail/rotate_absolute__functions.c
[23.881s] -- Up-to-date: /home/jake_161/Lunabotics/ros2_ws/install/turtlesim/include/turtlesim/turtlesim/action/detail/rotate_absolute__type_support.h
[23.881s] -- Up-to-date: /home/jake_161/Lunabotics/ros2_ws/install/turtlesim/include/turtlesim/turtlesim/action/detail/rotate_absolute__functions.h
[23.882s] -- Up-to-date: /home/jake_161/Lunabotics/ros2_ws/install/turtlesim/include/turtlesim/turtlesim/action/rotate_absolute.h
[23.883s] -- Up-to-date: /home/jake_161/Lunabotics/ros2_ws/install/turtlesim/include/turtlesim/turtlesim/msg
[23.883s] -- Up-to-date: /home/jake_161/Lunabotics/ros2_ws/install/turtlesim/include/turtlesim/turtlesim/msg/color.h
[23.883s] -- Up-to-date: /home/jake_161/Lunabotics/ros2_ws/install/turtlesim/include/turtlesim/turtlesim/msg/pose.h
[23.884s] -- Up-to-date: /home/jake_161/Lunabotics/ros2_ws/install/turtlesim/include/turtlesim/turtlesim/msg/detail
[23.884s] -- Installing: /home/jake_161/Lunabotics/ros2_ws/install/turtlesim/include/turtlesim/turtlesim/msg/detail/color__type_support.c
[23.885s] -- Up-to-date: /home/jake_161/Lunabotics/ros2_ws/install/turtlesim/include/turtlesim/turtlesim/msg/detail/color__type_support.h
[23.885s] -- Installing: /home/jake_161/Lunabotics/ros2_ws/install/turtlesim/include/turtlesim/turtlesim/msg/detail/pose__type_support.c
[23.886s] -- Up-to-date: /home/jake_161/Lunabotics/ros2_ws/install/turtlesim/include/turtlesim/turtlesim/msg/detail/pose__description.c
[23.887s] -- Up-to-date: /home/jake_161/Lunabotics/ros2_ws/install/turtlesim/include/turtlesim/turtlesim/msg/detail/pose__functions.c
[23.887s] -- Up-to-date: /home/jake_161/Lunabotics/ros2_ws/install/turtlesim/include/turtlesim/turtlesim/msg/detail/color__functions.h
[23.888s] -- Up-to-date: /home/jake_161/Lunabotics/ros2_ws/install/turtlesim/include/turtlesim/turtlesim/msg/detail/pose__type_support.h
[23.888s] -- Up-to-date: /home/jake_161/Lunabotics/ros2_ws/install/turtlesim/include/turtlesim/turtlesim/msg/detail/color__struct.h
[23.888s] -- Up-to-date: /home/jake_161/Lunabotics/ros2_ws/install/turtlesim/include/turtlesim/turtlesim/msg/detail/color__functions.c
[23.889s] -- Up-to-date: /home/jake_161/Lunabotics/ros2_ws/install/turtlesim/include/turtlesim/turtlesim/msg/detail/pose__functions.h
[23.890s] -- Up-to-date: /home/jake_161/Lunabotics/ros2_ws/install/turtlesim/include/turtlesim/turtlesim/msg/detail/pose__struct.h
[23.890s] -- Up-to-date: /home/jake_161/Lunabotics/ros2_ws/install/turtlesim/include/turtlesim/turtlesim/msg/detail/color__description.c
[23.891s] -- Up-to-date: /home/jake_161/Lunabotics/ros2_ws/install/turtlesim/include/turtlesim/turtlesim/msg/rosidl_generator_c__visibility_control.h
[23.892s] -- Up-to-date: /home/jake_161/Lunabotics/ros2_ws/install/turtlesim/include/turtlesim/turtlesim/srv
[23.892s] -- Up-to-date: /home/jake_161/Lunabotics/ros2_ws/install/turtlesim/include/turtlesim/turtlesim/srv/set_pen.h
[23.893s] -- Up-to-date: /home/jake_161/Lunabotics/ros2_ws/install/turtlesim/include/turtlesim/turtlesim/srv/teleport_relative.h
[23.893s] -- Up-to-date: /home/jake_161/Lunabotics/ros2_ws/install/turtlesim/include/turtlesim/turtlesim/srv/spawn.h
[23.894s] -- Up-to-date: /home/jake_161/Lunabotics/ros2_ws/install/turtlesim/include/turtlesim/turtlesim/srv/detail
[23.894s] -- Installing: /home/jake_161/Lunabotics/ros2_ws/install/turtlesim/include/turtlesim/turtlesim/srv/detail/kill__type_support.c
[23.895s] -- Up-to-date: /home/jake_161/Lunabotics/ros2_ws/install/turtlesim/include/turtlesim/turtlesim/srv/detail/teleport_relative__type_support.h
[23.895s] -- Up-to-date: /home/jake_161/Lunabotics/ros2_ws/install/turtlesim/include/turtlesim/turtlesim/srv/detail/set_pen__type_support.h
[23.896s] -- Up-to-date: /home/jake_161/Lunabotics/ros2_ws/install/turtlesim/include/turtlesim/turtlesim/srv/detail/spawn__type_support.h
[23.896s] -- Up-to-date: /home/jake_161/Lunabotics/ros2_ws/install/turtlesim/include/turtlesim/turtlesim/srv/detail/set_pen__struct.h
[23.897s] -- Up-to-date: /home/jake_161/Lunabotics/ros2_ws/install/turtlesim/include/turtlesim/turtlesim/srv/detail/set_pen__description.c
[23.897s] -- Up-to-date: /home/jake_161/Lunabotics/ros2_ws/install/turtlesim/include/turtlesim/turtlesim/srv/detail/kill__functions.h
[23.897s] -- Up-to-date: /home/jake_161/Lunabotics/ros2_ws/install/turtlesim/include/turtlesim/turtlesim/srv/detail/spawn__struct.h
[23.898s] -- Up-to-date: /home/jake_161/Lunabotics/ros2_ws/install/turtlesim/include/turtlesim/turtlesim/srv/detail/kill__functions.c
[23.898s] -- Installing: /home/jake_161/Lunabotics/ros2_ws/install/turtlesim/include/turtlesim/turtlesim/srv/detail/teleport_relative__type_support.c
[23.899s] -- Up-to-date: /home/jake_161/Lunabotics/ros2_ws/install/turtlesim/include/turtlesim/turtlesim/srv/detail/teleport_relative__struct.h
[23.899s] -- Up-to-date: /home/jake_161/Lunabotics/ros2_ws/install/turtlesim/include/turtlesim/turtlesim/srv/detail/teleport_absolute__struct.h
[23.900s] -- Up-to-date: /home/jake_161/Lunabotics/ros2_ws/install/turtlesim/include/turtlesim/turtlesim/srv/detail/teleport_absolute__description.c
[23.900s] -- Up-to-date: /home/jake_161/Lunabotics/ros2_ws/install/turtlesim/include/turtlesim/turtlesim/srv/detail/spawn__functions.c
[23.901s] -- Installing: /home/jake_161/Lunabotics/ros2_ws/install/turtlesim/include/turtlesim/turtlesim/srv/detail/set_pen__type_support.c
[23.901s] -- Up-to-date: /home/jake_161/Lunabotics/ros2_ws/install/turtlesim/include/turtlesim/turtlesim/srv/detail/teleport_relative__description.c
[23.901s] -- Installing: /home/jake_161/Lunabotics/ros2_ws/install/turtlesim/include/turtlesim/turtlesim/srv/detail/spawn__type_support.c
[23.902s] -- Up-to-date: /home/jake_161/Lunabotics/ros2_ws/install/turtlesim/include/turtlesim/turtlesim/srv/detail/set_pen__functions.h
[23.902s] -- Up-to-date: /home/jake_161/Lunabotics/ros2_ws/install/turtlesim/include/turtlesim/turtlesim/srv/detail/teleport_relative__functions.h
[23.902s] -- Up-to-date: /home/jake_161/Lunabotics/ros2_ws/install/turtlesim/include/turtlesim/turtlesim/srv/detail/spawn__functions.h
[23.903s] -- Up-to-date: /home/jake_161/Lunabotics/ros2_ws/install/turtlesim/include/turtlesim/turtlesim/srv/detail/teleport_absolute__type_support.h
[23.903s] -- Up-to-date: /home/jake_161/Lunabotics/ros2_ws/install/turtlesim/include/turtlesim/turtlesim/srv/detail/set_pen__functions.c
[23.904s] -- Up-to-date: /home/jake_161/Lunabotics/ros2_ws/install/turtlesim/include/turtlesim/turtlesim/srv/detail/kill__struct.h
[23.904s] -- Up-to-date: /home/jake_161/Lunabotics/ros2_ws/install/turtlesim/include/turtlesim/turtlesim/srv/detail/kill__type_support.h
[23.905s] -- Up-to-date: /home/jake_161/Lunabotics/ros2_ws/install/turtlesim/include/turtlesim/turtlesim/srv/detail/teleport_relative__functions.c
[23.905s] -- Up-to-date: /home/jake_161/Lunabotics/ros2_ws/install/turtlesim/include/turtlesim/turtlesim/srv/detail/teleport_absolute__functions.c
[23.905s] -- Up-to-date: /home/jake_161/Lunabotics/ros2_ws/install/turtlesim/include/turtlesim/turtlesim/srv/detail/teleport_absolute__functions.h
[23.906s] -- Installing: /home/jake_161/Lunabotics/ros2_ws/install/turtlesim/include/turtlesim/turtlesim/srv/detail/teleport_absolute__type_support.c
[23.906s] -- Up-to-date: /home/jake_161/Lunabotics/ros2_ws/install/turtlesim/include/turtlesim/turtlesim/srv/detail/spawn__description.c
[23.907s] -- Up-to-date: /home/jake_161/Lunabotics/ros2_ws/install/turtlesim/include/turtlesim/turtlesim/srv/detail/kill__description.c
[23.907s] -- Up-to-date: /home/jake_161/Lunabotics/ros2_ws/install/turtlesim/include/turtlesim/turtlesim/srv/teleport_absolute.h
[23.907s] -- Up-to-date: /home/jake_161/Lunabotics/ros2_ws/install/turtlesim/include/turtlesim/turtlesim/srv/kill.h
[23.908s] -- Up-to-date: /home/jake_161/Lunabotics/ros2_ws/install/turtlesim/share/turtlesim/environment/library_path.sh
[23.908s] -- Up-to-date: /home/jake_161/Lunabotics/ros2_ws/install/turtlesim/share/turtlesim/environment/library_path.dsv
[23.909s] -- Up-to-date: /home/jake_161/Lunabotics/ros2_ws/install/turtlesim/lib/libturtlesim__rosidl_generator_c.so
[23.910s] -- Up-to-date: /home/jake_161/Lunabotics/ros2_ws/install/turtlesim/include/turtlesim/turtlesim
[23.911s] -- Up-to-date: /home/jake_161/Lunabotics/ros2_ws/install/turtlesim/include/turtlesim/turtlesim/action
[23.911s] -- Up-to-date: /home/jake_161/Lunabotics/ros2_ws/install/turtlesim/include/turtlesim/turtlesim/action/detail
[23.912s] -- Up-to-date: /home/jake_161/Lunabotics/ros2_ws/install/turtlesim/include/turtlesim/turtlesim/action/detail/rotate_absolute__rosidl_typesupport_fastrtps_c.h
[23.912s] -- Up-to-date: /home/jake_161/Lunabotics/ros2_ws/install/turtlesim/include/turtlesim/turtlesim/msg
[23.912s] -- Up-to-date: /home/jake_161/Lunabotics/ros2_ws/install/turtlesim/include/turtlesim/turtlesim/msg/detail
[23.912s] -- Up-to-date: /home/jake_161/Lunabotics/ros2_ws/install/turtlesim/include/turtlesim/turtlesim/msg/detail/color__rosidl_typesupport_fastrtps_c.h
[23.912s] -- Up-to-date: /home/jake_161/Lunabotics/ros2_ws/install/turtlesim/include/turtlesim/turtlesim/msg/detail/pose__rosidl_typesupport_fastrtps_c.h
[23.912s] -- Up-to-date: /home/jake_161/Lunabotics/ros2_ws/install/turtlesim/include/turtlesim/turtlesim/msg/rosidl_typesupport_fastrtps_c__visibility_control.h
[23.912s] -- Up-to-date: /home/jake_161/Lunabotics/ros2_ws/install/turtlesim/include/turtlesim/turtlesim/srv
[23.912s] -- Up-to-date: /home/jake_161/Lunabotics/ros2_ws/install/turtlesim/include/turtlesim/turtlesim/srv/detail
[23.913s] -- Up-to-date: /home/jake_161/Lunabotics/ros2_ws/install/turtlesim/include/turtlesim/turtlesim/srv/detail/spawn__rosidl_typesupport_fastrtps_c.h
[23.913s] -- Up-to-date: /home/jake_161/Lunabotics/ros2_ws/install/turtlesim/include/turtlesim/turtlesim/srv/detail/teleport_relative__rosidl_typesupport_fastrtps_c.h
[23.913s] -- Up-to-date: /home/jake_161/Lunabotics/ros2_ws/install/turtlesim/include/turtlesim/turtlesim/srv/detail/kill__rosidl_typesupport_fastrtps_c.h
[23.913s] -- Up-to-date: /home/jake_161/Lunabotics/ros2_ws/install/turtlesim/include/turtlesim/turtlesim/srv/detail/set_pen__rosidl_typesupport_fastrtps_c.h
[23.913s] -- Up-to-date: /home/jake_161/Lunabotics/ros2_ws/install/turtlesim/include/turtlesim/turtlesim/srv/detail/teleport_absolute__rosidl_typesupport_fastrtps_c.h
[23.913s] -- Up-to-date: /home/jake_161/Lunabotics/ros2_ws/install/turtlesim/lib/libturtlesim__rosidl_typesupport_fastrtps_c.so
[23.913s] -- Up-to-date: /home/jake_161/Lunabotics/ros2_ws/install/turtlesim/include/turtlesim/turtlesim
[23.914s] -- Up-to-date: /home/jake_161/Lunabotics/ros2_ws/install/turtlesim/include/turtlesim/turtlesim/action
[23.914s] -- Up-to-date: /home/jake_161/Lunabotics/ros2_ws/install/turtlesim/include/turtlesim/turtlesim/action/rotate_absolute.hpp
[23.914s] -- Up-to-date: /home/jake_161/Lunabotics/ros2_ws/install/turtlesim/include/turtlesim/turtlesim/action/detail
[23.914s] -- Up-to-date: /home/jake_161/Lunabotics/ros2_ws/install/turtlesim/include/turtlesim/turtlesim/action/detail/rotate_absolute__builder.hpp
[23.914s] -- Up-to-date: /home/jake_161/Lunabotics/ros2_ws/install/turtlesim/include/turtlesim/turtlesim/action/detail/rotate_absolute__struct.hpp
[23.914s] -- Up-to-date: /home/jake_161/Lunabotics/ros2_ws/install/turtlesim/include/turtlesim/turtlesim/action/detail/rotate_absolute__traits.hpp
[23.914s] -- Up-to-date: /home/jake_161/Lunabotics/ros2_ws/install/turtlesim/include/turtlesim/turtlesim/msg
[23.914s] -- Up-to-date: /home/jake_161/Lunabotics/ros2_ws/install/turtlesim/include/turtlesim/turtlesim/msg/detail
[23.915s] -- Up-to-date: /home/jake_161/Lunabotics/ros2_ws/install/turtlesim/include/turtlesim/turtlesim/msg/detail/color__traits.hpp
[23.915s] -- Up-to-date: /home/jake_161/Lunabotics/ros2_ws/install/turtlesim/include/turtlesim/turtlesim/msg/detail/pose__struct.hpp
[23.915s] -- Up-to-date: /home/jake_161/Lunabotics/ros2_ws/install/turtlesim/include/turtlesim/turtlesim/msg/detail/pose__builder.hpp
[23.915s] -- Up-to-date: /home/jake_161/Lunabotics/ros2_ws/install/turtlesim/include/turtlesim/turtlesim/msg/detail/color__builder.hpp
[23.915s] -- Up-to-date: /home/jake_161/Lunabotics/ros2_ws/install/turtlesim/include/turtlesim/turtlesim/msg/detail/color__struct.hpp
[23.915s] -- Up-to-date: /home/jake_161/Lunabotics/ros2_ws/install/turtlesim/include/turtlesim/turtlesim/msg/detail/pose__traits.hpp
[23.915s] -- Up-to-date: /home/jake_161/Lunabotics/ros2_ws/install/turtlesim/include/turtlesim/turtlesim/msg/pose.hpp
[23.915s] -- Up-to-date: /home/jake_161/Lunabotics/ros2_ws/install/turtlesim/include/turtlesim/turtlesim/msg/color.hpp
[23.916s] -- Up-to-date: /home/jake_161/Lunabotics/ros2_ws/install/turtlesim/include/turtlesim/turtlesim/srv
[23.916s] -- Up-to-date: /home/jake_161/Lunabotics/ros2_ws/install/turtlesim/include/turtlesim/turtlesim/srv/set_pen.hpp
[23.916s] -- Up-to-date: /home/jake_161/Lunabotics/ros2_ws/install/turtlesim/include/turtlesim/turtlesim/srv/kill.hpp
[23.916s] -- Up-to-date: /home/jake_161/Lunabotics/ros2_ws/install/turtlesim/include/turtlesim/turtlesim/srv/spawn.hpp
[23.916s] -- Up-to-date: /home/jake_161/Lunabotics/ros2_ws/install/turtlesim/include/turtlesim/turtlesim/srv/teleport_absolute.hpp
[23.916s] -- Up-to-date: /home/jake_161/Lunabotics/ros2_ws/install/turtlesim/include/turtlesim/turtlesim/srv/detail
[23.916s] -- Up-to-date: /home/jake_161/Lunabotics/ros2_ws/install/turtlesim/include/turtlesim/turtlesim/srv/detail/kill__struct.hpp
[23.916s] -- Up-to-date: /home/jake_161/Lunabotics/ros2_ws/install/turtlesim/include/turtlesim/turtlesim/srv/detail/kill__builder.hpp
[23.916s] -- Up-to-date: /home/jake_161/Lunabotics/ros2_ws/install/turtlesim/include/turtlesim/turtlesim/srv/detail/teleport_absolute__builder.hpp
[23.917s] -- Up-to-date: /home/jake_161/Lunabotics/ros2_ws/install/turtlesim/include/turtlesim/turtlesim/srv/detail/set_pen__builder.hpp
[23.917s] -- Up-to-date: /home/jake_161/Lunabotics/ros2_ws/install/turtlesim/include/turtlesim/turtlesim/srv/detail/teleport_relative__builder.hpp
[23.917s] -- Up-to-date: /home/jake_161/Lunabotics/ros2_ws/install/turtlesim/include/turtlesim/turtlesim/srv/detail/teleport_absolute__struct.hpp
[23.917s] -- Up-to-date: /home/jake_161/Lunabotics/ros2_ws/install/turtlesim/include/turtlesim/turtlesim/srv/detail/set_pen__struct.hpp
[23.917s] -- Up-to-date: /home/jake_161/Lunabotics/ros2_ws/install/turtlesim/include/turtlesim/turtlesim/srv/detail/spawn__builder.hpp
[23.917s] -- Up-to-date: /home/jake_161/Lunabotics/ros2_ws/install/turtlesim/include/turtlesim/turtlesim/srv/detail/teleport_absolute__traits.hpp
[23.917s] -- Up-to-date: /home/jake_161/Lunabotics/ros2_ws/install/turtlesim/include/turtlesim/turtlesim/srv/detail/kill__traits.hpp
[23.917s] -- Up-to-date: /home/jake_161/Lunabotics/ros2_ws/install/turtlesim/include/turtlesim/turtlesim/srv/detail/spawn__struct.hpp
[23.917s] -- Up-to-date: /home/jake_161/Lunabotics/ros2_ws/install/turtlesim/include/turtlesim/turtlesim/srv/detail/teleport_relative__traits.hpp
[23.918s] -- Up-to-date: /home/jake_161/Lunabotics/ros2_ws/install/turtlesim/include/turtlesim/turtlesim/srv/detail/teleport_relative__struct.hpp
[23.918s] -- Up-to-date: /home/jake_161/Lunabotics/ros2_ws/install/turtlesim/include/turtlesim/turtlesim/srv/detail/spawn__traits.hpp
[23.918s] -- Up-to-date: /home/jake_161/Lunabotics/ros2_ws/install/turtlesim/include/turtlesim/turtlesim/srv/detail/set_pen__traits.hpp
[23.918s] -- Up-to-date: /home/jake_161/Lunabotics/ros2_ws/install/turtlesim/include/turtlesim/turtlesim/srv/teleport_relative.hpp
[23.918s] -- Up-to-date: /home/jake_161/Lunabotics/ros2_ws/install/turtlesim/include/turtlesim/turtlesim
[23.918s] -- Up-to-date: /home/jake_161/Lunabotics/ros2_ws/install/turtlesim/include/turtlesim/turtlesim/action
[23.918s] -- Up-to-date: /home/jake_161/Lunabotics/ros2_ws/install/turtlesim/include/turtlesim/turtlesim/action/detail
[23.918s] -- Up-to-date: /home/jake_161/Lunabotics/ros2_ws/install/turtlesim/include/turtlesim/turtlesim/action/detail/rotate_absolute__rosidl_typesupport_fastrtps_cpp.hpp
[23.918s] -- Up-to-date: /home/jake_161/Lunabotics/ros2_ws/install/turtlesim/include/turtlesim/turtlesim/action/detail/dds_fastrtps
[23.919s] -- Up-to-date: /home/jake_161/Lunabotics/ros2_ws/install/turtlesim/include/turtlesim/turtlesim/msg
[23.919s] -- Up-to-date: /home/jake_161/Lunabotics/ros2_ws/install/turtlesim/include/turtlesim/turtlesim/msg/rosidl_typesupport_fastrtps_cpp__visibility_control.h
[23.919s] -- Up-to-date: /home/jake_161/Lunabotics/ros2_ws/install/turtlesim/include/turtlesim/turtlesim/msg/detail
[23.919s] -- Up-to-date: /home/jake_161/Lunabotics/ros2_ws/install/turtlesim/include/turtlesim/turtlesim/msg/detail/pose__rosidl_typesupport_fastrtps_cpp.hpp
[23.919s] -- Up-to-date: /home/jake_161/Lunabotics/ros2_ws/install/turtlesim/include/turtlesim/turtlesim/msg/detail/color__rosidl_typesupport_fastrtps_cpp.hpp
[23.919s] -- Up-to-date: /home/jake_161/Lunabotics/ros2_ws/install/turtlesim/include/turtlesim/turtlesim/msg/detail/dds_fastrtps
[23.920s] -- Up-to-date: /home/jake_161/Lunabotics/ros2_ws/install/turtlesim/include/turtlesim/turtlesim/srv
[23.920s] -- Up-to-date: /home/jake_161/Lunabotics/ros2_ws/install/turtlesim/include/turtlesim/turtlesim/srv/detail
[23.920s] -- Up-to-date: /home/jake_161/Lunabotics/ros2_ws/install/turtlesim/include/turtlesim/turtlesim/srv/detail/set_pen__rosidl_typesupport_fastrtps_cpp.hpp
[23.920s] -- Up-to-date: /home/jake_161/Lunabotics/ros2_ws/install/turtlesim/include/turtlesim/turtlesim/srv/detail/teleport_absolute__rosidl_typesupport_fastrtps_cpp.hpp
[23.920s] -- Up-to-date: /home/jake_161/Lunabotics/ros2_ws/install/turtlesim/include/turtlesim/turtlesim/srv/detail/spawn__rosidl_typesupport_fastrtps_cpp.hpp
[23.920s] -- Up-to-date: /home/jake_161/Lunabotics/ros2_ws/install/turtlesim/include/turtlesim/turtlesim/srv/detail/dds_fastrtps
[23.920s] -- Up-to-date: /home/jake_161/Lunabotics/ros2_ws/install/turtlesim/include/turtlesim/turtlesim/srv/detail/teleport_relative__rosidl_typesupport_fastrtps_cpp.hpp
[23.920s] -- Up-to-date: /home/jake_161/Lunabotics/ros2_ws/install/turtlesim/include/turtlesim/turtlesim/srv/detail/kill__rosidl_typesupport_fastrtps_cpp.hpp
[23.921s] -- Up-to-date: /home/jake_161/Lunabotics/ros2_ws/install/turtlesim/lib/libturtlesim__rosidl_typesupport_fastrtps_cpp.so
[23.921s] -- Up-to-date: /home/jake_161/Lunabotics/ros2_ws/install/turtlesim/include/turtlesim/turtlesim
[23.921s] -- Up-to-date: /home/jake_161/Lunabotics/ros2_ws/install/turtlesim/include/turtlesim/turtlesim/action
[23.921s] -- Up-to-date: /home/jake_161/Lunabotics/ros2_ws/install/turtlesim/include/turtlesim/turtlesim/action/detail
[23.921s] -- Up-to-date: /home/jake_161/Lunabotics/ros2_ws/install/turtlesim/include/turtlesim/turtlesim/action/detail/rotate_absolute__rosidl_typesupport_introspection_c.h
[23.921s] -- Installing: /home/jake_161/Lunabotics/ros2_ws/install/turtlesim/include/turtlesim/turtlesim/action/detail/rotate_absolute__type_support.c
[23.922s] -- Up-to-date: /home/jake_161/Lunabotics/ros2_ws/install/turtlesim/include/turtlesim/turtlesim/msg
[23.922s] -- Up-to-date: /home/jake_161/Lunabotics/ros2_ws/install/turtlesim/include/turtlesim/turtlesim/msg/rosidl_typesupport_introspection_c__visibility_control.h
[23.922s] -- Up-to-date: /home/jake_161/Lunabotics/ros2_ws/install/turtlesim/include/turtlesim/turtlesim/msg/detail
[23.922s] -- Installing: /home/jake_161/Lunabotics/ros2_ws/install/turtlesim/include/turtlesim/turtlesim/msg/detail/color__type_support.c
[23.922s] -- Installing: /home/jake_161/Lunabotics/ros2_ws/install/turtlesim/include/turtlesim/turtlesim/msg/detail/pose__type_support.c
[23.922s] -- Up-to-date: /home/jake_161/Lunabotics/ros2_ws/install/turtlesim/include/turtlesim/turtlesim/msg/detail/color__rosidl_typesupport_introspection_c.h
[23.922s] -- Up-to-date: /home/jake_161/Lunabotics/ros2_ws/install/turtlesim/include/turtlesim/turtlesim/msg/detail/pose__rosidl_typesupport_introspection_c.h
[23.922s] -- Up-to-date: /home/jake_161/Lunabotics/ros2_ws/install/turtlesim/include/turtlesim/turtlesim/srv
[23.922s] -- Up-to-date: /home/jake_161/Lunabotics/ros2_ws/install/turtlesim/include/turtlesim/turtlesim/srv/detail
[23.922s] -- Installing: /home/jake_161/Lunabotics/ros2_ws/install/turtlesim/include/turtlesim/turtlesim/srv/detail/kill__type_support.c
[23.923s] -- Up-to-date: /home/jake_161/Lunabotics/ros2_ws/install/turtlesim/include/turtlesim/turtlesim/srv/detail/teleport_absolute__rosidl_typesupport_introspection_c.h
[23.923s] -- Installing: /home/jake_161/Lunabotics/ros2_ws/install/turtlesim/include/turtlesim/turtlesim/srv/detail/teleport_relative__type_support.c
[23.923s] -- Up-to-date: /home/jake_161/Lunabotics/ros2_ws/install/turtlesim/include/turtlesim/turtlesim/srv/detail/teleport_relative__rosidl_typesupport_introspection_c.h
[23.923s] -- Installing: /home/jake_161/Lunabotics/ros2_ws/install/turtlesim/include/turtlesim/turtlesim/srv/detail/set_pen__type_support.c
[23.923s] -- Installing: /home/jake_161/Lunabotics/ros2_ws/install/turtlesim/include/turtlesim/turtlesim/srv/detail/spawn__type_support.c
[23.923s] -- Up-to-date: /home/jake_161/Lunabotics/ros2_ws/install/turtlesim/include/turtlesim/turtlesim/srv/detail/kill__rosidl_typesupport_introspection_c.h
[23.923s] -- Up-to-date: /home/jake_161/Lunabotics/ros2_ws/install/turtlesim/include/turtlesim/turtlesim/srv/detail/set_pen__rosidl_typesupport_introspection_c.h
[23.923s] -- Up-to-date: /home/jake_161/Lunabotics/ros2_ws/install/turtlesim/include/turtlesim/turtlesim/srv/detail/spawn__rosidl_typesupport_introspection_c.h
[23.924s] -- Installing: /home/jake_161/Lunabotics/ros2_ws/install/turtlesim/include/turtlesim/turtlesim/srv/detail/teleport_absolute__type_support.c
[23.924s] -- Up-to-date: /home/jake_161/Lunabotics/ros2_ws/install/turtlesim/lib/libturtlesim__rosidl_typesupport_introspection_c.so
[23.924s] -- Up-to-date: /home/jake_161/Lunabotics/ros2_ws/install/turtlesim/lib/libturtlesim__rosidl_typesupport_c.so
[23.924s] -- Up-to-date: /home/jake_161/Lunabotics/ros2_ws/install/turtlesim/include/turtlesim/turtlesim
[23.924s] -- Up-to-date: /home/jake_161/Lunabotics/ros2_ws/install/turtlesim/include/turtlesim/turtlesim/action
[23.924s] -- Up-to-date: /home/jake_161/Lunabotics/ros2_ws/install/turtlesim/include/turtlesim/turtlesim/action/detail
[23.924s] -- Up-to-date: /home/jake_161/Lunabotics/ros2_ws/install/turtlesim/include/turtlesim/turtlesim/action/detail/rotate_absolute__type_support.cpp
[23.924s] -- Up-to-date: /home/jake_161/Lunabotics/ros2_ws/install/turtlesim/include/turtlesim/turtlesim/action/detail/rotate_absolute__rosidl_typesupport_introspection_cpp.hpp
[23.924s] -- Up-to-date: /home/jake_161/Lunabotics/ros2_ws/install/turtlesim/include/turtlesim/turtlesim/msg
[23.925s] -- Up-to-date: /home/jake_161/Lunabotics/ros2_ws/install/turtlesim/include/turtlesim/turtlesim/msg/detail
[23.925s] -- Up-to-date: /home/jake_161/Lunabotics/ros2_ws/install/turtlesim/include/turtlesim/turtlesim/msg/detail/color__rosidl_typesupport_introspection_cpp.hpp
[23.925s] -- Up-to-date: /home/jake_161/Lunabotics/ros2_ws/install/turtlesim/include/turtlesim/turtlesim/msg/detail/pose__type_support.cpp
[23.925s] -- Up-to-date: /home/jake_161/Lunabotics/ros2_ws/install/turtlesim/include/turtlesim/turtlesim/msg/detail/pose__rosidl_typesupport_introspection_cpp.hpp
[23.926s] -- Up-to-date: /home/jake_161/Lunabotics/ros2_ws/install/turtlesim/include/turtlesim/turtlesim/msg/detail/color__type_support.cpp
[23.926s] -- Up-to-date: /home/jake_161/Lunabotics/ros2_ws/install/turtlesim/include/turtlesim/turtlesim/srv
[23.926s] -- Up-to-date: /home/jake_161/Lunabotics/ros2_ws/install/turtlesim/include/turtlesim/turtlesim/srv/detail
[23.926s] -- Up-to-date: /home/jake_161/Lunabotics/ros2_ws/install/turtlesim/include/turtlesim/turtlesim/srv/detail/teleport_relative__type_support.cpp
[23.927s] -- Up-to-date: /home/jake_161/Lunabotics/ros2_ws/install/turtlesim/include/turtlesim/turtlesim/srv/detail/kill__type_support.cpp
[23.927s] -- Up-to-date: /home/jake_161/Lunabotics/ros2_ws/install/turtlesim/include/turtlesim/turtlesim/srv/detail/spawn__type_support.cpp
[23.927s] -- Up-to-date: /home/jake_161/Lunabotics/ros2_ws/install/turtlesim/include/turtlesim/turtlesim/srv/detail/teleport_absolute__type_support.cpp
[23.928s] -- Up-to-date: /home/jake_161/Lunabotics/ros2_ws/install/turtlesim/include/turtlesim/turtlesim/srv/detail/kill__rosidl_typesupport_introspection_cpp.hpp
[23.928s] -- Up-to-date: /home/jake_161/Lunabotics/ros2_ws/install/turtlesim/include/turtlesim/turtlesim/srv/detail/teleport_relative__rosidl_typesupport_introspection_cpp.hpp
[23.928s] -- Up-to-date: /home/jake_161/Lunabotics/ros2_ws/install/turtlesim/include/turtlesim/turtlesim/srv/detail/set_pen__rosidl_typesupport_introspection_cpp.hpp
[23.928s] -- Up-to-date: /home/jake_161/Lunabotics/ros2_ws/install/turtlesim/include/turtlesim/turtlesim/srv/detail/set_pen__type_support.cpp
[23.929s] -- Up-to-date: /home/jake_161/Lunabotics/ros2_ws/install/turtlesim/include/turtlesim/turtlesim/srv/detail/teleport_absolute__rosidl_typesupport_introspection_cpp.hpp
[23.929s] -- Up-to-date: /home/jake_161/Lunabotics/ros2_ws/install/turtlesim/include/turtlesim/turtlesim/srv/detail/spawn__rosidl_typesupport_introspection_cpp.hpp
[23.929s] -- Up-to-date: /home/jake_161/Lunabotics/ros2_ws/install/turtlesim/lib/libturtlesim__rosidl_typesupport_introspection_cpp.so
[23.930s] -- Up-to-date: /home/jake_161/Lunabotics/ros2_ws/install/turtlesim/lib/libturtlesim__rosidl_typesupport_cpp.so
[23.930s] -- Up-to-date: /home/jake_161/Lunabotics/ros2_ws/install/turtlesim/share/turtlesim/environment/pythonpath.sh
[23.930s] -- Up-to-date: /home/jake_161/Lunabotics/ros2_ws/install/turtlesim/share/turtlesim/environment/pythonpath.dsv
[23.931s] -- Up-to-date: /home/jake_161/Lunabotics/ros2_ws/install/turtlesim/lib/python3.10/site-packages/turtlesim-1.6.1-py3.10.egg-info
[23.931s] -- Installing: /home/jake_161/Lunabotics/ros2_ws/install/turtlesim/lib/python3.10/site-packages/turtlesim-1.6.1-py3.10.egg-info/SOURCES.txt
[23.931s] -- Installing: /home/jake_161/Lunabotics/ros2_ws/install/turtlesim/lib/python3.10/site-packages/turtlesim-1.6.1-py3.10.egg-info/dependency_links.txt
[23.931s] -- Installing: /home/jake_161/Lunabotics/ros2_ws/install/turtlesim/lib/python3.10/site-packages/turtlesim-1.6.1-py3.10.egg-info/PKG-INFO
[23.932s] -- Installing: /home/jake_161/Lunabotics/ros2_ws/install/turtlesim/lib/python3.10/site-packages/turtlesim-1.6.1-py3.10.egg-info/top_level.txt
[23.932s] -- Up-to-date: /home/jake_161/Lunabotics/ros2_ws/install/turtlesim/lib/python3.10/site-packages/turtlesim
[23.932s] -- Up-to-date: /home/jake_161/Lunabotics/ros2_ws/install/turtlesim/lib/python3.10/site-packages/turtlesim/libturtlesim__rosidl_generator_py.so
[23.933s] -- Up-to-date: /home/jake_161/Lunabotics/ros2_ws/install/turtlesim/lib/python3.10/site-packages/turtlesim/_turtlesim_s.ep.rosidl_typesupport_c.c
[23.933s] -- Up-to-date: /home/jake_161/Lunabotics/ros2_ws/install/turtlesim/lib/python3.10/site-packages/turtlesim/__init__.py
[23.933s] -- Up-to-date: /home/jake_161/Lunabotics/ros2_ws/install/turtlesim/lib/python3.10/site-packages/turtlesim/turtlesim_s__rosidl_typesupport_fastrtps_c.cpython-310-x86_64-linux-gnu.so
[23.933s] -- Up-to-date: /home/jake_161/Lunabotics/ros2_ws/install/turtlesim/lib/python3.10/site-packages/turtlesim/action
[23.934s] -- Up-to-date: /home/jake_161/Lunabotics/ros2_ws/install/turtlesim/lib/python3.10/site-packages/turtlesim/action/__init__.py
[23.934s] -- Up-to-date: /home/jake_161/Lunabotics/ros2_ws/install/turtlesim/lib/python3.10/site-packages/turtlesim/action/_rotate_absolute_s.c
[23.934s] -- Up-to-date: /home/jake_161/Lunabotics/ros2_ws/install/turtlesim/lib/python3.10/site-packages/turtlesim/action/_rotate_absolute.py
[23.934s] -- Up-to-date: /home/jake_161/Lunabotics/ros2_ws/install/turtlesim/lib/python3.10/site-packages/turtlesim/msg
[23.935s] -- Up-to-date: /home/jake_161/Lunabotics/ros2_ws/install/turtlesim/lib/python3.10/site-packages/turtlesim/msg/_pose_s.c
[23.935s] -- Up-to-date: /home/jake_161/Lunabotics/ros2_ws/install/turtlesim/lib/python3.10/site-packages/turtlesim/msg/__init__.py
[23.935s] -- Up-to-date: /home/jake_161/Lunabotics/ros2_ws/install/turtlesim/lib/python3.10/site-packages/turtlesim/msg/_pose.py
[23.936s] -- Up-to-date: /home/jake_161/Lunabotics/ros2_ws/install/turtlesim/lib/python3.10/site-packages/turtlesim/msg/_color.py
[23.936s] -- Up-to-date: /home/jake_161/Lunabotics/ros2_ws/install/turtlesim/lib/python3.10/site-packages/turtlesim/msg/_color_s.c
[23.936s] -- Up-to-date: /home/jake_161/Lunabotics/ros2_ws/install/turtlesim/lib/python3.10/site-packages/turtlesim/_turtlesim_s.ep.rosidl_typesupport_fastrtps_c.c
[23.936s] -- Up-to-date: /home/jake_161/Lunabotics/ros2_ws/install/turtlesim/lib/python3.10/site-packages/turtlesim/turtlesim_s__rosidl_typesupport_c.cpython-310-x86_64-linux-gnu.so
[23.937s] -- Up-to-date: /home/jake_161/Lunabotics/ros2_ws/install/turtlesim/lib/python3.10/site-packages/turtlesim/_turtlesim_s.ep.rosidl_typesupport_introspection_c.c
[23.937s] -- Up-to-date: /home/jake_161/Lunabotics/ros2_ws/install/turtlesim/lib/python3.10/site-packages/turtlesim/turtlesim_s__rosidl_typesupport_introspection_c.cpython-310-x86_64-linux-gnu.so
[23.937s] -- Up-to-date: /home/jake_161/Lunabotics/ros2_ws/install/turtlesim/lib/python3.10/site-packages/turtlesim/srv
[23.937s] -- Up-to-date: /home/jake_161/Lunabotics/ros2_ws/install/turtlesim/lib/python3.10/site-packages/turtlesim/srv/_kill_s.c
[23.938s] -- Up-to-date: /home/jake_161/Lunabotics/ros2_ws/install/turtlesim/lib/python3.10/site-packages/turtlesim/srv/_teleport_relative_s.c
[23.938s] -- Up-to-date: /home/jake_161/Lunabotics/ros2_ws/install/turtlesim/lib/python3.10/site-packages/turtlesim/srv/_teleport_absolute_s.c
[23.938s] -- Up-to-date: /home/jake_161/Lunabotics/ros2_ws/install/turtlesim/lib/python3.10/site-packages/turtlesim/srv/__init__.py
[23.938s] -- Up-to-date: /home/jake_161/Lunabotics/ros2_ws/install/turtlesim/lib/python3.10/site-packages/turtlesim/srv/_set_pen.py
[23.939s] -- Up-to-date: /home/jake_161/Lunabotics/ros2_ws/install/turtlesim/lib/python3.10/site-packages/turtlesim/srv/_spawn.py
[23.939s] -- Up-to-date: /home/jake_161/Lunabotics/ros2_ws/install/turtlesim/lib/python3.10/site-packages/turtlesim/srv/_teleport_absolute.py
[23.939s] -- Up-to-date: /home/jake_161/Lunabotics/ros2_ws/install/turtlesim/lib/python3.10/site-packages/turtlesim/srv/_spawn_s.c
[23.940s] -- Up-to-date: /home/jake_161/Lunabotics/ros2_ws/install/turtlesim/lib/python3.10/site-packages/turtlesim/srv/_teleport_relative.py
[23.940s] -- Up-to-date: /home/jake_161/Lunabotics/ros2_ws/install/turtlesim/lib/python3.10/site-packages/turtlesim/srv/_set_pen_s.c
[23.940s] -- Up-to-date: /home/jake_161/Lunabotics/ros2_ws/install/turtlesim/lib/python3.10/site-packages/turtlesim/srv/_kill.py
[23.982s] Listing '/home/jake_161/Lunabotics/ros2_ws/install/turtlesim/lib/python3.10/site-packages/turtlesim'...
[23.982s] Listing '/home/jake_161/Lunabotics/ros2_ws/install/turtlesim/lib/python3.10/site-packages/turtlesim/action'...
[23.982s] Listing '/home/jake_161/Lunabotics/ros2_ws/install/turtlesim/lib/python3.10/site-packages/turtlesim/msg'...
[23.982s] Listing '/home/jake_161/Lunabotics/ros2_ws/install/turtlesim/lib/python3.10/site-packages/turtlesim/srv'...
[23.991s] -- Up-to-date: /home/jake_161/Lunabotics/ros2_ws/install/turtlesim/lib/python3.10/site-packages/turtlesim/turtlesim_s__rosidl_typesupport_fastrtps_c.cpython-310-x86_64-linux-gnu.so
[23.991s] -- Up-to-date: /home/jake_161/Lunabotics/ros2_ws/install/turtlesim/lib/python3.10/site-packages/turtlesim/turtlesim_s__rosidl_typesupport_introspection_c.cpython-310-x86_64-linux-gnu.so
[23.992s] -- Up-to-date: /home/jake_161/Lunabotics/ros2_ws/install/turtlesim/lib/python3.10/site-packages/turtlesim/turtlesim_s__rosidl_typesupport_c.cpython-310-x86_64-linux-gnu.so
[23.993s] -- Up-to-date: /home/jake_161/Lunabotics/ros2_ws/install/turtlesim/lib/libturtlesim__rosidl_generator_py.so
[23.994s] -- Up-to-date: /home/jake_161/Lunabotics/ros2_ws/install/turtlesim/share/turtlesim/action/RotateAbsolute.idl
[23.995s] -- Up-to-date: /home/jake_161/Lunabotics/ros2_ws/install/turtlesim/share/turtlesim/msg/Color.idl
[23.995s] -- Up-to-date: /home/jake_161/Lunabotics/ros2_ws/install/turtlesim/share/turtlesim/msg/Pose.idl
[23.996s] -- Up-to-date: /home/jake_161/Lunabotics/ros2_ws/install/turtlesim/share/turtlesim/srv/Kill.idl
[23.996s] -- Up-to-date: /home/jake_161/Lunabotics/ros2_ws/install/turtlesim/share/turtlesim/srv/SetPen.idl
[23.997s] -- Up-to-date: /home/jake_161/Lunabotics/ros2_ws/install/turtlesim/share/turtlesim/srv/Spawn.idl
[23.997s] -- Up-to-date: /home/jake_161/Lunabotics/ros2_ws/install/turtlesim/share/turtlesim/srv/TeleportAbsolute.idl
[23.998s] -- Up-to-date: /home/jake_161/Lunabotics/ros2_ws/install/turtlesim/share/turtlesim/srv/TeleportRelative.idl
[23.998s] -- Up-to-date: /home/jake_161/Lunabotics/ros2_ws/install/turtlesim/share/turtlesim/action/RotateAbsolute.action
[23.998s] -- Up-to-date: /home/jake_161/Lunabotics/ros2_ws/install/turtlesim/share/turtlesim/msg/Color.msg
[23.999s] -- Up-to-date: /home/jake_161/Lunabotics/ros2_ws/install/turtlesim/share/turtlesim/msg/Pose.msg
[23.999s] -- Up-to-date: /home/jake_161/Lunabotics/ros2_ws/install/turtlesim/share/turtlesim/srv/Kill.srv
[24.000s] -- Up-to-date: /home/jake_161/Lunabotics/ros2_ws/install/turtlesim/share/turtlesim/srv/Kill_Request.msg
[24.000s] -- Up-to-date: /home/jake_161/Lunabotics/ros2_ws/install/turtlesim/share/turtlesim/srv/Kill_Response.msg
[24.000s] -- Up-to-date: /home/jake_161/Lunabotics/ros2_ws/install/turtlesim/share/turtlesim/srv/SetPen.srv
[24.000s] -- Up-to-date: /home/jake_161/Lunabotics/ros2_ws/install/turtlesim/share/turtlesim/srv/SetPen_Request.msg
[24.001s] -- Up-to-date: /home/jake_161/Lunabotics/ros2_ws/install/turtlesim/share/turtlesim/srv/SetPen_Response.msg
[24.001s] -- Up-to-date: /home/jake_161/Lunabotics/ros2_ws/install/turtlesim/share/turtlesim/srv/Spawn.srv
[24.001s] -- Up-to-date: /home/jake_161/Lunabotics/ros2_ws/install/turtlesim/share/turtlesim/srv/Spawn_Request.msg
[24.002s] -- Up-to-date: /home/jake_161/Lunabotics/ros2_ws/install/turtlesim/share/turtlesim/srv/Spawn_Response.msg
[24.002s] -- Up-to-date: /home/jake_161/Lunabotics/ros2_ws/install/turtlesim/share/turtlesim/srv/TeleportAbsolute.srv
[24.002s] -- Up-to-date: /home/jake_161/Lunabotics/ros2_ws/install/turtlesim/share/turtlesim/srv/TeleportAbsolute_Request.msg
[24.002s] -- Up-to-date: /home/jake_161/Lunabotics/ros2_ws/install/turtlesim/share/turtlesim/srv/TeleportAbsolute_Response.msg
[24.003s] -- Up-to-date: /home/jake_161/Lunabotics/ros2_ws/install/turtlesim/share/turtlesim/srv/TeleportRelative.srv
[24.003s] -- Up-to-date: /home/jake_161/Lunabotics/ros2_ws/install/turtlesim/share/turtlesim/srv/TeleportRelative_Request.msg
[24.003s] -- Up-to-date: /home/jake_161/Lunabotics/ros2_ws/install/turtlesim/share/turtlesim/srv/TeleportRelative_Response.msg
[24.003s] -- Installing: /home/jake_161/Lunabotics/ros2_ws/install/turtlesim/lib/turtlesim/turtlesim_node
[24.039s] -- Set runtime path of "/home/jake_161/Lunabotics/ros2_ws/install/turtlesim/lib/turtlesim/turtlesim_node" to ""
[24.039s] -- Up-to-date: /home/jake_161/Lunabotics/ros2_ws/install/turtlesim/lib/turtlesim/turtle_teleop_key
[24.040s] -- Up-to-date: /home/jake_161/Lunabotics/ros2_ws/install/turtlesim/lib/turtlesim/draw_square
[24.042s] -- Up-to-date: /home/jake_161/Lunabotics/ros2_ws/install/turtlesim/lib/turtlesim/mimic
[24.042s] -- Up-to-date: /home/jake_161/Lunabotics/ros2_ws/install/turtlesim/share/turtlesim/images
[24.043s] -- Up-to-date: /home/jake_161/Lunabotics/ros2_ws/install/turtlesim/share/turtlesim/images/bouncy.png
[24.044s] -- Up-to-date: /home/jake_161/Lunabotics/ros2_ws/install/turtlesim/share/turtlesim/images/rolling.png
[24.045s] -- Up-to-date: /home/jake_161/Lunabotics/ros2_ws/install/turtlesim/share/turtlesim/images/ardent.png
[24.046s] -- Up-to-date: /home/jake_161/Lunabotics/ros2_ws/install/turtlesim/share/turtlesim/images/galactic.png
[24.046s] -- Up-to-date: /home/jake_161/Lunabotics/ros2_ws/install/turtlesim/share/turtlesim/images/dashing.png
[24.047s] -- Up-to-date: /home/jake_161/Lunabotics/ros2_ws/install/turtlesim/share/turtlesim/images/humble.png
[24.047s] -- Up-to-date: /home/jake_161/Lunabotics/ros2_ws/install/turtlesim/share/turtlesim/images/foxy.png
[24.048s] -- Up-to-date: /home/jake_161/Lunabotics/ros2_ws/install/turtlesim/share/turtlesim/images/crystal.png
[24.049s] -- Up-to-date: /home/jake_161/Lunabotics/ros2_ws/install/turtlesim/share/turtlesim/images/eloquent.png
[24.049s] -- Up-to-date: /home/jake_161/Lunabotics/ros2_ws/install/turtlesim/share/turtlesim/images/iron.png
[24.050s] -- Up-to-date: /home/jake_161/Lunabotics/ros2_ws/install/turtlesim/share/turtlesim/launch
[24.051s] -- Up-to-date: /home/jake_161/Lunabotics/ros2_ws/install/turtlesim/share/turtlesim/launch/multisim.launch.py
[24.051s] -- Up-to-date: /home/jake_161/Lunabotics/ros2_ws/install/turtlesim/share/ament_index/resource_index/package_run_dependencies/turtlesim
[24.052s] -- Up-to-date: /home/jake_161/Lunabotics/ros2_ws/install/turtlesim/share/ament_index/resource_index/parent_prefix_path/turtlesim
[24.052s] -- Up-to-date: /home/jake_161/Lunabotics/ros2_ws/install/turtlesim/share/turtlesim/environment/ament_prefix_path.sh
[24.053s] -- Up-to-date: /home/jake_161/Lunabotics/ros2_ws/install/turtlesim/share/turtlesim/environment/ament_prefix_path.dsv
[24.053s] -- Up-to-date: /home/jake_161/Lunabotics/ros2_ws/install/turtlesim/share/turtlesim/environment/path.sh
[24.054s] -- Up-to-date: /home/jake_161/Lunabotics/ros2_ws/install/turtlesim/share/turtlesim/environment/path.dsv
[24.054s] -- Up-to-date: /home/jake_161/Lunabotics/ros2_ws/install/turtlesim/share/turtlesim/local_setup.bash
[24.055s] -- Up-to-date: /home/jake_161/Lunabotics/ros2_ws/install/turtlesim/share/turtlesim/local_setup.sh
[24.055s] -- Up-to-date: /home/jake_161/Lunabotics/ros2_ws/install/turtlesim/share/turtlesim/local_setup.zsh
[24.056s] -- Up-to-date: /home/jake_161/Lunabotics/ros2_ws/install/turtlesim/share/turtlesim/local_setup.dsv
[24.056s] -- Installing: /home/jake_161/Lunabotics/ros2_ws/install/turtlesim/share/turtlesim/package.dsv
[24.056s] -- Up-to-date: /home/jake_161/Lunabotics/ros2_ws/install/turtlesim/share/ament_index/resource_index/packages/turtlesim
[24.056s] -- Up-to-date: /home/jake_161/Lunabotics/ros2_ws/install/turtlesim/share/turtlesim/cmake/export_turtlesim__rosidl_generator_cExport.cmake
[24.056s] -- Up-to-date: /home/jake_161/Lunabotics/ros2_ws/install/turtlesim/share/turtlesim/cmake/export_turtlesim__rosidl_generator_cExport-noconfig.cmake
[24.057s] -- Up-to-date: /home/jake_161/Lunabotics/ros2_ws/install/turtlesim/share/turtlesim/cmake/export_turtlesim__rosidl_typesupport_fastrtps_cExport.cmake
[24.057s] -- Up-to-date: /home/jake_161/Lunabotics/ros2_ws/install/turtlesim/share/turtlesim/cmake/export_turtlesim__rosidl_typesupport_fastrtps_cExport-noconfig.cmake
[24.057s] -- Up-to-date: /home/jake_161/Lunabotics/ros2_ws/install/turtlesim/share/turtlesim/cmake/export_turtlesim__rosidl_generator_cppExport.cmake
[24.057s] -- Up-to-date: /home/jake_161/Lunabotics/ros2_ws/install/turtlesim/share/turtlesim/cmake/export_turtlesim__rosidl_typesupport_fastrtps_cppExport.cmake
[24.057s] -- Up-to-date: /home/jake_161/Lunabotics/ros2_ws/install/turtlesim/share/turtlesim/cmake/export_turtlesim__rosidl_typesupport_fastrtps_cppExport-noconfig.cmake
[24.057s] -- Up-to-date: /home/jake_161/Lunabotics/ros2_ws/install/turtlesim/share/turtlesim/cmake/turtlesim__rosidl_typesupport_introspection_cExport.cmake
[24.058s] -- Up-to-date: /home/jake_161/Lunabotics/ros2_ws/install/turtlesim/share/turtlesim/cmake/turtlesim__rosidl_typesupport_introspection_cExport-noconfig.cmake
[24.058s] -- Up-to-date: /home/jake_161/Lunabotics/ros2_ws/install/turtlesim/share/turtlesim/cmake/turtlesim__rosidl_typesupport_cExport.cmake
[24.058s] -- Up-to-date: /home/jake_161/Lunabotics/ros2_ws/install/turtlesim/share/turtlesim/cmake/turtlesim__rosidl_typesupport_cExport-noconfig.cmake
[24.059s] -- Up-to-date: /home/jake_161/Lunabotics/ros2_ws/install/turtlesim/share/turtlesim/cmake/turtlesim__rosidl_typesupport_introspection_cppExport.cmake
[24.059s] -- Up-to-date: /home/jake_161/Lunabotics/ros2_ws/install/turtlesim/share/turtlesim/cmake/turtlesim__rosidl_typesupport_introspection_cppExport-noconfig.cmake
[24.060s] -- Up-to-date: /home/jake_161/Lunabotics/ros2_ws/install/turtlesim/share/turtlesim/cmake/turtlesim__rosidl_typesupport_cppExport.cmake
[24.060s] -- Up-to-date: /home/jake_161/Lunabotics/ros2_ws/install/turtlesim/share/turtlesim/cmake/turtlesim__rosidl_typesupport_cppExport-noconfig.cmake
[24.061s] -- Up-to-date: /home/jake_161/Lunabotics/ros2_ws/install/turtlesim/share/turtlesim/cmake/export_turtlesim__rosidl_generator_pyExport.cmake
[24.061s] -- Up-to-date: /home/jake_161/Lunabotics/ros2_ws/install/turtlesim/share/turtlesim/cmake/export_turtlesim__rosidl_generator_pyExport-noconfig.cmake
[24.062s] -- Up-to-date: /home/jake_161/Lunabotics/ros2_ws/install/turtlesim/share/turtlesim/cmake/rosidl_cmake-extras.cmake
[24.062s] -- Up-to-date: /home/jake_161/Lunabotics/ros2_ws/install/turtlesim/share/turtlesim/cmake/ament_cmake_export_dependencies-extras.cmake
[24.063s] -- Up-to-date: /home/jake_161/Lunabotics/ros2_ws/install/turtlesim/share/turtlesim/cmake/ament_cmake_export_include_directories-extras.cmake
[24.063s] -- Up-to-date: /home/jake_161/Lunabotics/ros2_ws/install/turtlesim/share/turtlesim/cmake/ament_cmake_export_libraries-extras.cmake
[24.063s] -- Up-to-date: /home/jake_161/Lunabotics/ros2_ws/install/turtlesim/share/turtlesim/cmake/ament_cmake_export_targets-extras.cmake
[24.064s] -- Up-to-date: /home/jake_161/Lunabotics/ros2_ws/install/turtlesim/share/turtlesim/cmake/rosidl_cmake_export_typesupport_targets-extras.cmake
[24.064s] -- Up-to-date: /home/jake_161/Lunabotics/ros2_ws/install/turtlesim/share/turtlesim/cmake/rosidl_cmake_export_typesupport_libraries-extras.cmake
[24.065s] -- Up-to-date: /home/jake_161/Lunabotics/ros2_ws/install/turtlesim/share/turtlesim/cmake/turtlesimConfig.cmake
[24.065s] -- Up-to-date: /home/jake_161/Lunabotics/ros2_ws/install/turtlesim/share/turtlesim/cmake/turtlesimConfig-version.cmake
[24.066s] -- Up-to-date: /home/jake_161/Lunabotics/ros2_ws/install/turtlesim/share/turtlesim/package.xml
[24.070s] Invoked command in '/home/jake_161/Lunabotics/ros2_ws/build/turtlesim' returned '0': CMAKE_PREFIX_PATH=/opt/ros/iron /usr/bin/cmake --install /home/jake_161/Lunabotics/ros2_ws/build/turtlesim
