running egg_info
writing build/teleop_input/teleop_input.egg-info/PKG-INFO
writing dependency_links to build/teleop_input/teleop_input.egg-info/dependency_links.txt
writing entry points to build/teleop_input/teleop_input.egg-info/entry_points.txt
writing requirements to build/teleop_input/teleop_input.egg-info/requires.txt
writing top-level names to build/teleop_input/teleop_input.egg-info/top_level.txt
reading manifest file 'build/teleop_input/teleop_input.egg-info/SOURCES.txt'
writing manifest file 'build/teleop_input/teleop_input.egg-info/SOURCES.txt'
running build
running build_py
copying teleop_input/controller.py -> /home/lunabotics/LunaboticsBurm/src/teleop_input/build/teleop_input/build/lib/teleop_input
running install
running install_lib
copying /home/lunabotics/LunaboticsBurm/src/teleop_input/build/teleop_input/build/lib/teleop_input/controller.py -> /home/lunabotics/LunaboticsBurm/src/teleop_input/install/teleop_input/lib/python3.10/site-packages/teleop_input
byte-compiling /home/lunabotics/LunaboticsBurm/src/teleop_input/install/teleop_input/lib/python3.10/site-packages/teleop_input/controller.py to controller.cpython-310.pyc
running install_data
running install_egg_info
removing '/home/lunabotics/LunaboticsBurm/src/teleop_input/install/teleop_input/lib/python3.10/site-packages/teleop_input-0.0.0-py3.10.egg-info' (and everything under it)
Copying build/teleop_input/teleop_input.egg-info to /home/lunabotics/LunaboticsBurm/src/teleop_input/install/teleop_input/lib/python3.10/site-packages/teleop_input-0.0.0-py3.10.egg-info
running install_scripts
Installing teleop_twist_keyboard = teleop_input.teleop_twist_keyboard:maincontroller script to /home/lunabotics/LunaboticsBurm/src/teleop_input/install/teleop_input/lib/teleop_input
writing list of installed files to '/home/lunabotics/LunaboticsBurm/src/teleop_input/build/teleop_input/install.log'
