[0.714s] Invoking command in '/home/lunabotics/LunaboticsBurm/src/teleop_input': PYTHONPATH=/home/lunabotics/LunaboticsBurm/src/teleop_input/build/teleop_input/prefix_override:/home/lunabotics/LunaboticsBurm/src/teleop_input/install/teleop_input/lib/python3.10/site-packages:${PYTHONPATH} /usr/bin/python3 -W ignore:setup.py install is deprecated setup.py egg_info --egg-base build/teleop_input build --build-base /home/lunabotics/LunaboticsBurm/src/teleop_input/build/teleop_input/build install --record /home/lunabotics/LunaboticsBurm/src/teleop_input/build/teleop_input/install.log --single-version-externally-managed install_data
[0.994s] running egg_info
[0.995s] writing build/teleop_input/teleop_input.egg-info/PKG-INFO
[0.995s] writing dependency_links to build/teleop_input/teleop_input.egg-info/dependency_links.txt
[0.995s] writing entry points to build/teleop_input/teleop_input.egg-info/entry_points.txt
[0.996s] writing requirements to build/teleop_input/teleop_input.egg-info/requires.txt
[0.996s] writing top-level names to build/teleop_input/teleop_input.egg-info/top_level.txt
[0.998s] reading manifest file 'build/teleop_input/teleop_input.egg-info/SOURCES.txt'
[0.999s] writing manifest file 'build/teleop_input/teleop_input.egg-info/SOURCES.txt'
[0.999s] running build
[1.000s] running build_py
[1.000s] copying teleop_input/controller.py -> /home/lunabotics/LunaboticsBurm/src/teleop_input/build/teleop_input/build/lib/teleop_input
[1.000s] running install
[1.000s] running install_lib
[1.001s] copying /home/lunabotics/LunaboticsBurm/src/teleop_input/build/teleop_input/build/lib/teleop_input/controller.py -> /home/lunabotics/LunaboticsBurm/src/teleop_input/install/teleop_input/lib/python3.10/site-packages/teleop_input
[1.002s] byte-compiling /home/lunabotics/LunaboticsBurm/src/teleop_input/install/teleop_input/lib/python3.10/site-packages/teleop_input/controller.py to controller.cpython-310.pyc
[1.003s] running install_data
[1.003s] running install_egg_info
[1.005s] removing '/home/lunabotics/LunaboticsBurm/src/teleop_input/install/teleop_input/lib/python3.10/site-packages/teleop_input-0.0.0-py3.10.egg-info' (and everything under it)
[1.006s] Copying build/teleop_input/teleop_input.egg-info to /home/lunabotics/LunaboticsBurm/src/teleop_input/install/teleop_input/lib/python3.10/site-packages/teleop_input-0.0.0-py3.10.egg-info
[1.007s] running install_scripts
[1.032s] Installing teleop_twist_keyboard = teleop_input.teleop_twist_keyboard:maincontroller script to /home/lunabotics/LunaboticsBurm/src/teleop_input/install/teleop_input/lib/teleop_input
[1.033s] writing list of installed files to '/home/lunabotics/LunaboticsBurm/src/teleop_input/build/teleop_input/install.log'
[1.062s] Invoked command in '/home/lunabotics/LunaboticsBurm/src/teleop_input' returned '0': PYTHONPATH=/home/lunabotics/LunaboticsBurm/src/teleop_input/build/teleop_input/prefix_override:/home/lunabotics/LunaboticsBurm/src/teleop_input/install/teleop_input/lib/python3.10/site-packages:${PYTHONPATH} /usr/bin/python3 -W ignore:setup.py install is deprecated setup.py egg_info --egg-base build/teleop_input build --build-base /home/lunabotics/LunaboticsBurm/src/teleop_input/build/teleop_input/build install --record /home/lunabotics/LunaboticsBurm/src/teleop_input/build/teleop_input/install.log --single-version-externally-managed install_data
