[0.740s] Invoking command in '/home/lunabotics/LunaboticsBurm/src/controller': PYTHONPATH=/home/lunabotics/LunaboticsBurm/src/build/controller/prefix_override:/home/lunabotics/LunaboticsBurm/src/install/controller/lib/python3.10/site-packages:${PYTHONPATH} /usr/bin/python3 -W ignore:setup.py install is deprecated setup.py egg_info --egg-base ../build/controller build --build-base /home/lunabotics/LunaboticsBurm/src/build/controller/build install --record /home/lunabotics/LunaboticsBurm/src/build/controller/install.log --single-version-externally-managed install_data
[1.005s] running egg_info
[1.006s] writing ../build/controller/controller.egg-info/PKG-INFO
[1.006s] writing dependency_links to ../build/controller/controller.egg-info/dependency_links.txt
[1.006s] writing entry points to ../build/controller/controller.egg-info/entry_points.txt
[1.006s] writing requirements to ../build/controller/controller.egg-info/requires.txt
[1.006s] writing top-level names to ../build/controller/controller.egg-info/top_level.txt
[1.009s] reading manifest file '../build/controller/controller.egg-info/SOURCES.txt'
[1.009s] adding license file 'LICENSE'
[1.010s] writing manifest file '../build/controller/controller.egg-info/SOURCES.txt'
[1.010s] running build
[1.010s] running build_py
[1.010s] copying controller/controller.py -> /home/lunabotics/LunaboticsBurm/src/build/controller/build/lib/controller
[1.011s] running install
[1.011s] running install_lib
[1.013s] copying /home/lunabotics/LunaboticsBurm/src/build/controller/build/lib/controller/controller.py -> /home/lunabotics/LunaboticsBurm/src/install/controller/lib/python3.10/site-packages/controller
[1.013s] byte-compiling /home/lunabotics/LunaboticsBurm/src/install/controller/lib/python3.10/site-packages/controller/controller.py to controller.cpython-310.pyc
[1.014s] running install_data
[1.014s] running install_egg_info
[1.017s] removing '/home/lunabotics/LunaboticsBurm/src/install/controller/lib/python3.10/site-packages/controller-0.0.0-py3.10.egg-info' (and everything under it)
[1.018s] Copying ../build/controller/controller.egg-info to /home/lunabotics/LunaboticsBurm/src/install/controller/lib/python3.10/site-packages/controller-0.0.0-py3.10.egg-info
[1.019s] running install_scripts
[1.044s] Installing controller script to /home/lunabotics/LunaboticsBurm/src/install/controller/lib/controller
[1.045s] writing list of installed files to '/home/lunabotics/LunaboticsBurm/src/build/controller/install.log'
[1.072s] Invoked command in '/home/lunabotics/LunaboticsBurm/src/controller' returned '0': PYTHONPATH=/home/lunabotics/LunaboticsBurm/src/build/controller/prefix_override:/home/lunabotics/LunaboticsBurm/src/install/controller/lib/python3.10/site-packages:${PYTHONPATH} /usr/bin/python3 -W ignore:setup.py install is deprecated setup.py egg_info --egg-base ../build/controller build --build-base /home/lunabotics/LunaboticsBurm/src/build/controller/build install --record /home/lunabotics/LunaboticsBurm/src/build/controller/install.log --single-version-externally-managed install_data
