[0.098s] Invoking command in '/home/jake_161/Lunabotics/ros2_ws/build/turtlesim': CMAKE_PREFIX_PATH=/opt/ros/iron /usr/bin/cmake /home/jake_161/Lunabotics/ros2_ws/src/ros_tutorials/turtlesim -DCMAKE_INSTALL_PREFIX=/home/jake_161/Lunabotics/ros2_ws/install/turtlesim
[0.931s] -- The C compiler identification is GNU 11.4.0
[4.247s] -- The CXX compiler identification is GNU 11.4.0
[6.996s] -- Detecting C compiler ABI info
[7.734s] -- Detecting C compiler ABI info - done
[7.746s] -- Check for working C compiler: /usr/bin/cc - skipped
[7.756s] -- Detecting C compile features
[7.758s] -- Detecting C compile features - done
[7.765s] -- Detecting CXX compiler ABI info
[8.474s] -- Detecting CXX compiler ABI info - done
[8.487s] -- Check for working CXX compiler: /usr/bin/c++ - skipped
[8.487s] -- Detecting CXX compile features
[8.488s] -- Detecting CXX compile features - done
[8.507s] -- Found ament_cmake: 2.0.3 (/opt/ros/iron/share/ament_cmake/cmake)
[8.789s] -- Found Python3: /usr/bin/python3.10 (found version "3.10.12") found components: Interpreter 
[8.987s] -- Found ament_index_cpp: 1.5.2 (/opt/ros/iron/share/ament_index_cpp/cmake)
[8.996s] -- Found geometry_msgs: 5.0.0 (/opt/ros/iron/share/geometry_msgs/cmake)
[9.931s] -- Found rosidl_generator_c: 4.0.1 (/opt/ros/iron/share/rosidl_generator_c/cmake)
[9.960s] -- Found rosidl_generator_cpp: 4.0.1 (/opt/ros/iron/share/rosidl_generator_cpp/cmake)
[10.012s] -- Using all available rosidl_typesupport_c: rosidl_typesupport_fastrtps_c;rosidl_typesupport_introspection_c
[10.063s] -- Using all available rosidl_typesupport_cpp: rosidl_typesupport_fastrtps_cpp;rosidl_typesupport_introspection_cpp
[10.982s] -- Found rclcpp: 21.0.3 (/opt/ros/iron/share/rclcpp/cmake)
[11.320s] -- Found rmw_implementation_cmake: 7.1.0 (/opt/ros/iron/share/rmw_implementation_cmake/cmake)
[11.327s] -- Found rmw_fastrtps_cpp: 7.1.1 (/opt/ros/iron/share/rmw_fastrtps_cpp/cmake)
[20.422s] -- Found OpenSSL: /usr/lib/x86_64-linux-gnu/libcrypto.so (found version "3.0.2")  
[30.958s] -- Found FastRTPS: /opt/ros/iron/include  
[51.232s] -- Using RMW implementation 'rmw_fastrtps_cpp' as default
[51.701s] -- Found rclcpp_action: 21.0.3 (/opt/ros/iron/share/rclcpp_action/cmake)
[52.085s] -- Found rosidl_default_generators: 1.5.0 (/opt/ros/iron/share/rosidl_default_generators/cmake)
[52.124s] -- Found rosidl_adapter: 4.0.1 (/opt/ros/iron/share/rosidl_adapter/cmake)
[52.145s] -- Found std_srvs: 5.0.0 (/opt/ros/iron/share/std_srvs/cmake)
[52.899s] -- Found ament_cmake_ros: 0.11.2 (/opt/ros/iron/share/ament_cmake_ros/cmake)
[53.442s] -- Using all available rosidl_typesupport_c: rosidl_typesupport_fastrtps_c;rosidl_typesupport_introspection_c
[53.648s] -- Using all available rosidl_typesupport_cpp: rosidl_typesupport_fastrtps_cpp;rosidl_typesupport_introspection_cpp
[54.660s] -- Found PythonInterp: /usr/bin/python3 (found suitable version "3.10.12", minimum required is "3.6") 
[54.672s] -- Found python_cmake_module: 0.10.2 (/opt/ros/iron/share/python_cmake_module/cmake)
[58.019s] -- Found PythonLibs: /usr/lib/x86_64-linux-gnu/libpython3.10.so (found suitable version "3.10.12", minimum required is "3.5") 
[58.019s] -- Using PYTHON_EXECUTABLE: /usr/bin/python3
[58.019s] -- Using PYTHON_INCLUDE_DIRS: /usr/include/python3.10
[58.019s] -- Using PYTHON_LIBRARIES: /usr/lib/x86_64-linux-gnu/libpython3.10.so
[58.061s] -- Found PythonExtra: .so  
[58.539s] -- Configuring done
[58.714s] -- Generating done
[58.719s] -- Build files have been written to: /home/jake_161/Lunabotics/ros2_ws/build/turtlesim
[58.745s] Invoked command in '/home/jake_161/Lunabotics/ros2_ws/build/turtlesim' returned '0': CMAKE_PREFIX_PATH=/opt/ros/iron /usr/bin/cmake /home/jake_161/Lunabotics/ros2_ws/src/ros_tutorials/turtlesim -DCMAKE_INSTALL_PREFIX=/home/jake_161/Lunabotics/ros2_ws/install/turtlesim
[58.748s] Invoking command in '/home/jake_161/Lunabotics/ros2_ws/build/turtlesim': CMAKE_PREFIX_PATH=/opt/ros/iron /usr/bin/cmake --build /home/jake_161/Lunabotics/ros2_ws/build/turtlesim -- -j8 -l8
[58.823s] [  0%] [34m[1mGenerating type hashes for ROS interfaces[0m
[58.836s] [  0%] Built target ament_cmake_python_copy_turtlesim
[59.450s] running egg_info
[59.453s] creating turtlesim.egg-info
[59.454s] writing turtlesim.egg-info/PKG-INFO
[59.455s] writing dependency_links to turtlesim.egg-info/dependency_links.txt
[59.455s] writing top-level names to turtlesim.egg-info/top_level.txt
[59.456s] writing manifest file 'turtlesim.egg-info/SOURCES.txt'
[59.463s] reading manifest file 'turtlesim.egg-info/SOURCES.txt'
[59.464s] writing manifest file 'turtlesim.egg-info/SOURCES.txt'
[59.524s] [  0%] Built target ament_cmake_python_build_turtlesim_egg
[59.636s] [  0%] Built target turtlesim__rosidl_generator_type_description
[59.659s] [  1%] [34m[1mGenerating C code for ROS interfaces[0m
[59.681s] [  2%] [34m[1mGenerating C++ code for ROS interfaces[0m
[62.934s] [  2%] Built target turtlesim__cpp
[63.725s] [  2%] [32mBuilding C object CMakeFiles/turtlesim__rosidl_generator_c.dir/rosidl_generator_c/turtlesim/msg/detail/color__type_support.c.o[0m
[63.725s] [  3%] [32mBuilding C object CMakeFiles/turtlesim__rosidl_generator_c.dir/rosidl_generator_c/turtlesim/msg/detail/color__functions.c.o[0m
[63.728s] [  5%] [32mBuilding C object CMakeFiles/turtlesim__rosidl_generator_c.dir/rosidl_generator_c/turtlesim/action/detail/rotate_absolute__functions.c.o[0m
[63.730s] [  6%] [32mBuilding C object CMakeFiles/turtlesim__rosidl_generator_c.dir/rosidl_generator_c/turtlesim/msg/detail/color__description.c.o[0m
[63.732s] [  6%] [32mBuilding C object CMakeFiles/turtlesim__rosidl_generator_c.dir/rosidl_generator_c/turtlesim/action/detail/rotate_absolute__type_support.c.o[0m
[63.734s] [  7%] [32mBuilding C object CMakeFiles/turtlesim__rosidl_generator_c.dir/rosidl_generator_c/turtlesim/msg/detail/pose__description.c.o[0m
[63.737s] [  8%] [32mBuilding C object CMakeFiles/turtlesim__rosidl_generator_c.dir/rosidl_generator_c/turtlesim/action/detail/rotate_absolute__description.c.o[0m
[63.738s] [  9%] [32mBuilding C object CMakeFiles/turtlesim__rosidl_generator_c.dir/rosidl_generator_c/turtlesim/msg/detail/pose__functions.c.o[0m
[63.947s] [ 10%] [32mBuilding C object CMakeFiles/turtlesim__rosidl_generator_c.dir/rosidl_generator_c/turtlesim/msg/detail/pose__type_support.c.o[0m
[64.004s] [ 11%] [32mBuilding C object CMakeFiles/turtlesim__rosidl_generator_c.dir/rosidl_generator_c/turtlesim/srv/detail/kill__functions.c.o[0m
[64.005s] [ 12%] [32mBuilding C object CMakeFiles/turtlesim__rosidl_generator_c.dir/rosidl_generator_c/turtlesim/srv/detail/kill__description.c.o[0m
[64.045s] [ 13%] [32mBuilding C object CMakeFiles/turtlesim__rosidl_generator_c.dir/rosidl_generator_c/turtlesim/srv/detail/kill__type_support.c.o[0m
[64.075s] [ 13%] [32mBuilding C object CMakeFiles/turtlesim__rosidl_generator_c.dir/rosidl_generator_c/turtlesim/srv/detail/set_pen__description.c.o[0m
[64.078s] [ 14%] [32mBuilding C object CMakeFiles/turtlesim__rosidl_generator_c.dir/rosidl_generator_c/turtlesim/srv/detail/set_pen__functions.c.o[0m
[64.112s] [ 15%] [32mBuilding C object CMakeFiles/turtlesim__rosidl_generator_c.dir/rosidl_generator_c/turtlesim/srv/detail/set_pen__type_support.c.o[0m
[64.301s] [ 16%] [32mBuilding C object CMakeFiles/turtlesim__rosidl_generator_c.dir/rosidl_generator_c/turtlesim/srv/detail/spawn__description.c.o[0m
[64.320s] [ 17%] [32mBuilding C object CMakeFiles/turtlesim__rosidl_generator_c.dir/rosidl_generator_c/turtlesim/srv/detail/spawn__functions.c.o[0m
[64.342s] [ 18%] [32mBuilding C object CMakeFiles/turtlesim__rosidl_generator_c.dir/rosidl_generator_c/turtlesim/srv/detail/spawn__type_support.c.o[0m
[64.347s] [ 19%] [32mBuilding C object CMakeFiles/turtlesim__rosidl_generator_c.dir/rosidl_generator_c/turtlesim/srv/detail/teleport_absolute__description.c.o[0m
[64.348s] [ 20%] [32mBuilding C object CMakeFiles/turtlesim__rosidl_generator_c.dir/rosidl_generator_c/turtlesim/srv/detail/teleport_absolute__functions.c.o[0m
[64.467s] [ 20%] [32mBuilding C object CMakeFiles/turtlesim__rosidl_generator_c.dir/rosidl_generator_c/turtlesim/srv/detail/teleport_absolute__type_support.c.o[0m
[64.507s] [ 21%] [32mBuilding C object CMakeFiles/turtlesim__rosidl_generator_c.dir/rosidl_generator_c/turtlesim/srv/detail/teleport_relative__description.c.o[0m
[64.605s] [ 22%] [32mBuilding C object CMakeFiles/turtlesim__rosidl_generator_c.dir/rosidl_generator_c/turtlesim/srv/detail/teleport_relative__functions.c.o[0m
[64.621s] [ 23%] [32mBuilding C object CMakeFiles/turtlesim__rosidl_generator_c.dir/rosidl_generator_c/turtlesim/srv/detail/teleport_relative__type_support.c.o[0m
[64.851s] [ 24%] [32m[1mLinking C shared library libturtlesim__rosidl_generator_c.so[0m
[65.596s] [ 24%] Built target turtlesim__rosidl_generator_c
[65.624s] [ 26%] [34m[1mGenerating C type support for eProsima Fast-RTPS[0m
[65.625s] [ 26%] [34m[1mGenerating C++ type support dispatch for ROS interfaces[0m
[65.625s] [ 27%] [34m[1mGenerating C++ type support for eProsima Fast-RTPS[0m
[65.627s] [ 29%] [34m[1mGenerating C type support dispatch for ROS interfaces[0m
[65.627s] [ 29%] [34m[1mGenerating C introspection for ROS interfaces[0m
[65.636s] [ 30%] [34m[1mGenerating C++ introspection for ROS interfaces[0m
[69.157s] [ 31%] [32mBuilding CXX object CMakeFiles/turtlesim__rosidl_typesupport_c.dir/rosidl_typesupport_c/turtlesim/action/rotate_absolute__type_support.cpp.o[0m
[69.199s] [ 33%] [32mBuilding CXX object CMakeFiles/turtlesim__rosidl_typesupport_c.dir/rosidl_typesupport_c/turtlesim/msg/pose__type_support.cpp.o[0m
[69.199s] [ 33%] [32mBuilding CXX object CMakeFiles/turtlesim__rosidl_typesupport_c.dir/rosidl_typesupport_c/turtlesim/msg/color__type_support.cpp.o[0m
[69.287s] [ 34%] [32mBuilding CXX object CMakeFiles/turtlesim__rosidl_typesupport_cpp.dir/rosidl_typesupport_cpp/turtlesim/action/rotate_absolute__type_support.cpp.o[0m
[69.464s] [ 35%] [32mBuilding CXX object CMakeFiles/turtlesim__rosidl_typesupport_cpp.dir/rosidl_typesupport_cpp/turtlesim/msg/color__type_support.cpp.o[0m
[69.464s] [ 35%] [32mBuilding CXX object CMakeFiles/turtlesim__rosidl_typesupport_c.dir/rosidl_typesupport_c/turtlesim/srv/kill__type_support.cpp.o[0m
[69.604s] [ 36%] [32mBuilding CXX object CMakeFiles/turtlesim__rosidl_typesupport_c.dir/rosidl_typesupport_c/turtlesim/srv/set_pen__type_support.cpp.o[0m
[69.716s] [ 36%] [32mBuilding CXX object CMakeFiles/turtlesim__rosidl_typesupport_c.dir/rosidl_typesupport_c/turtlesim/srv/spawn__type_support.cpp.o[0m
[69.887s] [ 37%] [32mBuilding CXX object CMakeFiles/turtlesim__rosidl_typesupport_c.dir/rosidl_typesupport_c/turtlesim/srv/teleport_absolute__type_support.cpp.o[0m
[69.993s] [ 38%] [32mBuilding CXX object CMakeFiles/turtlesim__rosidl_typesupport_c.dir/rosidl_typesupport_c/turtlesim/srv/teleport_relative__type_support.cpp.o[0m
[70.197s] [ 39%] [32mBuilding CXX object CMakeFiles/turtlesim__rosidl_typesupport_cpp.dir/rosidl_typesupport_cpp/turtlesim/msg/pose__type_support.cpp.o[0m
[70.266s] [ 40%] [32m[1mLinking CXX shared library libturtlesim__rosidl_typesupport_c.so[0m
[71.158s] [ 40%] [32mBuilding CXX object CMakeFiles/turtlesim__rosidl_typesupport_introspection_cpp.dir/rosidl_typesupport_introspection_cpp/turtlesim/action/detail/rotate_absolute__type_support.cpp.o[0m
[71.754s] [ 41%] [32mBuilding C object CMakeFiles/turtlesim__rosidl_typesupport_introspection_c.dir/rosidl_typesupport_introspection_c/turtlesim/action/detail/rotate_absolute__type_support.c.o[0m
[72.007s] [ 42%] [32mBuilding CXX object CMakeFiles/turtlesim__rosidl_typesupport_cpp.dir/rosidl_typesupport_cpp/turtlesim/srv/kill__type_support.cpp.o[0m
[72.011s] [ 42%] Built target turtlesim__rosidl_typesupport_c
[72.040s] [ 43%] [32mBuilding CXX object CMakeFiles/turtlesim__rosidl_typesupport_cpp.dir/rosidl_typesupport_cpp/turtlesim/srv/set_pen__type_support.cpp.o[0m
[72.068s] [ 44%] [32mBuilding C object CMakeFiles/turtlesim__rosidl_typesupport_introspection_c.dir/rosidl_typesupport_introspection_c/turtlesim/msg/detail/color__type_support.c.o[0m
[72.236s] [ 45%] [32mBuilding CXX object CMakeFiles/turtlesim__rosidl_typesupport_fastrtps_c.dir/rosidl_typesupport_fastrtps_c/turtlesim/action/detail/rotate_absolute__type_support_c.cpp.o[0m
[72.253s] [ 46%] [32mBuilding C object CMakeFiles/turtlesim__rosidl_typesupport_introspection_c.dir/rosidl_typesupport_introspection_c/turtlesim/msg/detail/pose__type_support.c.o[0m
[72.421s] [ 47%] [32mBuilding C object CMakeFiles/turtlesim__rosidl_typesupport_introspection_c.dir/rosidl_typesupport_introspection_c/turtlesim/srv/detail/kill__type_support.c.o[0m
[72.547s] [ 47%] [32mBuilding CXX object CMakeFiles/turtlesim__rosidl_typesupport_fastrtps_cpp.dir/rosidl_typesupport_fastrtps_cpp/turtlesim/action/detail/dds_fastrtps/rotate_absolute__type_support.cpp.o[0m
[72.628s] [ 48%] [32mBuilding CXX object CMakeFiles/turtlesim__rosidl_typesupport_cpp.dir/rosidl_typesupport_cpp/turtlesim/srv/spawn__type_support.cpp.o[0m
[72.632s] [ 49%] [32mBuilding C object CMakeFiles/turtlesim__rosidl_typesupport_introspection_c.dir/rosidl_typesupport_introspection_c/turtlesim/srv/detail/set_pen__type_support.c.o[0m
[72.845s] [ 49%] [32mBuilding C object CMakeFiles/turtlesim__rosidl_typesupport_introspection_c.dir/rosidl_typesupport_introspection_c/turtlesim/srv/detail/spawn__type_support.c.o[0m
[73.045s] [ 50%] [32mBuilding C object CMakeFiles/turtlesim__rosidl_typesupport_introspection_c.dir/rosidl_typesupport_introspection_c/turtlesim/srv/detail/teleport_absolute__type_support.c.o[0m
[73.255s] [ 51%] [32mBuilding C object CMakeFiles/turtlesim__rosidl_typesupport_introspection_c.dir/rosidl_typesupport_introspection_c/turtlesim/srv/detail/teleport_relative__type_support.c.o[0m
[73.449s] [ 52%] [32m[1mLinking C shared library libturtlesim__rosidl_typesupport_introspection_c.so[0m
[74.211s] [ 53%] [32mBuilding CXX object CMakeFiles/turtlesim__rosidl_typesupport_cpp.dir/rosidl_typesupport_cpp/turtlesim/srv/teleport_absolute__type_support.cpp.o[0m
[74.391s] [ 54%] [32mBuilding CXX object CMakeFiles/turtlesim__rosidl_typesupport_cpp.dir/rosidl_typesupport_cpp/turtlesim/srv/teleport_relative__type_support.cpp.o[0m
[74.434s] [ 55%] [32mBuilding CXX object CMakeFiles/turtlesim__rosidl_typesupport_fastrtps_c.dir/rosidl_typesupport_fastrtps_c/turtlesim/msg/detail/color__type_support_c.cpp.o[0m
[74.601s] [ 56%] [32mBuilding CXX object CMakeFiles/turtlesim__rosidl_typesupport_fastrtps_c.dir/rosidl_typesupport_fastrtps_c/turtlesim/msg/detail/pose__type_support_c.cpp.o[0m
[74.740s] [ 56%] Built target turtlesim__rosidl_typesupport_introspection_c
[74.773s] [ 57%] [32mBuilding CXX object CMakeFiles/turtlesim__rosidl_typesupport_fastrtps_c.dir/rosidl_typesupport_fastrtps_c/turtlesim/srv/detail/kill__type_support_c.cpp.o[0m
[75.073s] [ 58%] [32mBuilding CXX object CMakeFiles/turtlesim__rosidl_typesupport_fastrtps_c.dir/rosidl_typesupport_fastrtps_c/turtlesim/srv/detail/set_pen__type_support_c.cpp.o[0m
[75.408s] [ 59%] [32mBuilding CXX object CMakeFiles/turtlesim__rosidl_typesupport_introspection_cpp.dir/rosidl_typesupport_introspection_cpp/turtlesim/msg/detail/color__type_support.cpp.o[0m
[76.075s] [ 59%] [32mBuilding CXX object CMakeFiles/turtlesim__rosidl_typesupport_fastrtps_c.dir/rosidl_typesupport_fastrtps_c/turtlesim/srv/detail/spawn__type_support_c.cpp.o[0m
[76.217s] [ 60%] [32mBuilding CXX object CMakeFiles/turtlesim__rosidl_typesupport_fastrtps_c.dir/rosidl_typesupport_fastrtps_c/turtlesim/srv/detail/teleport_absolute__type_support_c.cpp.o[0m
[76.512s] [ 61%] [32mBuilding CXX object CMakeFiles/turtlesim__rosidl_typesupport_fastrtps_c.dir/rosidl_typesupport_fastrtps_c/turtlesim/srv/detail/teleport_relative__type_support_c.cpp.o[0m
[76.594s] [ 62%] [32mBuilding CXX object CMakeFiles/turtlesim__rosidl_typesupport_introspection_cpp.dir/rosidl_typesupport_introspection_cpp/turtlesim/msg/detail/pose__type_support.cpp.o[0m
[76.766s] [ 62%] [32m[1mLinking CXX shared library libturtlesim__rosidl_typesupport_cpp.so[0m
[76.864s] [ 63%] [32mBuilding CXX object CMakeFiles/turtlesim__rosidl_typesupport_introspection_cpp.dir/rosidl_typesupport_introspection_cpp/turtlesim/srv/detail/kill__type_support.cpp.o[0m
[77.359s] [ 64%] [32mBuilding CXX object CMakeFiles/turtlesim__rosidl_typesupport_introspection_cpp.dir/rosidl_typesupport_introspection_cpp/turtlesim/srv/detail/set_pen__type_support.cpp.o[0m
[77.364s] [ 65%] [32mBuilding CXX object CMakeFiles/turtlesim__rosidl_typesupport_fastrtps_cpp.dir/rosidl_typesupport_fastrtps_cpp/turtlesim/msg/detail/dds_fastrtps/color__type_support.cpp.o[0m
[77.966s] [ 66%] [32mBuilding CXX object CMakeFiles/turtlesim__rosidl_typesupport_fastrtps_cpp.dir/rosidl_typesupport_fastrtps_cpp/turtlesim/msg/detail/dds_fastrtps/pose__type_support.cpp.o[0m
[78.290s] [ 67%] [32mBuilding CXX object CMakeFiles/turtlesim__rosidl_typesupport_fastrtps_cpp.dir/rosidl_typesupport_fastrtps_cpp/turtlesim/srv/detail/dds_fastrtps/kill__type_support.cpp.o[0m
[78.293s] [ 67%] Built target turtlesim__rosidl_typesupport_cpp
[78.329s] [ 68%] [34m[1mGenerating include/turtlesim/moc_turtle_frame.cpp[0m
[78.386s] [ 69%] [32m[1mLinking CXX shared library libturtlesim__rosidl_typesupport_fastrtps_c.so[0m
[78.640s] [ 70%] [32mBuilding CXX object CMakeFiles/turtlesim__rosidl_typesupport_introspection_cpp.dir/rosidl_typesupport_introspection_cpp/turtlesim/srv/detail/spawn__type_support.cpp.o[0m
[78.753s] [ 71%] [32mBuilding CXX object CMakeFiles/turtlesim_node.dir/src/turtlesim.cpp.o[0m
[79.441s] [ 72%] [32mBuilding CXX object CMakeFiles/turtlesim__rosidl_typesupport_introspection_cpp.dir/rosidl_typesupport_introspection_cpp/turtlesim/srv/detail/teleport_absolute__type_support.cpp.o[0m
[79.747s] [ 72%] Built target turtlesim__rosidl_typesupport_fastrtps_c
[79.827s] [ 73%] [32mBuilding CXX object CMakeFiles/turtle_teleop_key.dir/tutorials/teleop_turtle_key.cpp.o[0m
[79.881s] [ 73%] [32mBuilding CXX object CMakeFiles/turtlesim__rosidl_typesupport_introspection_cpp.dir/rosidl_typesupport_introspection_cpp/turtlesim/srv/detail/teleport_relative__type_support.cpp.o[0m
[80.272s] [ 74%] [32mBuilding CXX object CMakeFiles/turtlesim__rosidl_typesupport_fastrtps_cpp.dir/rosidl_typesupport_fastrtps_cpp/turtlesim/srv/detail/dds_fastrtps/set_pen__type_support.cpp.o[0m
[80.616s] [ 75%] [32mBuilding CXX object CMakeFiles/turtlesim__rosidl_typesupport_fastrtps_cpp.dir/rosidl_typesupport_fastrtps_cpp/turtlesim/srv/detail/dds_fastrtps/spawn__type_support.cpp.o[0m
[81.110s] [ 76%] [32mBuilding CXX object CMakeFiles/turtlesim__rosidl_typesupport_fastrtps_cpp.dir/rosidl_typesupport_fastrtps_cpp/turtlesim/srv/detail/dds_fastrtps/teleport_absolute__type_support.cpp.o[0m
[81.530s] [ 77%] [32mBuilding CXX object CMakeFiles/turtlesim__rosidl_typesupport_fastrtps_cpp.dir/rosidl_typesupport_fastrtps_cpp/turtlesim/srv/detail/dds_fastrtps/teleport_relative__type_support.cpp.o[0m
[81.943s] [ 77%] [32mBuilding CXX object CMakeFiles/draw_square.dir/tutorials/draw_square.cpp.o[0m
[82.249s] [ 78%] [32m[1mLinking CXX shared library libturtlesim__rosidl_typesupport_introspection_cpp.so[0m
[83.687s] [ 79%] [32mBuilding CXX object CMakeFiles/mimic.dir/tutorials/mimic.cpp.o[0m
[83.874s] [ 80%] [32mBuilding CXX object CMakeFiles/turtlesim_node.dir/src/turtle.cpp.o[0m
[83.900s] [ 80%] Built target turtlesim__rosidl_typesupport_introspection_cpp
[83.929s] [ 81%] [32mBuilding CXX object CMakeFiles/turtlesim_node.dir/src/turtle_frame.cpp.o[0m
[84.375s] [ 82%] [32mBuilding CXX object CMakeFiles/turtlesim_node.dir/include/turtlesim/moc_turtle_frame.cpp.o[0m
[84.767s] [ 82%] [32m[1mLinking CXX shared library libturtlesim__rosidl_typesupport_fastrtps_cpp.so[0m
[86.462s] [ 82%] Built target turtlesim__rosidl_typesupport_fastrtps_cpp
[86.538s] [ 82%] Built target turtlesim
[86.611s] [ 82%] [34m[1mGenerating Python code for ROS interfaces[0m
[104.377s] [ 82%] Built target turtlesim__py
[104.457s] [ 83%] [32mBuilding C object CMakeFiles/turtlesim__rosidl_generator_py.dir/rosidl_generator_py/turtlesim/action/_rotate_absolute_s.c.o[0m
[105.505s] [ 84%] [32mBuilding C object CMakeFiles/turtlesim__rosidl_generator_py.dir/rosidl_generator_py/turtlesim/msg/_color_s.c.o[0m
[105.988s] [ 84%] [32mBuilding C object CMakeFiles/turtlesim__rosidl_generator_py.dir/rosidl_generator_py/turtlesim/msg/_pose_s.c.o[0m
[106.488s] [ 85%] [32mBuilding C object CMakeFiles/turtlesim__rosidl_generator_py.dir/rosidl_generator_py/turtlesim/srv/_kill_s.c.o[0m
[107.294s] [ 86%] [32mBuilding C object CMakeFiles/turtlesim__rosidl_generator_py.dir/rosidl_generator_py/turtlesim/srv/_set_pen_s.c.o[0m
[107.967s] [ 87%] [32mBuilding C object CMakeFiles/turtlesim__rosidl_generator_py.dir/rosidl_generator_py/turtlesim/srv/_spawn_s.c.o[0m
[108.567s] [ 88%] [32mBuilding C object CMakeFiles/turtlesim__rosidl_generator_py.dir/rosidl_generator_py/turtlesim/srv/_teleport_absolute_s.c.o[0m
[109.148s] [ 89%] [32mBuilding C object CMakeFiles/turtlesim__rosidl_generator_py.dir/rosidl_generator_py/turtlesim/srv/_teleport_relative_s.c.o[0m
[109.732s] [ 90%] [32m[1mLinking C shared library rosidl_generator_py/turtlesim/libturtlesim__rosidl_generator_py.so[0m
[111.034s] [ 90%] Built target turtlesim__rosidl_generator_py
[111.100s] [ 92%] [32mBuilding C object CMakeFiles/turtlesim__rosidl_typesupport_fastrtps_c__pyext.dir/rosidl_generator_py/turtlesim/_turtlesim_s.ep.rosidl_typesupport_fastrtps_c.c.o[0m
[111.101s] [ 92%] [32mBuilding C object CMakeFiles/turtlesim__rosidl_typesupport_introspection_c__pyext.dir/rosidl_generator_py/turtlesim/_turtlesim_s.ep.rosidl_typesupport_introspection_c.c.o[0m
[111.994s] [ 93%] [32m[1mLinking C shared library rosidl_generator_py/turtlesim/turtlesim_s__rosidl_typesupport_fastrtps_c.cpython-310-x86_64-linux-gnu.so[0m
[112.012s] [ 94%] [32m[1mLinking C shared library rosidl_generator_py/turtlesim/turtlesim_s__rosidl_typesupport_introspection_c.cpython-310-x86_64-linux-gnu.so[0m
[112.835s] [ 94%] Built target turtlesim__rosidl_typesupport_introspection_c__pyext
[112.851s] [ 94%] Built target turtlesim__rosidl_typesupport_fastrtps_c__pyext
[112.896s] [ 95%] [32mBuilding C object CMakeFiles/turtlesim__rosidl_typesupport_c__pyext.dir/rosidl_generator_py/turtlesim/_turtlesim_s.ep.rosidl_typesupport_c.c.o[0m
[113.694s] [ 96%] [32m[1mLinking C shared library rosidl_generator_py/turtlesim/turtlesim_s__rosidl_typesupport_c.cpython-310-x86_64-linux-gnu.so[0m
[114.822s] [ 96%] Built target turtlesim__rosidl_typesupport_c__pyext
[115.312s] [ 97%] [32m[1mLinking CXX executable turtle_teleop_key[0m
[117.213s] [ 97%] Built target turtle_teleop_key
[122.926s] [ 98%] [32m[1mLinking CXX executable mimic[0m
[124.189s] [ 99%] [32m[1mLinking CXX executable draw_square[0m
[124.923s] [ 99%] Built target mimic
[126.146s] [ 99%] Built target draw_square
[131.444s] [100%] [32m[1mLinking CXX executable turtlesim_node[0m
[136.138s] [100%] Built target turtlesim_node
[136.158s] Invoked command in '/home/jake_161/Lunabotics/ros2_ws/build/turtlesim' returned '0': CMAKE_PREFIX_PATH=/opt/ros/iron /usr/bin/cmake --build /home/jake_161/Lunabotics/ros2_ws/build/turtlesim -- -j8 -l8
[136.536s] Invoking command in '/home/jake_161/Lunabotics/ros2_ws/build/turtlesim': CMAKE_PREFIX_PATH=/opt/ros/iron /usr/bin/cmake --install /home/jake_161/Lunabotics/ros2_ws/build/turtlesim
[136.546s] -- Install configuration: ""
[136.547s] -- Installing: /home/jake_161/Lunabotics/ros2_ws/install/turtlesim/share/ament_index/resource_index/rosidl_interfaces/turtlesim
[136.547s] -- Installing: /home/jake_161/Lunabotics/ros2_ws/install/turtlesim/share/turtlesim/action/RotateAbsolute.json
[136.548s] -- Installing: /home/jake_161/Lunabotics/ros2_ws/install/turtlesim/share/turtlesim/msg/Color.json
[136.548s] -- Installing: /home/jake_161/Lunabotics/ros2_ws/install/turtlesim/share/turtlesim/msg/Pose.json
[136.548s] -- Installing: /home/jake_161/Lunabotics/ros2_ws/install/turtlesim/share/turtlesim/srv/Kill.json
[136.549s] -- Installing: /home/jake_161/Lunabotics/ros2_ws/install/turtlesim/share/turtlesim/srv/SetPen.json
[136.549s] -- Installing: /home/jake_161/Lunabotics/ros2_ws/install/turtlesim/share/turtlesim/srv/Spawn.json
[136.549s] -- Installing: /home/jake_161/Lunabotics/ros2_ws/install/turtlesim/share/turtlesim/srv/TeleportAbsolute.json
[136.550s] -- Installing: /home/jake_161/Lunabotics/ros2_ws/install/turtlesim/share/turtlesim/srv/TeleportRelative.json
[136.550s] -- Installing: /home/jake_161/Lunabotics/ros2_ws/install/turtlesim/include/turtlesim/turtlesim
[136.550s] -- Installing: /home/jake_161/Lunabotics/ros2_ws/install/turtlesim/include/turtlesim/turtlesim/action
[136.550s] -- Installing: /home/jake_161/Lunabotics/ros2_ws/install/turtlesim/include/turtlesim/turtlesim/action/detail
[136.551s] -- Installing: /home/jake_161/Lunabotics/ros2_ws/install/turtlesim/include/turtlesim/turtlesim/action/detail/rotate_absolute__description.c
[136.551s] -- Installing: /home/jake_161/Lunabotics/ros2_ws/install/turtlesim/include/turtlesim/turtlesim/action/detail/rotate_absolute__type_support.c
[136.551s] -- Installing: /home/jake_161/Lunabotics/ros2_ws/install/turtlesim/include/turtlesim/turtlesim/action/detail/rotate_absolute__struct.h
[136.552s] -- Installing: /home/jake_161/Lunabotics/ros2_ws/install/turtlesim/include/turtlesim/turtlesim/action/detail/rotate_absolute__functions.c
[136.552s] -- Installing: /home/jake_161/Lunabotics/ros2_ws/install/turtlesim/include/turtlesim/turtlesim/action/detail/rotate_absolute__type_support.h
[136.552s] -- Installing: /home/jake_161/Lunabotics/ros2_ws/install/turtlesim/include/turtlesim/turtlesim/action/detail/rotate_absolute__functions.h
[136.553s] -- Installing: /home/jake_161/Lunabotics/ros2_ws/install/turtlesim/include/turtlesim/turtlesim/action/rotate_absolute.h
[136.553s] -- Installing: /home/jake_161/Lunabotics/ros2_ws/install/turtlesim/include/turtlesim/turtlesim/msg
[136.553s] -- Installing: /home/jake_161/Lunabotics/ros2_ws/install/turtlesim/include/turtlesim/turtlesim/msg/color.h
[136.553s] -- Installing: /home/jake_161/Lunabotics/ros2_ws/install/turtlesim/include/turtlesim/turtlesim/msg/pose.h
[136.554s] -- Installing: /home/jake_161/Lunabotics/ros2_ws/install/turtlesim/include/turtlesim/turtlesim/msg/detail
[136.554s] -- Installing: /home/jake_161/Lunabotics/ros2_ws/install/turtlesim/include/turtlesim/turtlesim/msg/detail/color__type_support.c
[136.555s] -- Installing: /home/jake_161/Lunabotics/ros2_ws/install/turtlesim/include/turtlesim/turtlesim/msg/detail/color__type_support.h
[136.555s] -- Installing: /home/jake_161/Lunabotics/ros2_ws/install/turtlesim/include/turtlesim/turtlesim/msg/detail/pose__type_support.c
[136.556s] -- Installing: /home/jake_161/Lunabotics/ros2_ws/install/turtlesim/include/turtlesim/turtlesim/msg/detail/pose__description.c
[136.556s] -- Installing: /home/jake_161/Lunabotics/ros2_ws/install/turtlesim/include/turtlesim/turtlesim/msg/detail/pose__functions.c
[136.556s] -- Installing: /home/jake_161/Lunabotics/ros2_ws/install/turtlesim/include/turtlesim/turtlesim/msg/detail/color__functions.h
[136.557s] -- Installing: /home/jake_161/Lunabotics/ros2_ws/install/turtlesim/include/turtlesim/turtlesim/msg/detail/pose__type_support.h
[136.557s] -- Installing: /home/jake_161/Lunabotics/ros2_ws/install/turtlesim/include/turtlesim/turtlesim/msg/detail/color__struct.h
[136.557s] -- Installing: /home/jake_161/Lunabotics/ros2_ws/install/turtlesim/include/turtlesim/turtlesim/msg/detail/color__functions.c
[136.557s] -- Installing: /home/jake_161/Lunabotics/ros2_ws/install/turtlesim/include/turtlesim/turtlesim/msg/detail/pose__functions.h
[136.558s] -- Installing: /home/jake_161/Lunabotics/ros2_ws/install/turtlesim/include/turtlesim/turtlesim/msg/detail/pose__struct.h
[136.558s] -- Installing: /home/jake_161/Lunabotics/ros2_ws/install/turtlesim/include/turtlesim/turtlesim/msg/detail/color__description.c
[136.558s] -- Installing: /home/jake_161/Lunabotics/ros2_ws/install/turtlesim/include/turtlesim/turtlesim/msg/rosidl_generator_c__visibility_control.h
[136.558s] -- Installing: /home/jake_161/Lunabotics/ros2_ws/install/turtlesim/include/turtlesim/turtlesim/srv
[136.559s] -- Installing: /home/jake_161/Lunabotics/ros2_ws/install/turtlesim/include/turtlesim/turtlesim/srv/set_pen.h
[136.559s] -- Installing: /home/jake_161/Lunabotics/ros2_ws/install/turtlesim/include/turtlesim/turtlesim/srv/teleport_relative.h
[136.559s] -- Installing: /home/jake_161/Lunabotics/ros2_ws/install/turtlesim/include/turtlesim/turtlesim/srv/spawn.h
[136.560s] -- Installing: /home/jake_161/Lunabotics/ros2_ws/install/turtlesim/include/turtlesim/turtlesim/srv/detail
[136.560s] -- Installing: /home/jake_161/Lunabotics/ros2_ws/install/turtlesim/include/turtlesim/turtlesim/srv/detail/kill__type_support.c
[136.560s] -- Installing: /home/jake_161/Lunabotics/ros2_ws/install/turtlesim/include/turtlesim/turtlesim/srv/detail/teleport_relative__type_support.h
[136.561s] -- Installing: /home/jake_161/Lunabotics/ros2_ws/install/turtlesim/include/turtlesim/turtlesim/srv/detail/set_pen__type_support.h
[136.561s] -- Installing: /home/jake_161/Lunabotics/ros2_ws/install/turtlesim/include/turtlesim/turtlesim/srv/detail/spawn__type_support.h
[136.561s] -- Installing: /home/jake_161/Lunabotics/ros2_ws/install/turtlesim/include/turtlesim/turtlesim/srv/detail/set_pen__struct.h
[136.561s] -- Installing: /home/jake_161/Lunabotics/ros2_ws/install/turtlesim/include/turtlesim/turtlesim/srv/detail/set_pen__description.c
[136.562s] -- Installing: /home/jake_161/Lunabotics/ros2_ws/install/turtlesim/include/turtlesim/turtlesim/srv/detail/kill__functions.h
[136.562s] -- Installing: /home/jake_161/Lunabotics/ros2_ws/install/turtlesim/include/turtlesim/turtlesim/srv/detail/spawn__struct.h
[136.562s] -- Installing: /home/jake_161/Lunabotics/ros2_ws/install/turtlesim/include/turtlesim/turtlesim/srv/detail/kill__functions.c
[136.562s] -- Installing: /home/jake_161/Lunabotics/ros2_ws/install/turtlesim/include/turtlesim/turtlesim/srv/detail/teleport_relative__type_support.c
[136.563s] -- Installing: /home/jake_161/Lunabotics/ros2_ws/install/turtlesim/include/turtlesim/turtlesim/srv/detail/teleport_relative__struct.h
[136.563s] -- Installing: /home/jake_161/Lunabotics/ros2_ws/install/turtlesim/include/turtlesim/turtlesim/srv/detail/teleport_absolute__struct.h
[136.563s] -- Installing: /home/jake_161/Lunabotics/ros2_ws/install/turtlesim/include/turtlesim/turtlesim/srv/detail/teleport_absolute__description.c
[136.564s] -- Installing: /home/jake_161/Lunabotics/ros2_ws/install/turtlesim/include/turtlesim/turtlesim/srv/detail/spawn__functions.c
[136.564s] -- Installing: /home/jake_161/Lunabotics/ros2_ws/install/turtlesim/include/turtlesim/turtlesim/srv/detail/set_pen__type_support.c
[136.564s] -- Installing: /home/jake_161/Lunabotics/ros2_ws/install/turtlesim/include/turtlesim/turtlesim/srv/detail/teleport_relative__description.c
[136.564s] -- Installing: /home/jake_161/Lunabotics/ros2_ws/install/turtlesim/include/turtlesim/turtlesim/srv/detail/spawn__type_support.c
[136.565s] -- Installing: /home/jake_161/Lunabotics/ros2_ws/install/turtlesim/include/turtlesim/turtlesim/srv/detail/set_pen__functions.h
[136.565s] -- Installing: /home/jake_161/Lunabotics/ros2_ws/install/turtlesim/include/turtlesim/turtlesim/srv/detail/teleport_relative__functions.h
[136.565s] -- Installing: /home/jake_161/Lunabotics/ros2_ws/install/turtlesim/include/turtlesim/turtlesim/srv/detail/spawn__functions.h
[136.565s] -- Installing: /home/jake_161/Lunabotics/ros2_ws/install/turtlesim/include/turtlesim/turtlesim/srv/detail/teleport_absolute__type_support.h
[136.566s] -- Installing: /home/jake_161/Lunabotics/ros2_ws/install/turtlesim/include/turtlesim/turtlesim/srv/detail/set_pen__functions.c
[136.566s] -- Installing: /home/jake_161/Lunabotics/ros2_ws/install/turtlesim/include/turtlesim/turtlesim/srv/detail/kill__struct.h
[136.566s] -- Installing: /home/jake_161/Lunabotics/ros2_ws/install/turtlesim/include/turtlesim/turtlesim/srv/detail/kill__type_support.h
[136.566s] -- Installing: /home/jake_161/Lunabotics/ros2_ws/install/turtlesim/include/turtlesim/turtlesim/srv/detail/teleport_relative__functions.c
[136.567s] -- Installing: /home/jake_161/Lunabotics/ros2_ws/install/turtlesim/include/turtlesim/turtlesim/srv/detail/teleport_absolute__functions.c
[136.567s] -- Installing: /home/jake_161/Lunabotics/ros2_ws/install/turtlesim/include/turtlesim/turtlesim/srv/detail/teleport_absolute__functions.h
[136.567s] -- Installing: /home/jake_161/Lunabotics/ros2_ws/install/turtlesim/include/turtlesim/turtlesim/srv/detail/teleport_absolute__type_support.c
[136.568s] -- Installing: /home/jake_161/Lunabotics/ros2_ws/install/turtlesim/include/turtlesim/turtlesim/srv/detail/spawn__description.c
[136.568s] -- Installing: /home/jake_161/Lunabotics/ros2_ws/install/turtlesim/include/turtlesim/turtlesim/srv/detail/kill__description.c
[136.568s] -- Installing: /home/jake_161/Lunabotics/ros2_ws/install/turtlesim/include/turtlesim/turtlesim/srv/teleport_absolute.h
[136.569s] -- Installing: /home/jake_161/Lunabotics/ros2_ws/install/turtlesim/include/turtlesim/turtlesim/srv/kill.h
[136.569s] -- Installing: /home/jake_161/Lunabotics/ros2_ws/install/turtlesim/share/turtlesim/environment/library_path.sh
[136.569s] -- Installing: /home/jake_161/Lunabotics/ros2_ws/install/turtlesim/share/turtlesim/environment/library_path.dsv
[136.570s] -- Installing: /home/jake_161/Lunabotics/ros2_ws/install/turtlesim/lib/libturtlesim__rosidl_generator_c.so
[136.570s] -- Set runtime path of "/home/jake_161/Lunabotics/ros2_ws/install/turtlesim/lib/libturtlesim__rosidl_generator_c.so" to ""
[136.570s] -- Up-to-date: /home/jake_161/Lunabotics/ros2_ws/install/turtlesim/include/turtlesim/turtlesim
[136.570s] -- Up-to-date: /home/jake_161/Lunabotics/ros2_ws/install/turtlesim/include/turtlesim/turtlesim/action
[136.571s] -- Up-to-date: /home/jake_161/Lunabotics/ros2_ws/install/turtlesim/include/turtlesim/turtlesim/action/detail
[136.571s] -- Installing: /home/jake_161/Lunabotics/ros2_ws/install/turtlesim/include/turtlesim/turtlesim/action/detail/rotate_absolute__rosidl_typesupport_fastrtps_c.h
[136.571s] -- Up-to-date: /home/jake_161/Lunabotics/ros2_ws/install/turtlesim/include/turtlesim/turtlesim/msg
[136.571s] -- Up-to-date: /home/jake_161/Lunabotics/ros2_ws/install/turtlesim/include/turtlesim/turtlesim/msg/detail
[136.572s] -- Installing: /home/jake_161/Lunabotics/ros2_ws/install/turtlesim/include/turtlesim/turtlesim/msg/detail/color__rosidl_typesupport_fastrtps_c.h
[136.572s] -- Installing: /home/jake_161/Lunabotics/ros2_ws/install/turtlesim/include/turtlesim/turtlesim/msg/detail/pose__rosidl_typesupport_fastrtps_c.h
[136.572s] -- Installing: /home/jake_161/Lunabotics/ros2_ws/install/turtlesim/include/turtlesim/turtlesim/msg/rosidl_typesupport_fastrtps_c__visibility_control.h
[136.572s] -- Up-to-date: /home/jake_161/Lunabotics/ros2_ws/install/turtlesim/include/turtlesim/turtlesim/srv
[136.573s] -- Up-to-date: /home/jake_161/Lunabotics/ros2_ws/install/turtlesim/include/turtlesim/turtlesim/srv/detail
[136.573s] -- Installing: /home/jake_161/Lunabotics/ros2_ws/install/turtlesim/include/turtlesim/turtlesim/srv/detail/spawn__rosidl_typesupport_fastrtps_c.h
[136.573s] -- Installing: /home/jake_161/Lunabotics/ros2_ws/install/turtlesim/include/turtlesim/turtlesim/srv/detail/teleport_relative__rosidl_typesupport_fastrtps_c.h
[136.574s] -- Installing: /home/jake_161/Lunabotics/ros2_ws/install/turtlesim/include/turtlesim/turtlesim/srv/detail/kill__rosidl_typesupport_fastrtps_c.h
[136.574s] -- Installing: /home/jake_161/Lunabotics/ros2_ws/install/turtlesim/include/turtlesim/turtlesim/srv/detail/set_pen__rosidl_typesupport_fastrtps_c.h
[136.574s] -- Installing: /home/jake_161/Lunabotics/ros2_ws/install/turtlesim/include/turtlesim/turtlesim/srv/detail/teleport_absolute__rosidl_typesupport_fastrtps_c.h
[136.574s] -- Installing: /home/jake_161/Lunabotics/ros2_ws/install/turtlesim/lib/libturtlesim__rosidl_typesupport_fastrtps_c.so
[136.575s] -- Set runtime path of "/home/jake_161/Lunabotics/ros2_ws/install/turtlesim/lib/libturtlesim__rosidl_typesupport_fastrtps_c.so" to ""
[136.575s] -- Up-to-date: /home/jake_161/Lunabotics/ros2_ws/install/turtlesim/include/turtlesim/turtlesim
[136.575s] -- Up-to-date: /home/jake_161/Lunabotics/ros2_ws/install/turtlesim/include/turtlesim/turtlesim/action
[136.576s] -- Installing: /home/jake_161/Lunabotics/ros2_ws/install/turtlesim/include/turtlesim/turtlesim/action/rotate_absolute.hpp
[136.577s] -- Up-to-date: /home/jake_161/Lunabotics/ros2_ws/install/turtlesim/include/turtlesim/turtlesim/action/detail
[136.577s] -- Installing: /home/jake_161/Lunabotics/ros2_ws/install/turtlesim/include/turtlesim/turtlesim/action/detail/rotate_absolute__builder.hpp
[136.577s] -- Installing: /home/jake_161/Lunabotics/ros2_ws/install/turtlesim/include/turtlesim/turtlesim/action/detail/rotate_absolute__struct.hpp
[136.577s] -- Installing: /home/jake_161/Lunabotics/ros2_ws/install/turtlesim/include/turtlesim/turtlesim/action/detail/rotate_absolute__traits.hpp
[136.578s] -- Up-to-date: /home/jake_161/Lunabotics/ros2_ws/install/turtlesim/include/turtlesim/turtlesim/msg
[136.578s] -- Up-to-date: /home/jake_161/Lunabotics/ros2_ws/install/turtlesim/include/turtlesim/turtlesim/msg/detail
[136.578s] -- Installing: /home/jake_161/Lunabotics/ros2_ws/install/turtlesim/include/turtlesim/turtlesim/msg/detail/color__traits.hpp
[136.579s] -- Installing: /home/jake_161/Lunabotics/ros2_ws/install/turtlesim/include/turtlesim/turtlesim/msg/detail/pose__struct.hpp
[136.579s] -- Installing: /home/jake_161/Lunabotics/ros2_ws/install/turtlesim/include/turtlesim/turtlesim/msg/detail/pose__builder.hpp
[136.579s] -- Installing: /home/jake_161/Lunabotics/ros2_ws/install/turtlesim/include/turtlesim/turtlesim/msg/detail/color__builder.hpp
[136.579s] -- Installing: /home/jake_161/Lunabotics/ros2_ws/install/turtlesim/include/turtlesim/turtlesim/msg/detail/color__struct.hpp
[136.580s] -- Installing: /home/jake_161/Lunabotics/ros2_ws/install/turtlesim/include/turtlesim/turtlesim/msg/detail/pose__traits.hpp
[136.580s] -- Installing: /home/jake_161/Lunabotics/ros2_ws/install/turtlesim/include/turtlesim/turtlesim/msg/pose.hpp
[136.580s] -- Installing: /home/jake_161/Lunabotics/ros2_ws/install/turtlesim/include/turtlesim/turtlesim/msg/color.hpp
[136.581s] -- Up-to-date: /home/jake_161/Lunabotics/ros2_ws/install/turtlesim/include/turtlesim/turtlesim/srv
[136.581s] -- Installing: /home/jake_161/Lunabotics/ros2_ws/install/turtlesim/include/turtlesim/turtlesim/srv/set_pen.hpp
[136.581s] -- Installing: /home/jake_161/Lunabotics/ros2_ws/install/turtlesim/include/turtlesim/turtlesim/srv/kill.hpp
[136.581s] -- Installing: /home/jake_161/Lunabotics/ros2_ws/install/turtlesim/include/turtlesim/turtlesim/srv/spawn.hpp
[136.582s] -- Installing: /home/jake_161/Lunabotics/ros2_ws/install/turtlesim/include/turtlesim/turtlesim/srv/teleport_absolute.hpp
[136.582s] -- Up-to-date: /home/jake_161/Lunabotics/ros2_ws/install/turtlesim/include/turtlesim/turtlesim/srv/detail
[136.582s] -- Installing: /home/jake_161/Lunabotics/ros2_ws/install/turtlesim/include/turtlesim/turtlesim/srv/detail/kill__struct.hpp
[136.582s] -- Installing: /home/jake_161/Lunabotics/ros2_ws/install/turtlesim/include/turtlesim/turtlesim/srv/detail/kill__builder.hpp
[136.583s] -- Installing: /home/jake_161/Lunabotics/ros2_ws/install/turtlesim/include/turtlesim/turtlesim/srv/detail/teleport_absolute__builder.hpp
[136.583s] -- Installing: /home/jake_161/Lunabotics/ros2_ws/install/turtlesim/include/turtlesim/turtlesim/srv/detail/set_pen__builder.hpp
[136.583s] -- Installing: /home/jake_161/Lunabotics/ros2_ws/install/turtlesim/include/turtlesim/turtlesim/srv/detail/teleport_relative__builder.hpp
[136.583s] -- Installing: /home/jake_161/Lunabotics/ros2_ws/install/turtlesim/include/turtlesim/turtlesim/srv/detail/teleport_absolute__struct.hpp
[136.584s] -- Installing: /home/jake_161/Lunabotics/ros2_ws/install/turtlesim/include/turtlesim/turtlesim/srv/detail/set_pen__struct.hpp
[136.584s] -- Installing: /home/jake_161/Lunabotics/ros2_ws/install/turtlesim/include/turtlesim/turtlesim/srv/detail/spawn__builder.hpp
[136.584s] -- Installing: /home/jake_161/Lunabotics/ros2_ws/install/turtlesim/include/turtlesim/turtlesim/srv/detail/teleport_absolute__traits.hpp
[136.585s] -- Installing: /home/jake_161/Lunabotics/ros2_ws/install/turtlesim/include/turtlesim/turtlesim/srv/detail/kill__traits.hpp
[136.585s] -- Installing: /home/jake_161/Lunabotics/ros2_ws/install/turtlesim/include/turtlesim/turtlesim/srv/detail/spawn__struct.hpp
[136.585s] -- Installing: /home/jake_161/Lunabotics/ros2_ws/install/turtlesim/include/turtlesim/turtlesim/srv/detail/teleport_relative__traits.hpp
[136.586s] -- Installing: /home/jake_161/Lunabotics/ros2_ws/install/turtlesim/include/turtlesim/turtlesim/srv/detail/teleport_relative__struct.hpp
[136.586s] -- Installing: /home/jake_161/Lunabotics/ros2_ws/install/turtlesim/include/turtlesim/turtlesim/srv/detail/spawn__traits.hpp
[136.586s] -- Installing: /home/jake_161/Lunabotics/ros2_ws/install/turtlesim/include/turtlesim/turtlesim/srv/detail/set_pen__traits.hpp
[136.586s] -- Installing: /home/jake_161/Lunabotics/ros2_ws/install/turtlesim/include/turtlesim/turtlesim/srv/teleport_relative.hpp
[136.587s] -- Up-to-date: /home/jake_161/Lunabotics/ros2_ws/install/turtlesim/include/turtlesim/turtlesim
[136.587s] -- Up-to-date: /home/jake_161/Lunabotics/ros2_ws/install/turtlesim/include/turtlesim/turtlesim/action
[136.587s] -- Up-to-date: /home/jake_161/Lunabotics/ros2_ws/install/turtlesim/include/turtlesim/turtlesim/action/detail
[136.588s] -- Installing: /home/jake_161/Lunabotics/ros2_ws/install/turtlesim/include/turtlesim/turtlesim/action/detail/rotate_absolute__rosidl_typesupport_fastrtps_cpp.hpp
[136.588s] -- Installing: /home/jake_161/Lunabotics/ros2_ws/install/turtlesim/include/turtlesim/turtlesim/action/detail/dds_fastrtps
[136.588s] -- Up-to-date: /home/jake_161/Lunabotics/ros2_ws/install/turtlesim/include/turtlesim/turtlesim/msg
[136.588s] -- Installing: /home/jake_161/Lunabotics/ros2_ws/install/turtlesim/include/turtlesim/turtlesim/msg/rosidl_typesupport_fastrtps_cpp__visibility_control.h
[136.588s] -- Up-to-date: /home/jake_161/Lunabotics/ros2_ws/install/turtlesim/include/turtlesim/turtlesim/msg/detail
[136.588s] -- Installing: /home/jake_161/Lunabotics/ros2_ws/install/turtlesim/include/turtlesim/turtlesim/msg/detail/pose__rosidl_typesupport_fastrtps_cpp.hpp
[136.588s] -- Installing: /home/jake_161/Lunabotics/ros2_ws/install/turtlesim/include/turtlesim/turtlesim/msg/detail/color__rosidl_typesupport_fastrtps_cpp.hpp
[136.588s] -- Installing: /home/jake_161/Lunabotics/ros2_ws/install/turtlesim/include/turtlesim/turtlesim/msg/detail/dds_fastrtps
[136.589s] -- Up-to-date: /home/jake_161/Lunabotics/ros2_ws/install/turtlesim/include/turtlesim/turtlesim/srv
[136.589s] -- Up-to-date: /home/jake_161/Lunabotics/ros2_ws/install/turtlesim/include/turtlesim/turtlesim/srv/detail
[136.589s] -- Installing: /home/jake_161/Lunabotics/ros2_ws/install/turtlesim/include/turtlesim/turtlesim/srv/detail/set_pen__rosidl_typesupport_fastrtps_cpp.hpp
[136.589s] -- Installing: /home/jake_161/Lunabotics/ros2_ws/install/turtlesim/include/turtlesim/turtlesim/srv/detail/teleport_absolute__rosidl_typesupport_fastrtps_cpp.hpp
[136.589s] -- Installing: /home/jake_161/Lunabotics/ros2_ws/install/turtlesim/include/turtlesim/turtlesim/srv/detail/spawn__rosidl_typesupport_fastrtps_cpp.hpp
[136.589s] -- Installing: /home/jake_161/Lunabotics/ros2_ws/install/turtlesim/include/turtlesim/turtlesim/srv/detail/dds_fastrtps
[136.589s] -- Installing: /home/jake_161/Lunabotics/ros2_ws/install/turtlesim/include/turtlesim/turtlesim/srv/detail/teleport_relative__rosidl_typesupport_fastrtps_cpp.hpp
[136.590s] -- Installing: /home/jake_161/Lunabotics/ros2_ws/install/turtlesim/include/turtlesim/turtlesim/srv/detail/kill__rosidl_typesupport_fastrtps_cpp.hpp
[136.590s] -- Installing: /home/jake_161/Lunabotics/ros2_ws/install/turtlesim/lib/libturtlesim__rosidl_typesupport_fastrtps_cpp.so
[136.590s] -- Set runtime path of "/home/jake_161/Lunabotics/ros2_ws/install/turtlesim/lib/libturtlesim__rosidl_typesupport_fastrtps_cpp.so" to ""
[136.591s] -- Up-to-date: /home/jake_161/Lunabotics/ros2_ws/install/turtlesim/include/turtlesim/turtlesim
[136.591s] -- Up-to-date: /home/jake_161/Lunabotics/ros2_ws/install/turtlesim/include/turtlesim/turtlesim/action
[136.591s] -- Up-to-date: /home/jake_161/Lunabotics/ros2_ws/install/turtlesim/include/turtlesim/turtlesim/action/detail
[136.591s] -- Installing: /home/jake_161/Lunabotics/ros2_ws/install/turtlesim/include/turtlesim/turtlesim/action/detail/rotate_absolute__rosidl_typesupport_introspection_c.h
[136.592s] -- Installing: /home/jake_161/Lunabotics/ros2_ws/install/turtlesim/include/turtlesim/turtlesim/action/detail/rotate_absolute__type_support.c
[136.592s] -- Up-to-date: /home/jake_161/Lunabotics/ros2_ws/install/turtlesim/include/turtlesim/turtlesim/msg
[136.592s] -- Installing: /home/jake_161/Lunabotics/ros2_ws/install/turtlesim/include/turtlesim/turtlesim/msg/rosidl_typesupport_introspection_c__visibility_control.h
[136.593s] -- Up-to-date: /home/jake_161/Lunabotics/ros2_ws/install/turtlesim/include/turtlesim/turtlesim/msg/detail
[136.593s] -- Installing: /home/jake_161/Lunabotics/ros2_ws/install/turtlesim/include/turtlesim/turtlesim/msg/detail/color__type_support.c
[136.593s] -- Installing: /home/jake_161/Lunabotics/ros2_ws/install/turtlesim/include/turtlesim/turtlesim/msg/detail/pose__type_support.c
[136.593s] -- Installing: /home/jake_161/Lunabotics/ros2_ws/install/turtlesim/include/turtlesim/turtlesim/msg/detail/color__rosidl_typesupport_introspection_c.h
[136.594s] -- Installing: /home/jake_161/Lunabotics/ros2_ws/install/turtlesim/include/turtlesim/turtlesim/msg/detail/pose__rosidl_typesupport_introspection_c.h
[136.594s] -- Up-to-date: /home/jake_161/Lunabotics/ros2_ws/install/turtlesim/include/turtlesim/turtlesim/srv
[136.594s] -- Up-to-date: /home/jake_161/Lunabotics/ros2_ws/install/turtlesim/include/turtlesim/turtlesim/srv/detail
[136.594s] -- Installing: /home/jake_161/Lunabotics/ros2_ws/install/turtlesim/include/turtlesim/turtlesim/srv/detail/kill__type_support.c
[136.595s] -- Installing: /home/jake_161/Lunabotics/ros2_ws/install/turtlesim/include/turtlesim/turtlesim/srv/detail/teleport_absolute__rosidl_typesupport_introspection_c.h
[136.595s] -- Installing: /home/jake_161/Lunabotics/ros2_ws/install/turtlesim/include/turtlesim/turtlesim/srv/detail/teleport_relative__type_support.c
[136.595s] -- Installing: /home/jake_161/Lunabotics/ros2_ws/install/turtlesim/include/turtlesim/turtlesim/srv/detail/teleport_relative__rosidl_typesupport_introspection_c.h
[136.595s] -- Installing: /home/jake_161/Lunabotics/ros2_ws/install/turtlesim/include/turtlesim/turtlesim/srv/detail/set_pen__type_support.c
[136.595s] -- Installing: /home/jake_161/Lunabotics/ros2_ws/install/turtlesim/include/turtlesim/turtlesim/srv/detail/spawn__type_support.c
[136.595s] -- Installing: /home/jake_161/Lunabotics/ros2_ws/install/turtlesim/include/turtlesim/turtlesim/srv/detail/kill__rosidl_typesupport_introspection_c.h
[136.595s] -- Installing: /home/jake_161/Lunabotics/ros2_ws/install/turtlesim/include/turtlesim/turtlesim/srv/detail/set_pen__rosidl_typesupport_introspection_c.h
[136.595s] -- Installing: /home/jake_161/Lunabotics/ros2_ws/install/turtlesim/include/turtlesim/turtlesim/srv/detail/spawn__rosidl_typesupport_introspection_c.h
[136.595s] -- Installing: /home/jake_161/Lunabotics/ros2_ws/install/turtlesim/include/turtlesim/turtlesim/srv/detail/teleport_absolute__type_support.c
[136.596s] -- Installing: /home/jake_161/Lunabotics/ros2_ws/install/turtlesim/lib/libturtlesim__rosidl_typesupport_introspection_c.so
[136.596s] -- Set runtime path of "/home/jake_161/Lunabotics/ros2_ws/install/turtlesim/lib/libturtlesim__rosidl_typesupport_introspection_c.so" to ""
[136.596s] -- Installing: /home/jake_161/Lunabotics/ros2_ws/install/turtlesim/lib/libturtlesim__rosidl_typesupport_c.so
[136.596s] -- Set runtime path of "/home/jake_161/Lunabotics/ros2_ws/install/turtlesim/lib/libturtlesim__rosidl_typesupport_c.so" to ""
[136.597s] -- Up-to-date: /home/jake_161/Lunabotics/ros2_ws/install/turtlesim/include/turtlesim/turtlesim
[136.597s] -- Up-to-date: /home/jake_161/Lunabotics/ros2_ws/install/turtlesim/include/turtlesim/turtlesim/action
[136.597s] -- Up-to-date: /home/jake_161/Lunabotics/ros2_ws/install/turtlesim/include/turtlesim/turtlesim/action/detail
[136.597s] -- Installing: /home/jake_161/Lunabotics/ros2_ws/install/turtlesim/include/turtlesim/turtlesim/action/detail/rotate_absolute__type_support.cpp
[136.598s] -- Installing: /home/jake_161/Lunabotics/ros2_ws/install/turtlesim/include/turtlesim/turtlesim/action/detail/rotate_absolute__rosidl_typesupport_introspection_cpp.hpp
[136.598s] -- Up-to-date: /home/jake_161/Lunabotics/ros2_ws/install/turtlesim/include/turtlesim/turtlesim/msg
[136.598s] -- Up-to-date: /home/jake_161/Lunabotics/ros2_ws/install/turtlesim/include/turtlesim/turtlesim/msg/detail
[136.598s] -- Installing: /home/jake_161/Lunabotics/ros2_ws/install/turtlesim/include/turtlesim/turtlesim/msg/detail/color__rosidl_typesupport_introspection_cpp.hpp
[136.598s] -- Installing: /home/jake_161/Lunabotics/ros2_ws/install/turtlesim/include/turtlesim/turtlesim/msg/detail/pose__type_support.cpp
[136.598s] -- Installing: /home/jake_161/Lunabotics/ros2_ws/install/turtlesim/include/turtlesim/turtlesim/msg/detail/pose__rosidl_typesupport_introspection_cpp.hpp
[136.599s] -- Installing: /home/jake_161/Lunabotics/ros2_ws/install/turtlesim/include/turtlesim/turtlesim/msg/detail/color__type_support.cpp
[136.599s] -- Up-to-date: /home/jake_161/Lunabotics/ros2_ws/install/turtlesim/include/turtlesim/turtlesim/srv
[136.599s] -- Up-to-date: /home/jake_161/Lunabotics/ros2_ws/install/turtlesim/include/turtlesim/turtlesim/srv/detail
[136.599s] -- Installing: /home/jake_161/Lunabotics/ros2_ws/install/turtlesim/include/turtlesim/turtlesim/srv/detail/teleport_relative__type_support.cpp
[136.600s] -- Installing: /home/jake_161/Lunabotics/ros2_ws/install/turtlesim/include/turtlesim/turtlesim/srv/detail/kill__type_support.cpp
[136.600s] -- Installing: /home/jake_161/Lunabotics/ros2_ws/install/turtlesim/include/turtlesim/turtlesim/srv/detail/spawn__type_support.cpp
[136.600s] -- Installing: /home/jake_161/Lunabotics/ros2_ws/install/turtlesim/include/turtlesim/turtlesim/srv/detail/teleport_absolute__type_support.cpp
[136.600s] -- Installing: /home/jake_161/Lunabotics/ros2_ws/install/turtlesim/include/turtlesim/turtlesim/srv/detail/kill__rosidl_typesupport_introspection_cpp.hpp
[136.601s] -- Installing: /home/jake_161/Lunabotics/ros2_ws/install/turtlesim/include/turtlesim/turtlesim/srv/detail/teleport_relative__rosidl_typesupport_introspection_cpp.hpp
[136.601s] -- Installing: /home/jake_161/Lunabotics/ros2_ws/install/turtlesim/include/turtlesim/turtlesim/srv/detail/set_pen__rosidl_typesupport_introspection_cpp.hpp
[136.601s] -- Installing: /home/jake_161/Lunabotics/ros2_ws/install/turtlesim/include/turtlesim/turtlesim/srv/detail/set_pen__type_support.cpp
[136.601s] -- Installing: /home/jake_161/Lunabotics/ros2_ws/install/turtlesim/include/turtlesim/turtlesim/srv/detail/teleport_absolute__rosidl_typesupport_introspection_cpp.hpp
[136.602s] -- Installing: /home/jake_161/Lunabotics/ros2_ws/install/turtlesim/include/turtlesim/turtlesim/srv/detail/spawn__rosidl_typesupport_introspection_cpp.hpp
[136.602s] -- Installing: /home/jake_161/Lunabotics/ros2_ws/install/turtlesim/lib/libturtlesim__rosidl_typesupport_introspection_cpp.so
[136.602s] -- Set runtime path of "/home/jake_161/Lunabotics/ros2_ws/install/turtlesim/lib/libturtlesim__rosidl_typesupport_introspection_cpp.so" to ""
[136.602s] -- Installing: /home/jake_161/Lunabotics/ros2_ws/install/turtlesim/lib/libturtlesim__rosidl_typesupport_cpp.so
[136.603s] -- Set runtime path of "/home/jake_161/Lunabotics/ros2_ws/install/turtlesim/lib/libturtlesim__rosidl_typesupport_cpp.so" to ""
[136.603s] -- Installing: /home/jake_161/Lunabotics/ros2_ws/install/turtlesim/share/turtlesim/environment/pythonpath.sh
[136.603s] -- Installing: /home/jake_161/Lunabotics/ros2_ws/install/turtlesim/share/turtlesim/environment/pythonpath.dsv
[136.604s] -- Installing: /home/jake_161/Lunabotics/ros2_ws/install/turtlesim/lib/python3.10/site-packages/turtlesim-1.6.1-py3.10.egg-info
[136.604s] -- Installing: /home/jake_161/Lunabotics/ros2_ws/install/turtlesim/lib/python3.10/site-packages/turtlesim-1.6.1-py3.10.egg-info/SOURCES.txt
[136.604s] -- Installing: /home/jake_161/Lunabotics/ros2_ws/install/turtlesim/lib/python3.10/site-packages/turtlesim-1.6.1-py3.10.egg-info/dependency_links.txt
[136.605s] -- Installing: /home/jake_161/Lunabotics/ros2_ws/install/turtlesim/lib/python3.10/site-packages/turtlesim-1.6.1-py3.10.egg-info/PKG-INFO
[136.605s] -- Installing: /home/jake_161/Lunabotics/ros2_ws/install/turtlesim/lib/python3.10/site-packages/turtlesim-1.6.1-py3.10.egg-info/top_level.txt
[136.605s] -- Installing: /home/jake_161/Lunabotics/ros2_ws/install/turtlesim/lib/python3.10/site-packages/turtlesim
[136.606s] -- Installing: /home/jake_161/Lunabotics/ros2_ws/install/turtlesim/lib/python3.10/site-packages/turtlesim/libturtlesim__rosidl_generator_py.so
[136.606s] -- Installing: /home/jake_161/Lunabotics/ros2_ws/install/turtlesim/lib/python3.10/site-packages/turtlesim/_turtlesim_s.ep.rosidl_typesupport_c.c
[136.606s] -- Installing: /home/jake_161/Lunabotics/ros2_ws/install/turtlesim/lib/python3.10/site-packages/turtlesim/__init__.py
[136.606s] -- Installing: /home/jake_161/Lunabotics/ros2_ws/install/turtlesim/lib/python3.10/site-packages/turtlesim/turtlesim_s__rosidl_typesupport_fastrtps_c.cpython-310-x86_64-linux-gnu.so
[136.607s] -- Installing: /home/jake_161/Lunabotics/ros2_ws/install/turtlesim/lib/python3.10/site-packages/turtlesim/action
[136.607s] -- Installing: /home/jake_161/Lunabotics/ros2_ws/install/turtlesim/lib/python3.10/site-packages/turtlesim/action/__init__.py
[136.607s] -- Installing: /home/jake_161/Lunabotics/ros2_ws/install/turtlesim/lib/python3.10/site-packages/turtlesim/action/_rotate_absolute_s.c
[136.608s] -- Installing: /home/jake_161/Lunabotics/ros2_ws/install/turtlesim/lib/python3.10/site-packages/turtlesim/action/_rotate_absolute.py
[136.608s] -- Installing: /home/jake_161/Lunabotics/ros2_ws/install/turtlesim/lib/python3.10/site-packages/turtlesim/msg
[136.608s] -- Installing: /home/jake_161/Lunabotics/ros2_ws/install/turtlesim/lib/python3.10/site-packages/turtlesim/msg/_pose_s.c
[136.608s] -- Installing: /home/jake_161/Lunabotics/ros2_ws/install/turtlesim/lib/python3.10/site-packages/turtlesim/msg/__init__.py
[136.608s] -- Installing: /home/jake_161/Lunabotics/ros2_ws/install/turtlesim/lib/python3.10/site-packages/turtlesim/msg/_pose.py
[136.609s] -- Installing: /home/jake_161/Lunabotics/ros2_ws/install/turtlesim/lib/python3.10/site-packages/turtlesim/msg/_color.py
[136.609s] -- Installing: /home/jake_161/Lunabotics/ros2_ws/install/turtlesim/lib/python3.10/site-packages/turtlesim/msg/_color_s.c
[136.609s] -- Installing: /home/jake_161/Lunabotics/ros2_ws/install/turtlesim/lib/python3.10/site-packages/turtlesim/_turtlesim_s.ep.rosidl_typesupport_fastrtps_c.c
[136.609s] -- Installing: /home/jake_161/Lunabotics/ros2_ws/install/turtlesim/lib/python3.10/site-packages/turtlesim/turtlesim_s__rosidl_typesupport_c.cpython-310-x86_64-linux-gnu.so
[136.609s] -- Installing: /home/jake_161/Lunabotics/ros2_ws/install/turtlesim/lib/python3.10/site-packages/turtlesim/_turtlesim_s.ep.rosidl_typesupport_introspection_c.c
[136.609s] -- Installing: /home/jake_161/Lunabotics/ros2_ws/install/turtlesim/lib/python3.10/site-packages/turtlesim/turtlesim_s__rosidl_typesupport_introspection_c.cpython-310-x86_64-linux-gnu.so
[136.609s] -- Installing: /home/jake_161/Lunabotics/ros2_ws/install/turtlesim/lib/python3.10/site-packages/turtlesim/srv
[136.609s] -- Installing: /home/jake_161/Lunabotics/ros2_ws/install/turtlesim/lib/python3.10/site-packages/turtlesim/srv/_kill_s.c
[136.609s] -- Installing: /home/jake_161/Lunabotics/ros2_ws/install/turtlesim/lib/python3.10/site-packages/turtlesim/srv/_teleport_relative_s.c
[136.609s] -- Installing: /home/jake_161/Lunabotics/ros2_ws/install/turtlesim/lib/python3.10/site-packages/turtlesim/srv/_teleport_absolute_s.c
[136.609s] -- Installing: /home/jake_161/Lunabotics/ros2_ws/install/turtlesim/lib/python3.10/site-packages/turtlesim/srv/__init__.py
[136.610s] -- Installing: /home/jake_161/Lunabotics/ros2_ws/install/turtlesim/lib/python3.10/site-packages/turtlesim/srv/_set_pen.py
[136.610s] -- Installing: /home/jake_161/Lunabotics/ros2_ws/install/turtlesim/lib/python3.10/site-packages/turtlesim/srv/_spawn.py
[136.610s] -- Installing: /home/jake_161/Lunabotics/ros2_ws/install/turtlesim/lib/python3.10/site-packages/turtlesim/srv/_teleport_absolute.py
[136.610s] -- Installing: /home/jake_161/Lunabotics/ros2_ws/install/turtlesim/lib/python3.10/site-packages/turtlesim/srv/_spawn_s.c
[136.610s] -- Installing: /home/jake_161/Lunabotics/ros2_ws/install/turtlesim/lib/python3.10/site-packages/turtlesim/srv/_teleport_relative.py
[136.610s] -- Installing: /home/jake_161/Lunabotics/ros2_ws/install/turtlesim/lib/python3.10/site-packages/turtlesim/srv/_set_pen_s.c
[136.610s] -- Installing: /home/jake_161/Lunabotics/ros2_ws/install/turtlesim/lib/python3.10/site-packages/turtlesim/srv/_kill.py
[136.695s] Listing '/home/jake_161/Lunabotics/ros2_ws/install/turtlesim/lib/python3.10/site-packages/turtlesim'...
[136.696s] Compiling '/home/jake_161/Lunabotics/ros2_ws/install/turtlesim/lib/python3.10/site-packages/turtlesim/__init__.py'...
[136.696s] Listing '/home/jake_161/Lunabotics/ros2_ws/install/turtlesim/lib/python3.10/site-packages/turtlesim/action'...
[136.696s] Compiling '/home/jake_161/Lunabotics/ros2_ws/install/turtlesim/lib/python3.10/site-packages/turtlesim/action/__init__.py'...
[136.696s] Compiling '/home/jake_161/Lunabotics/ros2_ws/install/turtlesim/lib/python3.10/site-packages/turtlesim/action/_rotate_absolute.py'...
[136.696s] Listing '/home/jake_161/Lunabotics/ros2_ws/install/turtlesim/lib/python3.10/site-packages/turtlesim/msg'...
[136.696s] Compiling '/home/jake_161/Lunabotics/ros2_ws/install/turtlesim/lib/python3.10/site-packages/turtlesim/msg/__init__.py'...
[136.696s] Compiling '/home/jake_161/Lunabotics/ros2_ws/install/turtlesim/lib/python3.10/site-packages/turtlesim/msg/_color.py'...
[136.696s] Compiling '/home/jake_161/Lunabotics/ros2_ws/install/turtlesim/lib/python3.10/site-packages/turtlesim/msg/_pose.py'...
[136.696s] Listing '/home/jake_161/Lunabotics/ros2_ws/install/turtlesim/lib/python3.10/site-packages/turtlesim/srv'...
[136.696s] Compiling '/home/jake_161/Lunabotics/ros2_ws/install/turtlesim/lib/python3.10/site-packages/turtlesim/srv/__init__.py'...
[136.697s] Compiling '/home/jake_161/Lunabotics/ros2_ws/install/turtlesim/lib/python3.10/site-packages/turtlesim/srv/_kill.py'...
[136.697s] Compiling '/home/jake_161/Lunabotics/ros2_ws/install/turtlesim/lib/python3.10/site-packages/turtlesim/srv/_set_pen.py'...
[136.697s] Compiling '/home/jake_161/Lunabotics/ros2_ws/install/turtlesim/lib/python3.10/site-packages/turtlesim/srv/_spawn.py'...
[136.697s] Compiling '/home/jake_161/Lunabotics/ros2_ws/install/turtlesim/lib/python3.10/site-packages/turtlesim/srv/_teleport_absolute.py'...
[136.697s] Compiling '/home/jake_161/Lunabotics/ros2_ws/install/turtlesim/lib/python3.10/site-packages/turtlesim/srv/_teleport_relative.py'...
[136.702s] -- Installing: /home/jake_161/Lunabotics/ros2_ws/install/turtlesim/lib/python3.10/site-packages/turtlesim/turtlesim_s__rosidl_typesupport_fastrtps_c.cpython-310-x86_64-linux-gnu.so
[136.703s] -- Set runtime path of "/home/jake_161/Lunabotics/ros2_ws/install/turtlesim/lib/python3.10/site-packages/turtlesim/turtlesim_s__rosidl_typesupport_fastrtps_c.cpython-310-x86_64-linux-gnu.so" to ""
[136.703s] -- Installing: /home/jake_161/Lunabotics/ros2_ws/install/turtlesim/lib/python3.10/site-packages/turtlesim/turtlesim_s__rosidl_typesupport_introspection_c.cpython-310-x86_64-linux-gnu.so
[136.704s] -- Set runtime path of "/home/jake_161/Lunabotics/ros2_ws/install/turtlesim/lib/python3.10/site-packages/turtlesim/turtlesim_s__rosidl_typesupport_introspection_c.cpython-310-x86_64-linux-gnu.so" to ""
[136.705s] -- Installing: /home/jake_161/Lunabotics/ros2_ws/install/turtlesim/lib/python3.10/site-packages/turtlesim/turtlesim_s__rosidl_typesupport_c.cpython-310-x86_64-linux-gnu.so
[136.705s] -- Set runtime path of "/home/jake_161/Lunabotics/ros2_ws/install/turtlesim/lib/python3.10/site-packages/turtlesim/turtlesim_s__rosidl_typesupport_c.cpython-310-x86_64-linux-gnu.so" to ""
[136.705s] -- Installing: /home/jake_161/Lunabotics/ros2_ws/install/turtlesim/lib/libturtlesim__rosidl_generator_py.so
[136.706s] -- Set runtime path of "/home/jake_161/Lunabotics/ros2_ws/install/turtlesim/lib/libturtlesim__rosidl_generator_py.so" to ""
[136.706s] -- Installing: /home/jake_161/Lunabotics/ros2_ws/install/turtlesim/share/turtlesim/action/RotateAbsolute.idl
[136.707s] -- Installing: /home/jake_161/Lunabotics/ros2_ws/install/turtlesim/share/turtlesim/msg/Color.idl
[136.707s] -- Installing: /home/jake_161/Lunabotics/ros2_ws/install/turtlesim/share/turtlesim/msg/Pose.idl
[136.707s] -- Installing: /home/jake_161/Lunabotics/ros2_ws/install/turtlesim/share/turtlesim/srv/Kill.idl
[136.707s] -- Installing: /home/jake_161/Lunabotics/ros2_ws/install/turtlesim/share/turtlesim/srv/SetPen.idl
[136.708s] -- Installing: /home/jake_161/Lunabotics/ros2_ws/install/turtlesim/share/turtlesim/srv/Spawn.idl
[136.708s] -- Installing: /home/jake_161/Lunabotics/ros2_ws/install/turtlesim/share/turtlesim/srv/TeleportAbsolute.idl
[136.708s] -- Installing: /home/jake_161/Lunabotics/ros2_ws/install/turtlesim/share/turtlesim/srv/TeleportRelative.idl
[136.708s] -- Installing: /home/jake_161/Lunabotics/ros2_ws/install/turtlesim/share/turtlesim/action/RotateAbsolute.action
[136.709s] -- Installing: /home/jake_161/Lunabotics/ros2_ws/install/turtlesim/share/turtlesim/msg/Color.msg
[136.709s] -- Installing: /home/jake_161/Lunabotics/ros2_ws/install/turtlesim/share/turtlesim/msg/Pose.msg
[136.709s] -- Installing: /home/jake_161/Lunabotics/ros2_ws/install/turtlesim/share/turtlesim/srv/Kill.srv
[136.710s] -- Installing: /home/jake_161/Lunabotics/ros2_ws/install/turtlesim/share/turtlesim/srv/Kill_Request.msg
[136.710s] -- Installing: /home/jake_161/Lunabotics/ros2_ws/install/turtlesim/share/turtlesim/srv/Kill_Response.msg
[136.711s] -- Installing: /home/jake_161/Lunabotics/ros2_ws/install/turtlesim/share/turtlesim/srv/SetPen.srv
[136.711s] -- Installing: /home/jake_161/Lunabotics/ros2_ws/install/turtlesim/share/turtlesim/srv/SetPen_Request.msg
[136.711s] -- Installing: /home/jake_161/Lunabotics/ros2_ws/install/turtlesim/share/turtlesim/srv/SetPen_Response.msg
[136.711s] -- Installing: /home/jake_161/Lunabotics/ros2_ws/install/turtlesim/share/turtlesim/srv/Spawn.srv
[136.712s] -- Installing: /home/jake_161/Lunabotics/ros2_ws/install/turtlesim/share/turtlesim/srv/Spawn_Request.msg
[136.712s] -- Installing: /home/jake_161/Lunabotics/ros2_ws/install/turtlesim/share/turtlesim/srv/Spawn_Response.msg
[136.712s] -- Installing: /home/jake_161/Lunabotics/ros2_ws/install/turtlesim/share/turtlesim/srv/TeleportAbsolute.srv
[136.713s] -- Installing: /home/jake_161/Lunabotics/ros2_ws/install/turtlesim/share/turtlesim/srv/TeleportAbsolute_Request.msg
[136.713s] -- Installing: /home/jake_161/Lunabotics/ros2_ws/install/turtlesim/share/turtlesim/srv/TeleportAbsolute_Response.msg
[136.713s] -- Installing: /home/jake_161/Lunabotics/ros2_ws/install/turtlesim/share/turtlesim/srv/TeleportRelative.srv
[136.714s] -- Installing: /home/jake_161/Lunabotics/ros2_ws/install/turtlesim/share/turtlesim/srv/TeleportRelative_Request.msg
[136.714s] -- Installing: /home/jake_161/Lunabotics/ros2_ws/install/turtlesim/share/turtlesim/srv/TeleportRelative_Response.msg
[136.714s] -- Installing: /home/jake_161/Lunabotics/ros2_ws/install/turtlesim/lib/turtlesim/turtlesim_node
[136.737s] -- Set runtime path of "/home/jake_161/Lunabotics/ros2_ws/install/turtlesim/lib/turtlesim/turtlesim_node" to ""
[136.737s] -- Installing: /home/jake_161/Lunabotics/ros2_ws/install/turtlesim/lib/turtlesim/turtle_teleop_key
[136.741s] -- Set runtime path of "/home/jake_161/Lunabotics/ros2_ws/install/turtlesim/lib/turtlesim/turtle_teleop_key" to ""
[136.741s] -- Installing: /home/jake_161/Lunabotics/ros2_ws/install/turtlesim/lib/turtlesim/draw_square
[136.750s] -- Set runtime path of "/home/jake_161/Lunabotics/ros2_ws/install/turtlesim/lib/turtlesim/draw_square" to ""
[136.750s] -- Installing: /home/jake_161/Lunabotics/ros2_ws/install/turtlesim/lib/turtlesim/mimic
[136.758s] -- Set runtime path of "/home/jake_161/Lunabotics/ros2_ws/install/turtlesim/lib/turtlesim/mimic" to ""
[136.758s] -- Installing: /home/jake_161/Lunabotics/ros2_ws/install/turtlesim/share/turtlesim/images
[136.758s] -- Installing: /home/jake_161/Lunabotics/ros2_ws/install/turtlesim/share/turtlesim/images/bouncy.png
[136.758s] -- Installing: /home/jake_161/Lunabotics/ros2_ws/install/turtlesim/share/turtlesim/images/rolling.png
[136.759s] -- Installing: /home/jake_161/Lunabotics/ros2_ws/install/turtlesim/share/turtlesim/images/ardent.png
[136.759s] -- Installing: /home/jake_161/Lunabotics/ros2_ws/install/turtlesim/share/turtlesim/images/galactic.png
[136.759s] -- Installing: /home/jake_161/Lunabotics/ros2_ws/install/turtlesim/share/turtlesim/images/dashing.png
[136.759s] -- Installing: /home/jake_161/Lunabotics/ros2_ws/install/turtlesim/share/turtlesim/images/humble.png
[136.760s] -- Installing: /home/jake_161/Lunabotics/ros2_ws/install/turtlesim/share/turtlesim/images/foxy.png
[136.760s] -- Installing: /home/jake_161/Lunabotics/ros2_ws/install/turtlesim/share/turtlesim/images/crystal.png
[136.760s] -- Installing: /home/jake_161/Lunabotics/ros2_ws/install/turtlesim/share/turtlesim/images/eloquent.png
[136.760s] -- Installing: /home/jake_161/Lunabotics/ros2_ws/install/turtlesim/share/turtlesim/images/iron.png
[136.761s] -- Installing: /home/jake_161/Lunabotics/ros2_ws/install/turtlesim/share/turtlesim/launch
[136.761s] -- Installing: /home/jake_161/Lunabotics/ros2_ws/install/turtlesim/share/turtlesim/launch/multisim.launch.py
[136.761s] -- Installing: /home/jake_161/Lunabotics/ros2_ws/install/turtlesim/share/ament_index/resource_index/package_run_dependencies/turtlesim
[136.761s] -- Installing: /home/jake_161/Lunabotics/ros2_ws/install/turtlesim/share/ament_index/resource_index/parent_prefix_path/turtlesim
[136.762s] -- Installing: /home/jake_161/Lunabotics/ros2_ws/install/turtlesim/share/turtlesim/environment/ament_prefix_path.sh
[136.762s] -- Installing: /home/jake_161/Lunabotics/ros2_ws/install/turtlesim/share/turtlesim/environment/ament_prefix_path.dsv
[136.762s] -- Installing: /home/jake_161/Lunabotics/ros2_ws/install/turtlesim/share/turtlesim/environment/path.sh
[136.763s] -- Installing: /home/jake_161/Lunabotics/ros2_ws/install/turtlesim/share/turtlesim/environment/path.dsv
[136.763s] -- Installing: /home/jake_161/Lunabotics/ros2_ws/install/turtlesim/share/turtlesim/local_setup.bash
[136.763s] -- Installing: /home/jake_161/Lunabotics/ros2_ws/install/turtlesim/share/turtlesim/local_setup.sh
[136.763s] -- Installing: /home/jake_161/Lunabotics/ros2_ws/install/turtlesim/share/turtlesim/local_setup.zsh
[136.764s] -- Installing: /home/jake_161/Lunabotics/ros2_ws/install/turtlesim/share/turtlesim/local_setup.dsv
[136.764s] -- Installing: /home/jake_161/Lunabotics/ros2_ws/install/turtlesim/share/turtlesim/package.dsv
[136.764s] -- Installing: /home/jake_161/Lunabotics/ros2_ws/install/turtlesim/share/ament_index/resource_index/packages/turtlesim
[136.765s] -- Installing: /home/jake_161/Lunabotics/ros2_ws/install/turtlesim/share/turtlesim/cmake/export_turtlesim__rosidl_generator_cExport.cmake
[136.765s] -- Installing: /home/jake_161/Lunabotics/ros2_ws/install/turtlesim/share/turtlesim/cmake/export_turtlesim__rosidl_generator_cExport-noconfig.cmake
[136.765s] -- Installing: /home/jake_161/Lunabotics/ros2_ws/install/turtlesim/share/turtlesim/cmake/export_turtlesim__rosidl_typesupport_fastrtps_cExport.cmake
[136.765s] -- Installing: /home/jake_161/Lunabotics/ros2_ws/install/turtlesim/share/turtlesim/cmake/export_turtlesim__rosidl_typesupport_fastrtps_cExport-noconfig.cmake
[136.766s] -- Installing: /home/jake_161/Lunabotics/ros2_ws/install/turtlesim/share/turtlesim/cmake/export_turtlesim__rosidl_generator_cppExport.cmake
[136.766s] -- Installing: /home/jake_161/Lunabotics/ros2_ws/install/turtlesim/share/turtlesim/cmake/export_turtlesim__rosidl_typesupport_fastrtps_cppExport.cmake
[136.766s] -- Installing: /home/jake_161/Lunabotics/ros2_ws/install/turtlesim/share/turtlesim/cmake/export_turtlesim__rosidl_typesupport_fastrtps_cppExport-noconfig.cmake
[136.766s] -- Installing: /home/jake_161/Lunabotics/ros2_ws/install/turtlesim/share/turtlesim/cmake/turtlesim__rosidl_typesupport_introspection_cExport.cmake
[136.767s] -- Installing: /home/jake_161/Lunabotics/ros2_ws/install/turtlesim/share/turtlesim/cmake/turtlesim__rosidl_typesupport_introspection_cExport-noconfig.cmake
[136.767s] -- Installing: /home/jake_161/Lunabotics/ros2_ws/install/turtlesim/share/turtlesim/cmake/turtlesim__rosidl_typesupport_cExport.cmake
[136.767s] -- Installing: /home/jake_161/Lunabotics/ros2_ws/install/turtlesim/share/turtlesim/cmake/turtlesim__rosidl_typesupport_cExport-noconfig.cmake
[136.767s] -- Installing: /home/jake_161/Lunabotics/ros2_ws/install/turtlesim/share/turtlesim/cmake/turtlesim__rosidl_typesupport_introspection_cppExport.cmake
[136.768s] -- Installing: /home/jake_161/Lunabotics/ros2_ws/install/turtlesim/share/turtlesim/cmake/turtlesim__rosidl_typesupport_introspection_cppExport-noconfig.cmake
[136.768s] -- Installing: /home/jake_161/Lunabotics/ros2_ws/install/turtlesim/share/turtlesim/cmake/turtlesim__rosidl_typesupport_cppExport.cmake
[136.768s] -- Installing: /home/jake_161/Lunabotics/ros2_ws/install/turtlesim/share/turtlesim/cmake/turtlesim__rosidl_typesupport_cppExport-noconfig.cmake
[136.769s] -- Installing: /home/jake_161/Lunabotics/ros2_ws/install/turtlesim/share/turtlesim/cmake/export_turtlesim__rosidl_generator_pyExport.cmake
[136.769s] -- Installing: /home/jake_161/Lunabotics/ros2_ws/install/turtlesim/share/turtlesim/cmake/export_turtlesim__rosidl_generator_pyExport-noconfig.cmake
[136.769s] -- Installing: /home/jake_161/Lunabotics/ros2_ws/install/turtlesim/share/turtlesim/cmake/rosidl_cmake-extras.cmake
[136.770s] -- Installing: /home/jake_161/Lunabotics/ros2_ws/install/turtlesim/share/turtlesim/cmake/ament_cmake_export_dependencies-extras.cmake
[136.770s] -- Installing: /home/jake_161/Lunabotics/ros2_ws/install/turtlesim/share/turtlesim/cmake/ament_cmake_export_include_directories-extras.cmake
[136.770s] -- Installing: /home/jake_161/Lunabotics/ros2_ws/install/turtlesim/share/turtlesim/cmake/ament_cmake_export_libraries-extras.cmake
[136.770s] -- Installing: /home/jake_161/Lunabotics/ros2_ws/install/turtlesim/share/turtlesim/cmake/ament_cmake_export_targets-extras.cmake
[136.771s] -- Installing: /home/jake_161/Lunabotics/ros2_ws/install/turtlesim/share/turtlesim/cmake/rosidl_cmake_export_typesupport_targets-extras.cmake
[136.771s] -- Installing: /home/jake_161/Lunabotics/ros2_ws/install/turtlesim/share/turtlesim/cmake/rosidl_cmake_export_typesupport_libraries-extras.cmake
[136.771s] -- Installing: /home/jake_161/Lunabotics/ros2_ws/install/turtlesim/share/turtlesim/cmake/turtlesimConfig.cmake
[136.771s] -- Installing: /home/jake_161/Lunabotics/ros2_ws/install/turtlesim/share/turtlesim/cmake/turtlesimConfig-version.cmake
[136.771s] -- Installing: /home/jake_161/Lunabotics/ros2_ws/install/turtlesim/share/turtlesim/package.xml
[136.775s] Invoked command in '/home/jake_161/Lunabotics/ros2_ws/build/turtlesim' returned '0': CMAKE_PREFIX_PATH=/opt/ros/iron /usr/bin/cmake --install /home/jake_161/Lunabotics/ros2_ws/build/turtlesim
