[0.094s] Invoking command in '/home/jake_161/Lunabotics/ros2_ws/build/cpp_pubsub': CMAKE_PREFIX_PATH=/opt/ros/iron /usr/bin/cmake /home/jake_161/Lunabotics/ros2_ws/src/cpp_pubsub -DCMAKE_INSTALL_PREFIX=/home/jake_161/Lunabotics/ros2_ws/install/cpp_pubsub
[0.769s] -- The C compiler identification is GNU 11.4.0
[5.046s] -- The CXX compiler identification is GNU 11.4.0
[7.711s] -- Detecting C compiler ABI info
[8.529s] -- Detecting C compiler ABI info - done
[8.550s] -- Check for working C compiler: /usr/bin/cc - skipped
[8.551s] -- Detecting C compile features
[8.552s] -- Detecting C compile features - done
[8.558s] -- Detecting CXX compiler ABI info
[9.399s] -- Detecting CXX compiler ABI info - done
[9.410s] -- Check for working CXX compiler: /usr/bin/c++ - skipped
[9.411s] -- Detecting CXX compile features
[9.411s] -- Detecting CXX compile features - done
[9.414s] -- Found ament_cmake: 2.0.3 (/opt/ros/iron/share/ament_cmake/cmake)
[9.685s] -- Found Python3: /usr/bin/python3.10 (found version "3.10.12") found components: Interpreter 
[9.842s] -- Found rclcpp: 21.0.3 (/opt/ros/iron/share/rclcpp/cmake)
[10.668s] -- Found rosidl_generator_c: 4.0.1 (/opt/ros/iron/share/rosidl_generator_c/cmake)
[10.686s] -- Found rosidl_generator_cpp: 4.0.1 (/opt/ros/iron/share/rosidl_generator_cpp/cmake)
[10.715s] -- Using all available rosidl_typesupport_c: rosidl_typesupport_fastrtps_c;rosidl_typesupport_introspection_c
[10.748s] -- Using all available rosidl_typesupport_cpp: rosidl_typesupport_fastrtps_cpp;rosidl_typesupport_introspection_cpp
[11.111s] -- Found rmw_implementation_cmake: 7.1.0 (/opt/ros/iron/share/rmw_implementation_cmake/cmake)
[11.117s] -- Found rmw_fastrtps_cpp: 7.1.1 (/opt/ros/iron/share/rmw_fastrtps_cpp/cmake)
[23.093s] -- Found OpenSSL: /usr/lib/x86_64-linux-gnu/libcrypto.so (found version "3.0.2")  
[36.279s] -- Found FastRTPS: /opt/ros/iron/include  
[59.027s] -- Using RMW implementation 'rmw_fastrtps_cpp' as default
[59.505s] -- Found std_msgs: 5.0.0 (/opt/ros/iron/share/std_msgs/cmake)
[59.657s] -- Found ament_lint_auto: 0.14.2 (/opt/ros/iron/share/ament_lint_auto/cmake)
[59.796s] -- Added test 'cppcheck' to perform static code analysis on C / C++ code
[59.796s] -- Configured cppcheck include dirs: 
[59.796s] -- Configured cppcheck exclude dirs and/or files: 
[59.797s] -- Added test 'lint_cmake' to check CMake code style
[59.799s] -- Added test 'uncrustify' to check C / C++ code style
[59.799s] -- Configured uncrustify additional arguments: 
[59.800s] -- Added test 'xmllint' to check XML markup files
[59.804s] -- Configuring done
[59.843s] -- Generating done
[59.846s] -- Build files have been written to: /home/jake_161/Lunabotics/ros2_ws/build/cpp_pubsub
[59.869s] Invoked command in '/home/jake_161/Lunabotics/ros2_ws/build/cpp_pubsub' returned '0': CMAKE_PREFIX_PATH=/opt/ros/iron /usr/bin/cmake /home/jake_161/Lunabotics/ros2_ws/src/cpp_pubsub -DCMAKE_INSTALL_PREFIX=/home/jake_161/Lunabotics/ros2_ws/install/cpp_pubsub
[59.873s] Invoking command in '/home/jake_161/Lunabotics/ros2_ws/build/cpp_pubsub': CMAKE_PREFIX_PATH=/opt/ros/iron /usr/bin/cmake --build /home/jake_161/Lunabotics/ros2_ws/build/cpp_pubsub -- -j8 -l8
[59.970s] [ 50%] [32mBuilding CXX object CMakeFiles/listener.dir/src/subscriber_member_function.cpp.o[0m
[59.971s] [ 50%] [32mBuilding CXX object CMakeFiles/talker.dir/src/publisher_member_function.cpp.o[0m
[74.850s] [ 75%] [32m[1mLinking CXX executable talker[0m
[76.190s] [ 75%] Built target talker
[81.060s] [100%] [32m[1mLinking CXX executable listener[0m
[82.597s] [100%] Built target listener
[82.617s] Invoked command in '/home/jake_161/Lunabotics/ros2_ws/build/cpp_pubsub' returned '0': CMAKE_PREFIX_PATH=/opt/ros/iron /usr/bin/cmake --build /home/jake_161/Lunabotics/ros2_ws/build/cpp_pubsub -- -j8 -l8
[82.688s] Invoking command in '/home/jake_161/Lunabotics/ros2_ws/build/cpp_pubsub': CMAKE_PREFIX_PATH=/opt/ros/iron /usr/bin/cmake --install /home/jake_161/Lunabotics/ros2_ws/build/cpp_pubsub
[82.699s] -- Install configuration: ""
[82.701s] -- Installing: /home/jake_161/Lunabotics/ros2_ws/install/cpp_pubsub/lib/cpp_pubsub/talker
[82.704s] -- Set runtime path of "/home/jake_161/Lunabotics/ros2_ws/install/cpp_pubsub/lib/cpp_pubsub/talker" to ""
[82.704s] -- Installing: /home/jake_161/Lunabotics/ros2_ws/install/cpp_pubsub/lib/cpp_pubsub/listener
[82.712s] -- Set runtime path of "/home/jake_161/Lunabotics/ros2_ws/install/cpp_pubsub/lib/cpp_pubsub/listener" to ""
[82.713s] -- Installing: /home/jake_161/Lunabotics/ros2_ws/install/cpp_pubsub/share/ament_index/resource_index/package_run_dependencies/cpp_pubsub
[82.713s] -- Installing: /home/jake_161/Lunabotics/ros2_ws/install/cpp_pubsub/share/ament_index/resource_index/parent_prefix_path/cpp_pubsub
[82.714s] -- Installing: /home/jake_161/Lunabotics/ros2_ws/install/cpp_pubsub/share/cpp_pubsub/environment/ament_prefix_path.sh
[82.715s] -- Installing: /home/jake_161/Lunabotics/ros2_ws/install/cpp_pubsub/share/cpp_pubsub/environment/ament_prefix_path.dsv
[82.715s] -- Installing: /home/jake_161/Lunabotics/ros2_ws/install/cpp_pubsub/share/cpp_pubsub/environment/path.sh
[82.715s] -- Installing: /home/jake_161/Lunabotics/ros2_ws/install/cpp_pubsub/share/cpp_pubsub/environment/path.dsv
[82.716s] -- Installing: /home/jake_161/Lunabotics/ros2_ws/install/cpp_pubsub/share/cpp_pubsub/local_setup.bash
[82.716s] -- Installing: /home/jake_161/Lunabotics/ros2_ws/install/cpp_pubsub/share/cpp_pubsub/local_setup.sh
[82.717s] -- Installing: /home/jake_161/Lunabotics/ros2_ws/install/cpp_pubsub/share/cpp_pubsub/local_setup.zsh
[82.717s] -- Installing: /home/jake_161/Lunabotics/ros2_ws/install/cpp_pubsub/share/cpp_pubsub/local_setup.dsv
[82.717s] -- Installing: /home/jake_161/Lunabotics/ros2_ws/install/cpp_pubsub/share/cpp_pubsub/package.dsv
[82.718s] -- Installing: /home/jake_161/Lunabotics/ros2_ws/install/cpp_pubsub/share/ament_index/resource_index/packages/cpp_pubsub
[82.718s] -- Installing: /home/jake_161/Lunabotics/ros2_ws/install/cpp_pubsub/share/cpp_pubsub/cmake/cpp_pubsubConfig.cmake
[82.718s] -- Installing: /home/jake_161/Lunabotics/ros2_ws/install/cpp_pubsub/share/cpp_pubsub/cmake/cpp_pubsubConfig-version.cmake
[82.718s] -- Installing: /home/jake_161/Lunabotics/ros2_ws/install/cpp_pubsub/share/cpp_pubsub/package.xml
[82.721s] Invoked command in '/home/jake_161/Lunabotics/ros2_ws/build/cpp_pubsub' returned '0': CMAKE_PREFIX_PATH=/opt/ros/iron /usr/bin/cmake --install /home/jake_161/Lunabotics/ros2_ws/build/cpp_pubsub
