[0.697s] Invoking command in '/home/lunabotics/LunaboticsBurm/src/controller': PYTHONPATH=/home/lunabotics/LunaboticsBurm/src/build/controller/prefix_override:/home/lunabotics/LunaboticsBurm/src/install/controller/lib/python3.10/site-packages:${PYTHONPATH} /usr/bin/python3 -W ignore:setup.py install is deprecated setup.py egg_info --egg-base ../build/controller build --build-base /home/lunabotics/LunaboticsBurm/src/build/controller/build install --record /home/lunabotics/LunaboticsBurm/src/build/controller/install.log --single-version-externally-managed install_data
[0.956s] running egg_info
[0.957s] creating ../build/controller/controller.egg-info
[0.957s] writing ../build/controller/controller.egg-info/PKG-INFO
[0.957s] writing dependency_links to ../build/controller/controller.egg-info/dependency_links.txt
[0.958s] writing entry points to ../build/controller/controller.egg-info/entry_points.txt
[0.958s] writing requirements to ../build/controller/controller.egg-info/requires.txt
[0.958s] writing top-level names to ../build/controller/controller.egg-info/top_level.txt
[0.958s] writing manifest file '../build/controller/controller.egg-info/SOURCES.txt'
[0.960s] reading manifest file '../build/controller/controller.egg-info/SOURCES.txt'
[0.961s] adding license file 'LICENSE'
[0.961s] writing manifest file '../build/controller/controller.egg-info/SOURCES.txt'
[0.962s] running build
[0.962s] running build_py
[0.962s] creating /home/lunabotics/LunaboticsBurm/src/build/controller/build
[0.962s] creating /home/lunabotics/LunaboticsBurm/src/build/controller/build/lib
[0.962s] creating /home/lunabotics/LunaboticsBurm/src/build/controller/build/lib/controller
[0.963s] copying controller/__init__.py -> /home/lunabotics/LunaboticsBurm/src/build/controller/build/lib/controller
[0.963s] copying controller/controller.py -> /home/lunabotics/LunaboticsBurm/src/build/controller/build/lib/controller
[0.963s] running install
[0.963s] running install_lib
[0.964s] creating /home/lunabotics/LunaboticsBurm/src/install/controller/lib/python3.10/site-packages/controller
[0.964s] copying /home/lunabotics/LunaboticsBurm/src/build/controller/build/lib/controller/__init__.py -> /home/lunabotics/LunaboticsBurm/src/install/controller/lib/python3.10/site-packages/controller
[0.964s] copying /home/lunabotics/LunaboticsBurm/src/build/controller/build/lib/controller/controller.py -> /home/lunabotics/LunaboticsBurm/src/install/controller/lib/python3.10/site-packages/controller
[0.965s] byte-compiling /home/lunabotics/LunaboticsBurm/src/install/controller/lib/python3.10/site-packages/controller/__init__.py to __init__.cpython-310.pyc
[0.965s] byte-compiling /home/lunabotics/LunaboticsBurm/src/install/controller/lib/python3.10/site-packages/controller/controller.py to controller.cpython-310.pyc
[0.966s] running install_data
[0.966s] creating /home/lunabotics/LunaboticsBurm/src/install/controller/share/ament_index
[0.966s] creating /home/lunabotics/LunaboticsBurm/src/install/controller/share/ament_index/resource_index
[0.966s] creating /home/lunabotics/LunaboticsBurm/src/install/controller/share/ament_index/resource_index/packages
[0.967s] copying resource/controller -> /home/lunabotics/LunaboticsBurm/src/install/controller/share/ament_index/resource_index/packages
[0.967s] copying package.xml -> /home/lunabotics/LunaboticsBurm/src/install/controller/share/controller
[0.967s] running install_egg_info
[0.969s] Copying ../build/controller/controller.egg-info to /home/lunabotics/LunaboticsBurm/src/install/controller/lib/python3.10/site-packages/controller-0.0.0-py3.10.egg-info
[0.970s] running install_scripts
[0.993s] Installing controller script to /home/lunabotics/LunaboticsBurm/src/install/controller/lib/controller
[0.993s] writing list of installed files to '/home/lunabotics/LunaboticsBurm/src/build/controller/install.log'
[1.022s] Invoked command in '/home/lunabotics/LunaboticsBurm/src/controller' returned '0': PYTHONPATH=/home/lunabotics/LunaboticsBurm/src/build/controller/prefix_override:/home/lunabotics/LunaboticsBurm/src/install/controller/lib/python3.10/site-packages:${PYTHONPATH} /usr/bin/python3 -W ignore:setup.py install is deprecated setup.py egg_info --egg-base ../build/controller build --build-base /home/lunabotics/LunaboticsBurm/src/build/controller/build install --record /home/lunabotics/LunaboticsBurm/src/build/controller/install.log --single-version-externally-managed install_data
