[0.093s] Invoking command in '/home/jake_161/Lunabotics/ros2_ws/build/cpp_srvcli': CMAKE_PREFIX_PATH=/opt/ros/iron /usr/bin/cmake /home/jake_161/Lunabotics/ros2_ws/src/cpp_srvcli -DCMAKE_INSTALL_PREFIX=/home/jake_161/Lunabotics/ros2_ws/install/cpp_srvcli
[0.769s] -- The C compiler identification is GNU 11.4.0
[4.788s] -- The CXX compiler identification is GNU 11.4.0
[7.682s] -- Detecting C compiler ABI info
[8.400s] -- Detecting C compiler ABI info - done
[8.416s] -- Check for working C compiler: /usr/bin/cc - skipped
[8.417s] -- Detecting C compile features
[8.417s] -- Detecting C compile features - done
[8.423s] -- Detecting CXX compiler ABI info
[9.259s] -- Detecting CXX compiler ABI info - done
[9.280s] -- Check for working CXX compiler: /usr/bin/c++ - skipped
[9.280s] -- Detecting CXX compile features
[9.282s] -- Detecting CXX compile features - done
[9.289s] -- Found ament_cmake: 2.0.3 (/opt/ros/iron/share/ament_cmake/cmake)
[9.620s] -- Found Python3: /usr/bin/python3.10 (found version "3.10.12") found components: Interpreter 
[9.770s] -- Found rclcpp: 21.0.3 (/opt/ros/iron/share/rclcpp/cmake)
[10.827s] -- Found rosidl_generator_c: 4.0.1 (/opt/ros/iron/share/rosidl_generator_c/cmake)
[10.850s] -- Found rosidl_generator_cpp: 4.0.1 (/opt/ros/iron/share/rosidl_generator_cpp/cmake)
[10.886s] -- Using all available rosidl_typesupport_c: rosidl_typesupport_fastrtps_c;rosidl_typesupport_introspection_c
[10.931s] -- Using all available rosidl_typesupport_cpp: rosidl_typesupport_fastrtps_cpp;rosidl_typesupport_introspection_cpp
[11.291s] -- Found rmw_implementation_cmake: 7.1.0 (/opt/ros/iron/share/rmw_implementation_cmake/cmake)
[11.296s] -- Found rmw_fastrtps_cpp: 7.1.1 (/opt/ros/iron/share/rmw_fastrtps_cpp/cmake)
[22.961s] -- Found OpenSSL: /usr/lib/x86_64-linux-gnu/libcrypto.so (found version "3.0.2")  
[34.241s] -- Found FastRTPS: /opt/ros/iron/include  
[56.064s] -- Using RMW implementation 'rmw_fastrtps_cpp' as default
[56.528s] -- Found example_interfaces: 0.10.2 (/opt/ros/iron/share/example_interfaces/cmake)
[57.053s] -- Found ament_lint_auto: 0.14.2 (/opt/ros/iron/share/ament_lint_auto/cmake)
[57.235s] -- Added test 'cppcheck' to perform static code analysis on C / C++ code
[57.235s] -- Configured cppcheck include dirs: 
[57.236s] -- Configured cppcheck exclude dirs and/or files: 
[57.237s] -- Added test 'lint_cmake' to check CMake code style
[57.240s] -- Added test 'uncrustify' to check C / C++ code style
[57.241s] -- Configured uncrustify additional arguments: 
[57.242s] -- Added test 'xmllint' to check XML markup files
[57.246s] -- Configuring done
[57.283s] -- Generating done
[57.287s] -- Build files have been written to: /home/jake_161/Lunabotics/ros2_ws/build/cpp_srvcli
[57.306s] Invoked command in '/home/jake_161/Lunabotics/ros2_ws/build/cpp_srvcli' returned '0': CMAKE_PREFIX_PATH=/opt/ros/iron /usr/bin/cmake /home/jake_161/Lunabotics/ros2_ws/src/cpp_srvcli -DCMAKE_INSTALL_PREFIX=/home/jake_161/Lunabotics/ros2_ws/install/cpp_srvcli
[57.310s] Invoking command in '/home/jake_161/Lunabotics/ros2_ws/build/cpp_srvcli': CMAKE_PREFIX_PATH=/opt/ros/iron /usr/bin/cmake --build /home/jake_161/Lunabotics/ros2_ws/build/cpp_srvcli -- -j8 -l8
[57.384s] [ 25%] [32mBuilding CXX object CMakeFiles/server.dir/src/add_two_ints_server.cpp.o[0m
[57.385s] [ 50%] [32mBuilding CXX object CMakeFiles/client.dir/src/add_two_ints_client.cpp.o[0m
[68.590s] [ 75%] [32m[1mLinking CXX executable server[0m
[69.214s] [100%] [32m[1mLinking CXX executable client[0m
[69.911s] [100%] Built target server
[70.488s] [100%] Built target client
[70.502s] Invoked command in '/home/jake_161/Lunabotics/ros2_ws/build/cpp_srvcli' returned '0': CMAKE_PREFIX_PATH=/opt/ros/iron /usr/bin/cmake --build /home/jake_161/Lunabotics/ros2_ws/build/cpp_srvcli -- -j8 -l8
[70.559s] Invoking command in '/home/jake_161/Lunabotics/ros2_ws/build/cpp_srvcli': CMAKE_PREFIX_PATH=/opt/ros/iron /usr/bin/cmake --install /home/jake_161/Lunabotics/ros2_ws/build/cpp_srvcli
[70.568s] -- Install configuration: ""
[70.569s] -- Installing: /home/jake_161/Lunabotics/ros2_ws/install/cpp_srvcli/lib/cpp_srvcli/server
[70.570s] -- Set runtime path of "/home/jake_161/Lunabotics/ros2_ws/install/cpp_srvcli/lib/cpp_srvcli/server" to ""
[70.570s] -- Installing: /home/jake_161/Lunabotics/ros2_ws/install/cpp_srvcli/lib/cpp_srvcli/client
[70.572s] -- Set runtime path of "/home/jake_161/Lunabotics/ros2_ws/install/cpp_srvcli/lib/cpp_srvcli/client" to ""
[70.573s] -- Installing: /home/jake_161/Lunabotics/ros2_ws/install/cpp_srvcli/share/ament_index/resource_index/package_run_dependencies/cpp_srvcli
[70.574s] -- Installing: /home/jake_161/Lunabotics/ros2_ws/install/cpp_srvcli/share/ament_index/resource_index/parent_prefix_path/cpp_srvcli
[70.574s] -- Installing: /home/jake_161/Lunabotics/ros2_ws/install/cpp_srvcli/share/cpp_srvcli/environment/ament_prefix_path.sh
[70.574s] -- Installing: /home/jake_161/Lunabotics/ros2_ws/install/cpp_srvcli/share/cpp_srvcli/environment/ament_prefix_path.dsv
[70.575s] -- Installing: /home/jake_161/Lunabotics/ros2_ws/install/cpp_srvcli/share/cpp_srvcli/environment/path.sh
[70.575s] -- Installing: /home/jake_161/Lunabotics/ros2_ws/install/cpp_srvcli/share/cpp_srvcli/environment/path.dsv
[70.575s] -- Installing: /home/jake_161/Lunabotics/ros2_ws/install/cpp_srvcli/share/cpp_srvcli/local_setup.bash
[70.575s] -- Installing: /home/jake_161/Lunabotics/ros2_ws/install/cpp_srvcli/share/cpp_srvcli/local_setup.sh
[70.576s] -- Installing: /home/jake_161/Lunabotics/ros2_ws/install/cpp_srvcli/share/cpp_srvcli/local_setup.zsh
[70.576s] -- Installing: /home/jake_161/Lunabotics/ros2_ws/install/cpp_srvcli/share/cpp_srvcli/local_setup.dsv
[70.576s] -- Installing: /home/jake_161/Lunabotics/ros2_ws/install/cpp_srvcli/share/cpp_srvcli/package.dsv
[70.576s] -- Installing: /home/jake_161/Lunabotics/ros2_ws/install/cpp_srvcli/share/ament_index/resource_index/packages/cpp_srvcli
[70.577s] -- Installing: /home/jake_161/Lunabotics/ros2_ws/install/cpp_srvcli/share/cpp_srvcli/cmake/cpp_srvcliConfig.cmake
[70.577s] -- Installing: /home/jake_161/Lunabotics/ros2_ws/install/cpp_srvcli/share/cpp_srvcli/cmake/cpp_srvcliConfig-version.cmake
[70.577s] -- Installing: /home/jake_161/Lunabotics/ros2_ws/install/cpp_srvcli/share/cpp_srvcli/package.xml
[70.580s] Invoked command in '/home/jake_161/Lunabotics/ros2_ws/build/cpp_srvcli' returned '0': CMAKE_PREFIX_PATH=/opt/ros/iron /usr/bin/cmake --install /home/jake_161/Lunabotics/ros2_ws/build/cpp_srvcli
