[0.094s] Invoking command in '/home/jake_161/Lunabotics/ros2_ws/build/my_package': CMAKE_PREFIX_PATH=/opt/ros/iron /usr/bin/cmake --build /home/jake_161/Lunabotics/ros2_ws/build/my_package -- -j8 -l8
[0.161s] [35m[1mConsolidate compiler generated dependencies of target my_node[0m
[0.176s] [100%] Built target my_node
[0.190s] Invoked command in '/home/jake_161/Lunabotics/ros2_ws/build/my_package' returned '0': CMAKE_PREFIX_PATH=/opt/ros/iron /usr/bin/cmake --build /home/jake_161/Lunabotics/ros2_ws/build/my_package -- -j8 -l8
[0.244s] Invoking command in '/home/jake_161/Lunabotics/ros2_ws/build/my_package': CMAKE_PREFIX_PATH=/opt/ros/iron /usr/bin/cmake --install /home/jake_161/Lunabotics/ros2_ws/build/my_package
[0.253s] -- Install configuration: ""
[0.254s] -- Up-to-date: /home/jake_161/Lunabotics/ros2_ws/install/my_package/lib/my_package/my_node
[0.254s] -- Up-to-date: /home/jake_161/Lunabotics/ros2_ws/install/my_package/share/ament_index/resource_index/package_run_dependencies/my_package
[0.255s] -- Up-to-date: /home/jake_161/Lunabotics/ros2_ws/install/my_package/share/ament_index/resource_index/parent_prefix_path/my_package
[0.255s] -- Up-to-date: /home/jake_161/Lunabotics/ros2_ws/install/my_package/share/my_package/environment/ament_prefix_path.sh
[0.255s] -- Up-to-date: /home/jake_161/Lunabotics/ros2_ws/install/my_package/share/my_package/environment/ament_prefix_path.dsv
[0.256s] -- Up-to-date: /home/jake_161/Lunabotics/ros2_ws/install/my_package/share/my_package/environment/path.sh
[0.256s] -- Up-to-date: /home/jake_161/Lunabotics/ros2_ws/install/my_package/share/my_package/environment/path.dsv
[0.256s] -- Up-to-date: /home/jake_161/Lunabotics/ros2_ws/install/my_package/share/my_package/local_setup.bash
[0.257s] -- Up-to-date: /home/jake_161/Lunabotics/ros2_ws/install/my_package/share/my_package/local_setup.sh
[0.257s] -- Up-to-date: /home/jake_161/Lunabotics/ros2_ws/install/my_package/share/my_package/local_setup.zsh
[0.257s] -- Up-to-date: /home/jake_161/Lunabotics/ros2_ws/install/my_package/share/my_package/local_setup.dsv
[0.257s] -- Installing: /home/jake_161/Lunabotics/ros2_ws/install/my_package/share/my_package/package.dsv
[0.257s] -- Up-to-date: /home/jake_161/Lunabotics/ros2_ws/install/my_package/share/ament_index/resource_index/packages/my_package
[0.257s] -- Up-to-date: /home/jake_161/Lunabotics/ros2_ws/install/my_package/share/my_package/cmake/my_packageConfig.cmake
[0.257s] -- Up-to-date: /home/jake_161/Lunabotics/ros2_ws/install/my_package/share/my_package/cmake/my_packageConfig-version.cmake
[0.257s] -- Up-to-date: /home/jake_161/Lunabotics/ros2_ws/install/my_package/share/my_package/package.xml
[0.259s] Invoked command in '/home/jake_161/Lunabotics/ros2_ws/build/my_package' returned '0': CMAKE_PREFIX_PATH=/opt/ros/iron /usr/bin/cmake --install /home/jake_161/Lunabotics/ros2_ws/build/my_package
