[1.368s] Invoking command in '/home/jake_161/Lunabotics/ros2_ws/src/py_srvcli': PYTHONPATH=/home/jake_161/Lunabotics/ros2_ws/build/py_srvcli/prefix_override:/home/jake_161/Lunabotics/ros2_ws/install/py_srvcli/lib/python3.10/site-packages:${PYTHONPATH} /usr/bin/python3 setup.py egg_info --egg-base ../../build/py_srvcli build --build-base /home/jake_161/Lunabotics/ros2_ws/build/py_srvcli/build install --record /home/jake_161/Lunabotics/ros2_ws/build/py_srvcli/install.log --single-version-externally-managed
[1.776s] running egg_info
[1.777s] creating ../../build/py_srvcli/py_srvcli.egg-info
[1.777s] writing ../../build/py_srvcli/py_srvcli.egg-info/PKG-INFO
[1.778s] writing dependency_links to ../../build/py_srvcli/py_srvcli.egg-info/dependency_links.txt
[1.778s] writing entry points to ../../build/py_srvcli/py_srvcli.egg-info/entry_points.txt
[1.778s] writing requirements to ../../build/py_srvcli/py_srvcli.egg-info/requires.txt
[1.779s] writing top-level names to ../../build/py_srvcli/py_srvcli.egg-info/top_level.txt
[1.779s] writing manifest file '../../build/py_srvcli/py_srvcli.egg-info/SOURCES.txt'
[1.782s] reading manifest file '../../build/py_srvcli/py_srvcli.egg-info/SOURCES.txt'
[1.783s] writing manifest file '../../build/py_srvcli/py_srvcli.egg-info/SOURCES.txt'
[1.783s] running build
[1.784s] running build_py
[1.784s] creating /home/jake_161/Lunabotics/ros2_ws/build/py_srvcli/build
[1.784s] creating /home/jake_161/Lunabotics/ros2_ws/build/py_srvcli/build/lib
[1.785s] creating /home/jake_161/Lunabotics/ros2_ws/build/py_srvcli/build/lib/py_srvcli
[1.785s] copying py_srvcli/__init__.py -> /home/jake_161/Lunabotics/ros2_ws/build/py_srvcli/build/lib/py_srvcli
[1.785s] copying py_srvcli/client_member_function.py -> /home/jake_161/Lunabotics/ros2_ws/build/py_srvcli/build/lib/py_srvcli
[1.786s] copying py_srvcli/service_member_function.py -> /home/jake_161/Lunabotics/ros2_ws/build/py_srvcli/build/lib/py_srvcli
[1.786s] running install
[1.792s] /usr/lib/python3/dist-packages/setuptools/command/install.py:34: SetuptoolsDeprecationWarning: setup.py install is deprecated. Use build and pip and other standards-based tools.
[1.792s]   warnings.warn(
[1.793s] running install_lib
[1.794s] creating /home/jake_161/Lunabotics/ros2_ws/install/py_srvcli/lib/python3.10/site-packages/py_srvcli
[1.794s] copying /home/jake_161/Lunabotics/ros2_ws/build/py_srvcli/build/lib/py_srvcli/__init__.py -> /home/jake_161/Lunabotics/ros2_ws/install/py_srvcli/lib/python3.10/site-packages/py_srvcli
[1.795s] copying /home/jake_161/Lunabotics/ros2_ws/build/py_srvcli/build/lib/py_srvcli/client_member_function.py -> /home/jake_161/Lunabotics/ros2_ws/install/py_srvcli/lib/python3.10/site-packages/py_srvcli
[1.795s] copying /home/jake_161/Lunabotics/ros2_ws/build/py_srvcli/build/lib/py_srvcli/service_member_function.py -> /home/jake_161/Lunabotics/ros2_ws/install/py_srvcli/lib/python3.10/site-packages/py_srvcli
[1.795s] byte-compiling /home/jake_161/Lunabotics/ros2_ws/install/py_srvcli/lib/python3.10/site-packages/py_srvcli/__init__.py to __init__.cpython-310.pyc
[1.796s] byte-compiling /home/jake_161/Lunabotics/ros2_ws/install/py_srvcli/lib/python3.10/site-packages/py_srvcli/client_member_function.py to client_member_function.cpython-310.pyc
[1.797s] byte-compiling /home/jake_161/Lunabotics/ros2_ws/install/py_srvcli/lib/python3.10/site-packages/py_srvcli/service_member_function.py to service_member_function.cpython-310.pyc
[1.797s] running install_data
[1.798s] creating /home/jake_161/Lunabotics/ros2_ws/install/py_srvcli/share/ament_index
[1.798s] creating /home/jake_161/Lunabotics/ros2_ws/install/py_srvcli/share/ament_index/resource_index
[1.798s] creating /home/jake_161/Lunabotics/ros2_ws/install/py_srvcli/share/ament_index/resource_index/packages
[1.799s] copying resource/py_srvcli -> /home/jake_161/Lunabotics/ros2_ws/install/py_srvcli/share/ament_index/resource_index/packages
[1.799s] copying package.xml -> /home/jake_161/Lunabotics/ros2_ws/install/py_srvcli/share/py_srvcli
[1.799s] running install_egg_info
[1.801s] Copying ../../build/py_srvcli/py_srvcli.egg-info to /home/jake_161/Lunabotics/ros2_ws/install/py_srvcli/lib/python3.10/site-packages/py_srvcli-0.0.0-py3.10.egg-info
[1.803s] running install_scripts
[1.835s] Installing client script to /home/jake_161/Lunabotics/ros2_ws/install/py_srvcli/lib/py_srvcli
[1.836s] Installing service script to /home/jake_161/Lunabotics/ros2_ws/install/py_srvcli/lib/py_srvcli
[1.836s] writing list of installed files to '/home/jake_161/Lunabotics/ros2_ws/build/py_srvcli/install.log'
[1.875s] Invoked command in '/home/jake_161/Lunabotics/ros2_ws/src/py_srvcli' returned '0': PYTHONPATH=/home/jake_161/Lunabotics/ros2_ws/build/py_srvcli/prefix_override:/home/jake_161/Lunabotics/ros2_ws/install/py_srvcli/lib/python3.10/site-packages:${PYTHONPATH} /usr/bin/python3 setup.py egg_info --egg-base ../../build/py_srvcli build --build-base /home/jake_161/Lunabotics/ros2_ws/build/py_srvcli/build install --record /home/jake_161/Lunabotics/ros2_ws/build/py_srvcli/install.log --single-version-externally-managed
